{"C:\\Users\\ttagu\\Documents\\PlayBeacon-Repos\\mobile-app\\src\\components\\AnimalPickerModal.js": {"path":"C:\\Users\\ttagu\\Documents\\PlayBeacon-Repos\\mobile-app\\src\\components\\AnimalPickerModal.js","statementMap":{"0":{"start":{"line":29,"column":32},"end":{"line":29,"column":56}},"1":{"start":{"line":30,"column":21},"end":{"line":30,"column":23}},"2":{"start":{"line":31,"column":17},"end":{"line":31,"column":19}},"3":{"start":{"line":32,"column":16},"end":{"line":32,"column":17}},"4":{"start":{"line":33,"column":18},"end":{"line":33,"column":88}},"5":{"start":{"line":36,"column":22},"end":{"line":53,"column":1}},"6":{"start":{"line":61,"column":33},"end":{"line":61,"column":48}},"7":{"start":{"line":62,"column":30},"end":{"line":62,"column":45}},"8":{"start":{"line":63,"column":46},"end":{"line":63,"column":72}},"9":{"start":{"line":65,"column":26},"end":{"line":65,"column":46}},"10":{"start":{"line":67,"column":23},"end":{"line":70,"column":8}},"11":{"start":{"line":68,"column":4},"end":{"line":68,"column":32}},"12":{"start":{"line":69,"column":4},"end":{"line":69,"column":32}},"13":{"start":{"line":72,"column":21},"end":{"line":89,"column":41}},"14":{"start":{"line":73,"column":4},"end":{"line":73,"column":32}},"15":{"start":{"line":73,"column":25},"end":{"line":73,"column":32}},"16":{"start":{"line":75,"column":4},"end":{"line":75,"column":32}},"17":{"start":{"line":76,"column":4},"end":{"line":76,"column":20}},"18":{"start":{"line":78,"column":4},"end":{"line":88,"column":5}},"19":{"start":{"line":79,"column":6},"end":{"line":79,"column":52}},"20":{"start":{"line":80,"column":6},"end":{"line":80,"column":47}},"21":{"start":{"line":81,"column":6},"end":{"line":81,"column":31}},"22":{"start":{"line":82,"column":6},"end":{"line":82,"column":16}},"23":{"start":{"line":84,"column":6},"end":{"line":84,"column":62}},"24":{"start":{"line":85,"column":6},"end":{"line":85,"column":36}},"25":{"start":{"line":87,"column":6},"end":{"line":87,"column":23}},"26":{"start":{"line":91,"column":31},"end":{"line":106,"column":25}},"27":{"start":{"line":92,"column":4},"end":{"line":92,"column":32}},"28":{"start":{"line":93,"column":4},"end":{"line":93,"column":28}},"29":{"start":{"line":94,"column":4},"end":{"line":94,"column":20}},"30":{"start":{"line":96,"column":4},"end":{"line":105,"column":5}},"31":{"start":{"line":98,"column":6},"end":{"line":98,"column":44}},"32":{"start":{"line":99,"column":6},"end":{"line":99,"column":21}},"33":{"start":{"line":100,"column":6},"end":{"line":100,"column":16}},"34":{"start":{"line":102,"column":6},"end":{"line":102,"column":61}},"35":{"start":{"line":104,"column":6},"end":{"line":104,"column":23}},"36":{"start":{"line":108,"column":22},"end":{"line":112,"column":33}},"37":{"start":{"line":109,"column":4},"end":{"line":109,"column":40}},"38":{"start":{"line":110,"column":4},"end":{"line":110,"column":40}},"39":{"start":{"line":111,"column":4},"end":{"line":111,"column":14}},"40":{"start":{"line":114,"column":2},"end":{"line":225,"column":4}},"41":{"start":{"line":148,"column":35},"end":{"line":148,"column":63}},"42":{"start":{"line":149,"column":37},"end":{"line":149,"column":65}},"43":{"start":{"line":151,"column":16},"end":{"line":190,"column":18}},"44":{"start":{"line":159,"column":35},"end":{"line":159,"column":58}},"45":{"start":{"line":228,"column":15},"end":{"line":369,"column":2}}},"fnMap":{"0":{"name":"AnimalPickerModal","decl":{"start":{"line":55,"column":24},"end":{"line":55,"column":41}},"loc":{"start":{"line":60,"column":3},"end":{"line":226,"column":1}},"line":60},"1":{"name":"(anonymous_1)","decl":{"start":{"line":67,"column":35},"end":{"line":67,"column":36}},"loc":{"start":{"line":67,"column":49},"end":{"line":70,"column":3}},"line":67},"2":{"name":"(anonymous_2)","decl":{"start":{"line":72,"column":33},"end":{"line":72,"column":34}},"loc":{"start":{"line":72,"column":45},"end":{"line":89,"column":3}},"line":72},"3":{"name":"(anonymous_3)","decl":{"start":{"line":91,"column":43},"end":{"line":91,"column":44}},"loc":{"start":{"line":91,"column":55},"end":{"line":106,"column":3}},"line":91},"4":{"name":"(anonymous_4)","decl":{"start":{"line":108,"column":34},"end":{"line":108,"column":35}},"loc":{"start":{"line":108,"column":40},"end":{"line":112,"column":3}},"line":108},"5":{"name":"(anonymous_5)","decl":{"start":{"line":147,"column":35},"end":{"line":147,"column":36}},"loc":{"start":{"line":147,"column":47},"end":{"line":191,"column":15}},"line":147},"6":{"name":"(anonymous_6)","decl":{"start":{"line":159,"column":29},"end":{"line":159,"column":30}},"loc":{"start":{"line":159,"column":35},"end":{"line":159,"column":58}},"line":159}},"branchMap":{"0":{"loc":{"start":{"line":73,"column":4},"end":{"line":73,"column":32}},"type":"if","locations":[{"start":{"line":73,"column":4},"end":{"line":73,"column":32}},{"start":{},"end":{}}],"line":73},"1":{"loc":{"start":{"line":132,"column":9},"end":{"line":222,"column":9}},"type":"cond-expr","locations":[{"start":{"line":133,"column":10},"end":{"line":139,"column":17}},{"start":{"line":141,"column":10},"end":{"line":221,"column":13}}],"line":132},"2":{"loc":{"start":{"line":156,"column":22},"end":{"line":156,"column":61}},"type":"binary-expr","locations":[{"start":{"line":156,"column":22},"end":{"line":156,"column":32}},{"start":{"line":156,"column":36},"end":{"line":156,"column":61}}],"line":156},"3":{"loc":{"start":{"line":157,"column":37},"end":{"line":157,"column":84}},"type":"cond-expr","locations":[{"start":{"line":157,"column":50},"end":{"line":157,"column":68}},{"start":{"line":157,"column":71},"end":{"line":157,"column":84}}],"line":157},"4":{"loc":{"start":{"line":167,"column":23},"end":{"line":175,"column":23}},"type":"cond-expr","locations":[{"start":{"line":168,"column":24},"end":{"line":172,"column":26}},{"start":{"line":174,"column":24},"end":{"line":174,"column":84}}],"line":167},"5":{"loc":{"start":{"line":184,"column":21},"end":{"line":188,"column":21}},"type":"binary-expr","locations":[{"start":{"line":184,"column":21},"end":{"line":184,"column":31}},{"start":{"line":185,"column":22},"end":{"line":187,"column":29}}],"line":184},"6":{"loc":{"start":{"line":196,"column":15},"end":{"line":204,"column":15}},"type":"binary-expr","locations":[{"start":{"line":196,"column":15},"end":{"line":196,"column":31}},{"start":{"line":197,"column":16},"end":{"line":203,"column":35}}],"line":196},"7":{"loc":{"start":{"line":209,"column":18},"end":{"line":209,"column":103}},"type":"binary-expr","locations":[{"start":{"line":209,"column":19},"end":{"line":209,"column":34}},{"start":{"line":209,"column":38},"end":{"line":209,"column":73}},{"start":{"line":209,"column":78},"end":{"line":209,"column":103}}],"line":209},"8":{"loc":{"start":{"line":212,"column":26},"end":{"line":212,"column":90}},"type":"binary-expr","locations":[{"start":{"line":212,"column":26},"end":{"line":212,"column":32}},{"start":{"line":212,"column":36},"end":{"line":212,"column":51}},{"start":{"line":212,"column":55},"end":{"line":212,"column":90}}],"line":212},"9":{"loc":{"start":{"line":214,"column":17},"end":{"line":218,"column":17}},"type":"cond-expr","locations":[{"start":{"line":215,"column":18},"end":{"line":215,"column":67}},{"start":{"line":217,"column":18},"end":{"line":217,"column":65}}],"line":214}},"s":{"0":1,"1":1,"2":1,"3":1,"4":1,"5":1,"6":50,"7":50,"8":50,"9":50,"10":50,"11":10,"12":10,"13":50,"14":7,"15":0,"16":7,"17":7,"18":7,"19":7,"20":4,"21":4,"22":4,"23":2,"24":2,"25":6,"26":50,"27":2,"28":2,"29":2,"30":2,"31":2,"32":2,"33":2,"34":0,"35":2,"36":50,"37":0,"38":0,"39":0,"40":50,"41":144,"42":144,"43":144,"44":10,"45":1},"f":{"0":50,"1":10,"2":7,"3":2,"4":0,"5":144,"6":10},"b":{"0":[0,7],"1":[2,48],"2":[144,28],"3":[28,116],"4":[144,0],"5":[144,28],"6":[48,11],"7":[48,28,26],"8":[48,39,21],"9":[9,39]},"_coverageSchema":"1a1c01bbd47fc00a2c39e90264f33305004495a9","hash":"9937de879842857809df5f7a0f65cb7d2a62998c"}
,"C:\\Users\\ttagu\\Documents\\PlayBeacon-Repos\\mobile-app\\src\\components\\AnimatedDislikeButton.js": {"path":"C:\\Users\\ttagu\\Documents\\PlayBeacon-Repos\\mobile-app\\src\\components\\AnimatedDislikeButton.js","statementMap":{"0":{"start":{"line":14,"column":23},"end":{"line":14,"column":27}},"1":{"start":{"line":15,"column":0},"end":{"line":19,"column":1}},"2":{"start":{"line":16,"column":2},"end":{"line":16,"column":68}},"3":{"start":{"line":21,"column":30},"end":{"line":82,"column":1}},"4":{"start":{"line":27,"column":23},"end":{"line":27,"column":35}},"5":{"start":{"line":28,"column":40},"end":{"line":28,"column":55}},"6":{"start":{"line":30,"column":22},"end":{"line":42,"column":15}},"7":{"start":{"line":32,"column":4},"end":{"line":36,"column":5}},"8":{"start":{"line":33,"column":6},"end":{"line":33,"column":27}},"9":{"start":{"line":34,"column":6},"end":{"line":34,"column":35}},"10":{"start":{"line":35,"column":6},"end":{"line":35,"column":34}},"11":{"start":{"line":39,"column":4},"end":{"line":41,"column":5}},"12":{"start":{"line":40,"column":6},"end":{"line":40,"column":16}},"13":{"start":{"line":44,"column":32},"end":{"line":46,"column":8}},"14":{"start":{"line":45,"column":4},"end":{"line":45,"column":26}},"15":{"start":{"line":48,"column":21},"end":{"line":52,"column":3}},"16":{"start":{"line":54,"column":2},"end":{"line":81,"column":4}},"17":{"start":{"line":84,"column":15},"end":{"line":109,"column":2}}},"fnMap":{"0":{"name":"(anonymous_0)","decl":{"start":{"line":21,"column":30},"end":{"line":21,"column":31}},"loc":{"start":{"line":26,"column":6},"end":{"line":82,"column":1}},"line":26},"1":{"name":"(anonymous_1)","decl":{"start":{"line":30,"column":34},"end":{"line":30,"column":35}},"loc":{"start":{"line":30,"column":40},"end":{"line":42,"column":3}},"line":30},"2":{"name":"(anonymous_2)","decl":{"start":{"line":44,"column":44},"end":{"line":44,"column":45}},"loc":{"start":{"line":44,"column":50},"end":{"line":46,"column":3}},"line":44}},"branchMap":{"0":{"loc":{"start":{"line":23,"column":2},"end":{"line":23,"column":18}},"type":"default-arg","locations":[{"start":{"line":23,"column":13},"end":{"line":23,"column":18}}],"line":23},"1":{"loc":{"start":{"line":24,"column":2},"end":{"line":24,"column":11}},"type":"default-arg","locations":[{"start":{"line":24,"column":9},"end":{"line":24,"column":11}}],"line":24},"2":{"loc":{"start":{"line":25,"column":2},"end":{"line":25,"column":15}},"type":"default-arg","locations":[{"start":{"line":25,"column":13},"end":{"line":25,"column":15}}],"line":25},"3":{"loc":{"start":{"line":32,"column":4},"end":{"line":36,"column":5}},"type":"if","locations":[{"start":{"line":32,"column":4},"end":{"line":36,"column":5}},{"start":{},"end":{}}],"line":32},"4":{"loc":{"start":{"line":32,"column":8},"end":{"line":32,"column":48}},"type":"binary-expr","locations":[{"start":{"line":32,"column":8},"end":{"line":32,"column":28}},{"start":{"line":32,"column":32},"end":{"line":32,"column":48}}],"line":32},"5":{"loc":{"start":{"line":39,"column":4},"end":{"line":41,"column":5}},"type":"if","locations":[{"start":{"line":39,"column":4},"end":{"line":41,"column":5}},{"start":{},"end":{}}],"line":39},"6":{"loc":{"start":{"line":62,"column":7},"end":{"line":66,"column":7}},"type":"binary-expr","locations":[{"start":{"line":62,"column":7},"end":{"line":62,"column":19}},{"start":{"line":63,"column":8},"end":{"line":65,"column":15}}],"line":62},"7":{"loc":{"start":{"line":69,"column":7},"end":{"line":79,"column":7}},"type":"binary-expr","locations":[{"start":{"line":69,"column":7},"end":{"line":69,"column":23}},{"start":{"line":70,"column":8},"end":{"line":78,"column":10}}],"line":69},"8":{"loc":{"start":{"line":73,"column":36},"end":{"line":73,"column":65}},"type":"binary-expr","locations":[{"start":{"line":73,"column":36},"end":{"line":73,"column":48}},{"start":{"line":73,"column":52},"end":{"line":73,"column":65}}],"line":73}},"s":{"0":0,"1":0,"2":0,"3":0,"4":0,"5":0,"6":0,"7":0,"8":0,"9":0,"10":0,"11":0,"12":0,"13":0,"14":0,"15":0,"16":0,"17":0},"f":{"0":0,"1":0,"2":0},"b":{"0":[0],"1":[0],"2":[0],"3":[0,0],"4":[0,0],"5":[0,0],"6":[0,0],"7":[0,0],"8":[0,0]}}
,"C:\\Users\\ttagu\\Documents\\PlayBeacon-Repos\\mobile-app\\src\\components\\AnimatedLikeButton.js": {"path":"C:\\Users\\ttagu\\Documents\\PlayBeacon-Repos\\mobile-app\\src\\components\\AnimatedLikeButton.js","statementMap":{"0":{"start":{"line":14,"column":21},"end":{"line":14,"column":25}},"1":{"start":{"line":15,"column":0},"end":{"line":19,"column":1}},"2":{"start":{"line":16,"column":2},"end":{"line":16,"column":69}},"3":{"start":{"line":21,"column":27},"end":{"line":69,"column":1}},"4":{"start":{"line":27,"column":23},"end":{"line":27,"column":35}},"5":{"start":{"line":29,"column":22},"end":{"line":40,"column":15}},"6":{"start":{"line":31,"column":4},"end":{"line":34,"column":5}},"7":{"start":{"line":32,"column":6},"end":{"line":32,"column":35}},"8":{"start":{"line":33,"column":6},"end":{"line":33,"column":34}},"9":{"start":{"line":37,"column":4},"end":{"line":39,"column":5}},"10":{"start":{"line":38,"column":6},"end":{"line":38,"column":16}},"11":{"start":{"line":42,"column":21},"end":{"line":46,"column":3}},"12":{"start":{"line":48,"column":2},"end":{"line":68,"column":4}},"13":{"start":{"line":71,"column":15},"end":{"line":86,"column":2}}},"fnMap":{"0":{"name":"(anonymous_0)","decl":{"start":{"line":21,"column":27},"end":{"line":21,"column":28}},"loc":{"start":{"line":26,"column":6},"end":{"line":69,"column":1}},"line":26},"1":{"name":"(anonymous_1)","decl":{"start":{"line":29,"column":34},"end":{"line":29,"column":35}},"loc":{"start":{"line":29,"column":40},"end":{"line":40,"column":3}},"line":29}},"branchMap":{"0":{"loc":{"start":{"line":23,"column":2},"end":{"line":23,"column":18}},"type":"default-arg","locations":[{"start":{"line":23,"column":13},"end":{"line":23,"column":18}}],"line":23},"1":{"loc":{"start":{"line":24,"column":2},"end":{"line":24,"column":11}},"type":"default-arg","locations":[{"start":{"line":24,"column":9},"end":{"line":24,"column":11}}],"line":24},"2":{"loc":{"start":{"line":25,"column":2},"end":{"line":25,"column":15}},"type":"default-arg","locations":[{"start":{"line":25,"column":13},"end":{"line":25,"column":15}}],"line":25},"3":{"loc":{"start":{"line":31,"column":4},"end":{"line":34,"column":5}},"type":"if","locations":[{"start":{"line":31,"column":4},"end":{"line":34,"column":5}},{"start":{},"end":{}}],"line":31},"4":{"loc":{"start":{"line":31,"column":8},"end":{"line":31,"column":46}},"type":"binary-expr","locations":[{"start":{"line":31,"column":8},"end":{"line":31,"column":28}},{"start":{"line":31,"column":32},"end":{"line":31,"column":46}}],"line":31},"5":{"loc":{"start":{"line":37,"column":4},"end":{"line":39,"column":5}},"type":"if","locations":[{"start":{"line":37,"column":4},"end":{"line":39,"column":5}},{"start":{},"end":{}}],"line":37},"6":{"loc":{"start":{"line":55,"column":7},"end":{"line":66,"column":7}},"type":"cond-expr","locations":[{"start":{"line":56,"column":8},"end":{"line":63,"column":10}},{"start":{"line":65,"column":8},"end":{"line":65,"column":77}}],"line":55}},"s":{"0":0,"1":0,"2":0,"3":0,"4":0,"5":0,"6":0,"7":0,"8":0,"9":0,"10":0,"11":0,"12":0,"13":0},"f":{"0":0,"1":0},"b":{"0":[0],"1":[0],"2":[0],"3":[0,0],"4":[0,0],"5":[0,0],"6":[0,0]}}
,"C:\\Users\\ttagu\\Documents\\PlayBeacon-Repos\\mobile-app\\src\\components\\Bear.js": {"path":"C:\\Users\\ttagu\\Documents\\PlayBeacon-Repos\\mobile-app\\src\\components\\Bear.js","statementMap":{"0":{"start":{"line":30,"column":25},"end":{"line":48,"column":1}},"1":{"start":{"line":53,"column":27},"end":{"line":71,"column":1}},"2":{"start":{"line":76,"column":23},"end":{"line":84,"column":1}},"3":{"start":{"line":89,"column":25},"end":{"line":101,"column":1}},"4":{"start":{"line":106,"column":30},"end":{"line":110,"column":1}},"5":{"start":{"line":115,"column":23},"end":{"line":129,"column":1}},"6":{"start":{"line":135,"column":29},"end":{"line":139,"column":1}},"7":{"start":{"line":145,"column":32},"end":{"line":145,"column":37}},"8":{"start":{"line":146,"column":32},"end":{"line":146,"column":37}},"9":{"start":{"line":151,"column":27},"end":{"line":156,"column":1}},"10":{"start":{"line":187,"column":23},"end":{"line":187,"column":35}},"11":{"start":{"line":188,"column":42},"end":{"line":188,"column":57}},"12":{"start":{"line":189,"column":44},"end":{"line":189,"column":58}},"13":{"start":{"line":192,"column":24},"end":{"line":192,"column":36}},"14":{"start":{"line":193,"column":31},"end":{"line":193,"column":43}},"15":{"start":{"line":194,"column":28},"end":{"line":194,"column":40}},"16":{"start":{"line":195,"column":24},"end":{"line":195,"column":36}},"17":{"start":{"line":196,"column":26},"end":{"line":196,"column":44}},"18":{"start":{"line":199,"column":20},"end":{"line":199,"column":57}},"19":{"start":{"line":202,"column":29},"end":{"line":202,"column":41}},"20":{"start":{"line":205,"column":22},"end":{"line":205,"column":51}},"21":{"start":{"line":210,"column":25},"end":{"line":216,"column":20}},"22":{"start":{"line":211,"column":4},"end":{"line":211,"column":30}},"23":{"start":{"line":211,"column":23},"end":{"line":211,"column":30}},"24":{"start":{"line":212,"column":21},"end":{"line":212,"column":45}},"25":{"start":{"line":213,"column":4},"end":{"line":215,"column":5}},"26":{"start":{"line":214,"column":6},"end":{"line":214,"column":34}},"27":{"start":{"line":219,"column":2},"end":{"line":224,"column":36}},"28":{"start":{"line":220,"column":4},"end":{"line":222,"column":5}},"29":{"start":{"line":221,"column":6},"end":{"line":221,"column":34}},"30":{"start":{"line":223,"column":4},"end":{"line":223,"column":45}},"31":{"start":{"line":227,"column":26},"end":{"line":229,"column":19}},"32":{"start":{"line":228,"column":4},"end":{"line":228,"column":81}},"33":{"start":{"line":232,"column":21},"end":{"line":235,"column":25}},"34":{"start":{"line":233,"column":4},"end":{"line":233,"column":40}},"35":{"start":{"line":233,"column":28},"end":{"line":233,"column":40}},"36":{"start":{"line":234,"column":4},"end":{"line":234,"column":48}},"37":{"start":{"line":238,"column":2},"end":{"line":242,"column":14}},"38":{"start":{"line":239,"column":4},"end":{"line":239,"column":27}},"39":{"start":{"line":240,"column":4},"end":{"line":240,"column":27}},"40":{"start":{"line":241,"column":4},"end":{"line":241,"column":41}},"41":{"start":{"line":245,"column":2},"end":{"line":267,"column":47}},"42":{"start":{"line":246,"column":4},"end":{"line":248,"column":5}},"43":{"start":{"line":247,"column":6},"end":{"line":247,"column":13}},"44":{"start":{"line":250,"column":26},"end":{"line":258,"column":5}},"45":{"start":{"line":251,"column":20},"end":{"line":251,"column":47}},"46":{"start":{"line":252,"column":6},"end":{"line":257,"column":16}},"47":{"start":{"line":253,"column":8},"end":{"line":255,"column":9}},"48":{"start":{"line":254,"column":10},"end":{"line":254,"column":44}},"49":{"start":{"line":256,"column":8},"end":{"line":256,"column":24}},"50":{"start":{"line":260,"column":4},"end":{"line":260,"column":20}},"51":{"start":{"line":262,"column":4},"end":{"line":266,"column":6}},"52":{"start":{"line":263,"column":6},"end":{"line":265,"column":7}},"53":{"start":{"line":264,"column":8},"end":{"line":264,"column":44}},"54":{"start":{"line":270,"column":2},"end":{"line":295,"column":55}},"55":{"start":{"line":271,"column":4},"end":{"line":273,"column":5}},"56":{"start":{"line":272,"column":6},"end":{"line":272,"column":13}},"57":{"start":{"line":275,"column":33},"end":{"line":286,"column":5}},"58":{"start":{"line":276,"column":20},"end":{"line":276,"column":49}},"59":{"start":{"line":277,"column":6},"end":{"line":285,"column":16}},"60":{"start":{"line":278,"column":8},"end":{"line":283,"column":9}},"61":{"start":{"line":279,"column":33},"end":{"line":281,"column":11}},"62":{"start":{"line":282,"column":10},"end":{"line":282,"column":43}},"63":{"start":{"line":284,"column":8},"end":{"line":284,"column":31}},"64":{"start":{"line":288,"column":4},"end":{"line":288,"column":27}},"65":{"start":{"line":290,"column":4},"end":{"line":294,"column":6}},"66":{"start":{"line":291,"column":6},"end":{"line":293,"column":7}},"67":{"start":{"line":292,"column":8},"end":{"line":292,"column":51}},"68":{"start":{"line":298,"column":2},"end":{"line":323,"column":48}},"69":{"start":{"line":299,"column":4},"end":{"line":301,"column":5}},"70":{"start":{"line":300,"column":6},"end":{"line":300,"column":13}},"71":{"start":{"line":303,"column":30},"end":{"line":314,"column":5}},"72":{"start":{"line":304,"column":20},"end":{"line":304,"column":113}},"73":{"start":{"line":305,"column":6},"end":{"line":313,"column":16}},"74":{"start":{"line":306,"column":8},"end":{"line":311,"column":9}},"75":{"start":{"line":307,"column":30},"end":{"line":309,"column":11}},"76":{"start":{"line":310,"column":10},"end":{"line":310,"column":41}},"77":{"start":{"line":312,"column":8},"end":{"line":312,"column":28}},"78":{"start":{"line":316,"column":4},"end":{"line":316,"column":24}},"79":{"start":{"line":318,"column":4},"end":{"line":322,"column":6}},"80":{"start":{"line":319,"column":6},"end":{"line":321,"column":7}},"81":{"start":{"line":320,"column":8},"end":{"line":320,"column":48}},"82":{"start":{"line":326,"column":2},"end":{"line":345,"column":35}},"83":{"start":{"line":327,"column":4},"end":{"line":329,"column":5}},"84":{"start":{"line":328,"column":6},"end":{"line":328,"column":13}},"85":{"start":{"line":331,"column":23},"end":{"line":336,"column":5}},"86":{"start":{"line":332,"column":22},"end":{"line":332,"column":67}},"87":{"start":{"line":333,"column":6},"end":{"line":335,"column":7}},"88":{"start":{"line":334,"column":8},"end":{"line":334,"column":42}},"89":{"start":{"line":338,"column":4},"end":{"line":338,"column":58}},"90":{"start":{"line":340,"column":4},"end":{"line":344,"column":6}},"91":{"start":{"line":341,"column":6},"end":{"line":343,"column":7}},"92":{"start":{"line":342,"column":8},"end":{"line":342,"column":45}},"93":{"start":{"line":348,"column":32},"end":{"line":355,"column":21}},"94":{"start":{"line":349,"column":4},"end":{"line":349,"column":28}},"95":{"start":{"line":349,"column":21},"end":{"line":349,"column":28}},"96":{"start":{"line":352,"column":4},"end":{"line":354,"column":5}},"97":{"start":{"line":353,"column":6},"end":{"line":353,"column":29}},"98":{"start":{"line":358,"column":22},"end":{"line":378,"column":55}},"99":{"start":{"line":359,"column":4},"end":{"line":359,"column":41}},"100":{"start":{"line":362,"column":4},"end":{"line":369,"column":5}},"101":{"start":{"line":363,"column":6},"end":{"line":363,"column":29}},"102":{"start":{"line":365,"column":6},"end":{"line":367,"column":7}},"103":{"start":{"line":366,"column":8},"end":{"line":366,"column":43}},"104":{"start":{"line":368,"column":6},"end":{"line":368,"column":13}},"105":{"start":{"line":371,"column":4},"end":{"line":377,"column":5}},"106":{"start":{"line":372,"column":6},"end":{"line":372,"column":16}},"107":{"start":{"line":373,"column":11},"end":{"line":377,"column":5}},"108":{"start":{"line":375,"column":6},"end":{"line":375,"column":42}},"109":{"start":{"line":381,"column":2},"end":{"line":388,"column":9}},"110":{"start":{"line":382,"column":4},"end":{"line":387,"column":15}},"111":{"start":{"line":390,"column":2},"end":{"line":392,"column":3}},"112":{"start":{"line":391,"column":4},"end":{"line":391,"column":87}},"113":{"start":{"line":395,"column":4},"end":{"line":411,"column":20}},"114":{"start":{"line":414,"column":2},"end":{"line":420,"column":3}},"115":{"start":{"line":415,"column":4},"end":{"line":419,"column":6}},"116":{"start":{"line":422,"column":2},"end":{"line":422,"column":17}},"117":{"start":{"line":433,"column":17},"end":{"line":433,"column":36}},"118":{"start":{"line":435,"column":24},"end":{"line":470,"column":32}},"119":{"start":{"line":436,"column":17},"end":{"line":436,"column":72}},"120":{"start":{"line":438,"column":4},"end":{"line":469,"column":5}},"121":{"start":{"line":440,"column":8},"end":{"line":444,"column":10}},"122":{"start":{"line":446,"column":8},"end":{"line":450,"column":10}},"123":{"start":{"line":452,"column":8},"end":{"line":456,"column":10}},"124":{"start":{"line":458,"column":8},"end":{"line":462,"column":10}},"125":{"start":{"line":464,"column":8},"end":{"line":468,"column":10}},"126":{"start":{"line":472,"column":2},"end":{"line":476,"column":4}},"127":{"start":{"line":483,"column":28},"end":{"line":483,"column":50}},"128":{"start":{"line":486,"column":22},"end":{"line":495,"column":28}},"129":{"start":{"line":487,"column":21},"end":{"line":487,"column":38}},"130":{"start":{"line":488,"column":4},"end":{"line":494,"column":5}},"131":{"start":{"line":489,"column":6},"end":{"line":489,"column":25}},"132":{"start":{"line":491,"column":6},"end":{"line":493,"column":7}},"133":{"start":{"line":492,"column":8},"end":{"line":492,"column":55}},"134":{"start":{"line":492,"column":25},"end":{"line":492,"column":47}},"135":{"start":{"line":497,"column":2},"end":{"line":497,"column":43}},"136":{"start":{"line":500,"column":15},"end":{"line":511,"column":2}}},"fnMap":{"0":{"name":"Bear","decl":{"start":{"line":174,"column":24},"end":{"line":174,"column":28}},"loc":{"start":{"line":186,"column":3},"end":{"line":423,"column":1}},"line":186},"1":{"name":"(anonymous_1)","decl":{"start":{"line":210,"column":37},"end":{"line":210,"column":38}},"loc":{"start":{"line":210,"column":51},"end":{"line":216,"column":3}},"line":210},"2":{"name":"(anonymous_2)","decl":{"start":{"line":219,"column":12},"end":{"line":219,"column":13}},"loc":{"start":{"line":219,"column":18},"end":{"line":224,"column":3}},"line":219},"3":{"name":"(anonymous_3)","decl":{"start":{"line":227,"column":34},"end":{"line":227,"column":35}},"loc":{"start":{"line":227,"column":40},"end":{"line":229,"column":3}},"line":227},"4":{"name":"(anonymous_4)","decl":{"start":{"line":232,"column":29},"end":{"line":232,"column":30}},"loc":{"start":{"line":232,"column":35},"end":{"line":235,"column":3}},"line":232},"5":{"name":"(anonymous_5)","decl":{"start":{"line":238,"column":12},"end":{"line":238,"column":13}},"loc":{"start":{"line":238,"column":18},"end":{"line":242,"column":3}},"line":238},"6":{"name":"(anonymous_6)","decl":{"start":{"line":245,"column":12},"end":{"line":245,"column":13}},"loc":{"start":{"line":245,"column":18},"end":{"line":267,"column":3}},"line":245},"7":{"name":"(anonymous_7)","decl":{"start":{"line":250,"column":26},"end":{"line":250,"column":27}},"loc":{"start":{"line":250,"column":32},"end":{"line":258,"column":5}},"line":250},"8":{"name":"(anonymous_8)","decl":{"start":{"line":252,"column":41},"end":{"line":252,"column":42}},"loc":{"start":{"line":252,"column":47},"end":{"line":257,"column":7}},"line":252},"9":{"name":"(anonymous_9)","decl":{"start":{"line":262,"column":11},"end":{"line":262,"column":12}},"loc":{"start":{"line":262,"column":17},"end":{"line":266,"column":5}},"line":262},"10":{"name":"(anonymous_10)","decl":{"start":{"line":270,"column":12},"end":{"line":270,"column":13}},"loc":{"start":{"line":270,"column":18},"end":{"line":295,"column":3}},"line":270},"11":{"name":"(anonymous_11)","decl":{"start":{"line":275,"column":33},"end":{"line":275,"column":34}},"loc":{"start":{"line":275,"column":39},"end":{"line":286,"column":5}},"line":275},"12":{"name":"(anonymous_12)","decl":{"start":{"line":277,"column":48},"end":{"line":277,"column":49}},"loc":{"start":{"line":277,"column":54},"end":{"line":285,"column":7}},"line":277},"13":{"name":"(anonymous_13)","decl":{"start":{"line":290,"column":11},"end":{"line":290,"column":12}},"loc":{"start":{"line":290,"column":17},"end":{"line":294,"column":5}},"line":290},"14":{"name":"(anonymous_14)","decl":{"start":{"line":298,"column":12},"end":{"line":298,"column":13}},"loc":{"start":{"line":298,"column":18},"end":{"line":323,"column":3}},"line":298},"15":{"name":"(anonymous_15)","decl":{"start":{"line":303,"column":30},"end":{"line":303,"column":31}},"loc":{"start":{"line":303,"column":36},"end":{"line":314,"column":5}},"line":303},"16":{"name":"(anonymous_16)","decl":{"start":{"line":305,"column":45},"end":{"line":305,"column":46}},"loc":{"start":{"line":305,"column":51},"end":{"line":313,"column":7}},"line":305},"17":{"name":"(anonymous_17)","decl":{"start":{"line":318,"column":11},"end":{"line":318,"column":12}},"loc":{"start":{"line":318,"column":17},"end":{"line":322,"column":5}},"line":318},"18":{"name":"(anonymous_18)","decl":{"start":{"line":326,"column":12},"end":{"line":326,"column":13}},"loc":{"start":{"line":326,"column":18},"end":{"line":345,"column":3}},"line":326},"19":{"name":"(anonymous_19)","decl":{"start":{"line":331,"column":23},"end":{"line":331,"column":24}},"loc":{"start":{"line":331,"column":29},"end":{"line":336,"column":5}},"line":331},"20":{"name":"(anonymous_20)","decl":{"start":{"line":340,"column":11},"end":{"line":340,"column":12}},"loc":{"start":{"line":340,"column":17},"end":{"line":344,"column":5}},"line":340},"21":{"name":"(anonymous_21)","decl":{"start":{"line":348,"column":44},"end":{"line":348,"column":45}},"loc":{"start":{"line":348,"column":61},"end":{"line":355,"column":3}},"line":348},"22":{"name":"(anonymous_22)","decl":{"start":{"line":358,"column":34},"end":{"line":358,"column":35}},"loc":{"start":{"line":358,"column":40},"end":{"line":378,"column":3}},"line":358},"23":{"name":"(anonymous_23)","decl":{"start":{"line":381,"column":12},"end":{"line":381,"column":13}},"loc":{"start":{"line":381,"column":18},"end":{"line":388,"column":3}},"line":381},"24":{"name":"BearPositioned","decl":{"start":{"line":428,"column":16},"end":{"line":428,"column":30}},"loc":{"start":{"line":432,"column":3},"end":{"line":477,"column":1}},"line":432},"25":{"name":"(anonymous_25)","decl":{"start":{"line":435,"column":32},"end":{"line":435,"column":33}},"loc":{"start":{"line":435,"column":38},"end":{"line":470,"column":3}},"line":435},"26":{"name":"BearReactive","decl":{"start":{"line":482,"column":16},"end":{"line":482,"column":28}},"loc":{"start":{"line":482,"column":87},"end":{"line":498,"column":1}},"line":482},"27":{"name":"(anonymous_27)","decl":{"start":{"line":486,"column":34},"end":{"line":486,"column":35}},"loc":{"start":{"line":486,"column":49},"end":{"line":495,"column":3}},"line":486},"28":{"name":"(anonymous_28)","decl":{"start":{"line":492,"column":19},"end":{"line":492,"column":20}},"loc":{"start":{"line":492,"column":25},"end":{"line":492,"column":47}},"line":492}},"branchMap":{"0":{"loc":{"start":{"line":175,"column":2},"end":{"line":175,"column":24}},"type":"default-arg","locations":[{"start":{"line":175,"column":10},"end":{"line":175,"column":24}}],"line":175},"1":{"loc":{"start":{"line":176,"column":2},"end":{"line":176,"column":12}},"type":"default-arg","locations":[{"start":{"line":176,"column":9},"end":{"line":176,"column":12}}],"line":176},"2":{"loc":{"start":{"line":178,"column":2},"end":{"line":178,"column":18}},"type":"default-arg","locations":[{"start":{"line":178,"column":14},"end":{"line":178,"column":18}}],"line":178},"3":{"loc":{"start":{"line":179,"column":2},"end":{"line":179,"column":26}},"type":"default-arg","locations":[{"start":{"line":179,"column":22},"end":{"line":179,"column":26}}],"line":179},"4":{"loc":{"start":{"line":180,"column":2},"end":{"line":180,"column":18}},"type":"default-arg","locations":[{"start":{"line":180,"column":17},"end":{"line":180,"column":18}}],"line":180},"5":{"loc":{"start":{"line":183,"column":2},"end":{"line":183,"column":20}},"type":"default-arg","locations":[{"start":{"line":183,"column":16},"end":{"line":183,"column":20}}],"line":183},"6":{"loc":{"start":{"line":184,"column":2},"end":{"line":184,"column":16}},"type":"default-arg","locations":[{"start":{"line":184,"column":12},"end":{"line":184,"column":16}}],"line":184},"7":{"loc":{"start":{"line":185,"column":2},"end":{"line":185,"column":21}},"type":"default-arg","locations":[{"start":{"line":185,"column":17},"end":{"line":185,"column":21}}],"line":185},"8":{"loc":{"start":{"line":205,"column":22},"end":{"line":205,"column":51}},"type":"binary-expr","locations":[{"start":{"line":205,"column":22},"end":{"line":205,"column":35}},{"start":{"line":205,"column":39},"end":{"line":205,"column":51}}],"line":205},"9":{"loc":{"start":{"line":211,"column":4},"end":{"line":211,"column":30}},"type":"if","locations":[{"start":{"line":211,"column":4},"end":{"line":211,"column":30}},{"start":{},"end":{}}],"line":211},"10":{"loc":{"start":{"line":213,"column":4},"end":{"line":215,"column":5}},"type":"if","locations":[{"start":{"line":213,"column":4},"end":{"line":215,"column":5}},{"start":{},"end":{}}],"line":213},"11":{"loc":{"start":{"line":220,"column":4},"end":{"line":222,"column":5}},"type":"if","locations":[{"start":{"line":220,"column":4},"end":{"line":222,"column":5}},{"start":{},"end":{}}],"line":220},"12":{"loc":{"start":{"line":220,"column":8},"end":{"line":220,"column":119}},"type":"binary-expr","locations":[{"start":{"line":220,"column":8},"end":{"line":220,"column":50}},{"start":{"line":220,"column":54},"end":{"line":220,"column":84}},{"start":{"line":220,"column":88},"end":{"line":220,"column":119}}],"line":220},"13":{"loc":{"start":{"line":228,"column":11},"end":{"line":228,"column":80}},"type":"binary-expr","locations":[{"start":{"line":228,"column":11},"end":{"line":228,"column":42}},{"start":{"line":228,"column":46},"end":{"line":228,"column":80}}],"line":228},"14":{"loc":{"start":{"line":233,"column":4},"end":{"line":233,"column":40}},"type":"if","locations":[{"start":{"line":233,"column":4},"end":{"line":233,"column":40}},{"start":{},"end":{}}],"line":233},"15":{"loc":{"start":{"line":246,"column":4},"end":{"line":248,"column":5}},"type":"if","locations":[{"start":{"line":246,"column":4},"end":{"line":248,"column":5}},{"start":{},"end":{}}],"line":246},"16":{"loc":{"start":{"line":246,"column":8},"end":{"line":246,"column":53}},"type":"binary-expr","locations":[{"start":{"line":246,"column":8},"end":{"line":246,"column":18}},{"start":{"line":246,"column":22},"end":{"line":246,"column":53}}],"line":246},"17":{"loc":{"start":{"line":253,"column":8},"end":{"line":255,"column":9}},"type":"if","locations":[{"start":{"line":253,"column":8},"end":{"line":255,"column":9}},{"start":{},"end":{}}],"line":253},"18":{"loc":{"start":{"line":253,"column":12},"end":{"line":253,"column":61}},"type":"binary-expr","locations":[{"start":{"line":253,"column":12},"end":{"line":253,"column":43}},{"start":{"line":253,"column":47},"end":{"line":253,"column":61}}],"line":253},"19":{"loc":{"start":{"line":263,"column":6},"end":{"line":265,"column":7}},"type":"if","locations":[{"start":{"line":263,"column":6},"end":{"line":265,"column":7}},{"start":{},"end":{}}],"line":263},"20":{"loc":{"start":{"line":271,"column":4},"end":{"line":273,"column":5}},"type":"if","locations":[{"start":{"line":271,"column":4},"end":{"line":273,"column":5}},{"start":{},"end":{}}],"line":271},"21":{"loc":{"start":{"line":271,"column":8},"end":{"line":271,"column":61}},"type":"binary-expr","locations":[{"start":{"line":271,"column":8},"end":{"line":271,"column":26}},{"start":{"line":271,"column":30},"end":{"line":271,"column":61}}],"line":271},"22":{"loc":{"start":{"line":278,"column":8},"end":{"line":283,"column":9}},"type":"if","locations":[{"start":{"line":278,"column":8},"end":{"line":283,"column":9}},{"start":{},"end":{}}],"line":278},"23":{"loc":{"start":{"line":278,"column":12},"end":{"line":278,"column":61}},"type":"binary-expr","locations":[{"start":{"line":278,"column":12},"end":{"line":278,"column":43}},{"start":{"line":278,"column":47},"end":{"line":278,"column":61}}],"line":278},"24":{"loc":{"start":{"line":291,"column":6},"end":{"line":293,"column":7}},"type":"if","locations":[{"start":{"line":291,"column":6},"end":{"line":293,"column":7}},{"start":{},"end":{}}],"line":291},"25":{"loc":{"start":{"line":299,"column":4},"end":{"line":301,"column":5}},"type":"if","locations":[{"start":{"line":299,"column":4},"end":{"line":301,"column":5}},{"start":{},"end":{}}],"line":299},"26":{"loc":{"start":{"line":299,"column":8},"end":{"line":299,"column":91}},"type":"binary-expr","locations":[{"start":{"line":299,"column":8},"end":{"line":299,"column":21}},{"start":{"line":299,"column":25},"end":{"line":299,"column":56}},{"start":{"line":299,"column":60},"end":{"line":299,"column":91}}],"line":299},"27":{"loc":{"start":{"line":306,"column":8},"end":{"line":311,"column":9}},"type":"if","locations":[{"start":{"line":306,"column":8},"end":{"line":311,"column":9}},{"start":{},"end":{}}],"line":306},"28":{"loc":{"start":{"line":306,"column":12},"end":{"line":306,"column":78}},"type":"binary-expr","locations":[{"start":{"line":306,"column":12},"end":{"line":306,"column":43}},{"start":{"line":306,"column":47},"end":{"line":306,"column":78}}],"line":306},"29":{"loc":{"start":{"line":319,"column":6},"end":{"line":321,"column":7}},"type":"if","locations":[{"start":{"line":319,"column":6},"end":{"line":321,"column":7}},{"start":{},"end":{}}],"line":319},"30":{"loc":{"start":{"line":327,"column":4},"end":{"line":329,"column":5}},"type":"if","locations":[{"start":{"line":327,"column":4},"end":{"line":329,"column":5}},{"start":{},"end":{}}],"line":327},"31":{"loc":{"start":{"line":327,"column":8},"end":{"line":327,"column":61}},"type":"binary-expr","locations":[{"start":{"line":327,"column":8},"end":{"line":327,"column":25}},{"start":{"line":327,"column":29},"end":{"line":327,"column":61}}],"line":327},"32":{"loc":{"start":{"line":333,"column":6},"end":{"line":335,"column":7}},"type":"if","locations":[{"start":{"line":333,"column":6},"end":{"line":335,"column":7}},{"start":{},"end":{}}],"line":333},"33":{"loc":{"start":{"line":333,"column":10},"end":{"line":333,"column":68}},"type":"binary-expr","locations":[{"start":{"line":333,"column":10},"end":{"line":333,"column":33}},{"start":{"line":333,"column":37},"end":{"line":333,"column":68}}],"line":333},"34":{"loc":{"start":{"line":341,"column":6},"end":{"line":343,"column":7}},"type":"if","locations":[{"start":{"line":341,"column":6},"end":{"line":343,"column":7}},{"start":{},"end":{}}],"line":341},"35":{"loc":{"start":{"line":349,"column":4},"end":{"line":349,"column":28}},"type":"if","locations":[{"start":{"line":349,"column":4},"end":{"line":349,"column":28}},{"start":{},"end":{}}],"line":349},"36":{"loc":{"start":{"line":352,"column":4},"end":{"line":354,"column":5}},"type":"if","locations":[{"start":{"line":352,"column":4},"end":{"line":354,"column":5}},{"start":{},"end":{}}],"line":352},"37":{"loc":{"start":{"line":352,"column":8},"end":{"line":352,"column":65}},"type":"binary-expr","locations":[{"start":{"line":352,"column":8},"end":{"line":352,"column":21}},{"start":{"line":352,"column":25},"end":{"line":352,"column":65}}],"line":352},"38":{"loc":{"start":{"line":362,"column":4},"end":{"line":369,"column":5}},"type":"if","locations":[{"start":{"line":362,"column":4},"end":{"line":369,"column":5}},{"start":{},"end":{}}],"line":362},"39":{"loc":{"start":{"line":365,"column":6},"end":{"line":367,"column":7}},"type":"if","locations":[{"start":{"line":365,"column":6},"end":{"line":367,"column":7}},{"start":{},"end":{}}],"line":365},"40":{"loc":{"start":{"line":371,"column":4},"end":{"line":377,"column":5}},"type":"if","locations":[{"start":{"line":371,"column":4},"end":{"line":377,"column":5}},{"start":{"line":373,"column":11},"end":{"line":377,"column":5}}],"line":371},"41":{"loc":{"start":{"line":373,"column":11},"end":{"line":377,"column":5}},"type":"if","locations":[{"start":{"line":373,"column":11},"end":{"line":377,"column":5}},{"start":{},"end":{}}],"line":373},"42":{"loc":{"start":{"line":390,"column":2},"end":{"line":392,"column":3}},"type":"if","locations":[{"start":{"line":390,"column":2},"end":{"line":392,"column":3}},{"start":{},"end":{}}],"line":390},"43":{"loc":{"start":{"line":414,"column":2},"end":{"line":420,"column":3}},"type":"if","locations":[{"start":{"line":414,"column":2},"end":{"line":420,"column":3}},{"start":{},"end":{}}],"line":414},"44":{"loc":{"start":{"line":429,"column":2},"end":{"line":429,"column":27}},"type":"default-arg","locations":[{"start":{"line":429,"column":13},"end":{"line":429,"column":27}}],"line":429},"45":{"loc":{"start":{"line":430,"column":2},"end":{"line":430,"column":27}},"type":"default-arg","locations":[{"start":{"line":430,"column":11},"end":{"line":430,"column":27}}],"line":430},"46":{"loc":{"start":{"line":438,"column":4},"end":{"line":469,"column":5}},"type":"switch","locations":[{"start":{"line":439,"column":6},"end":{"line":444,"column":10}},{"start":{"line":445,"column":6},"end":{"line":450,"column":10}},{"start":{"line":451,"column":6},"end":{"line":456,"column":10}},{"start":{"line":457,"column":6},"end":{"line":462,"column":10}},{"start":{"line":463,"column":6},"end":{"line":468,"column":10}}],"line":438},"47":{"loc":{"start":{"line":482,"column":31},"end":{"line":482,"column":42}},"type":"default-arg","locations":[{"start":{"line":482,"column":40},"end":{"line":482,"column":42}}],"line":482},"48":{"loc":{"start":{"line":482,"column":44},"end":{"line":482,"column":73}},"type":"default-arg","locations":[{"start":{"line":482,"column":59},"end":{"line":482,"column":73}}],"line":482},"49":{"loc":{"start":{"line":488,"column":4},"end":{"line":494,"column":5}},"type":"if","locations":[{"start":{"line":488,"column":4},"end":{"line":494,"column":5}},{"start":{},"end":{}}],"line":488},"50":{"loc":{"start":{"line":491,"column":6},"end":{"line":493,"column":7}},"type":"if","locations":[{"start":{"line":491,"column":6},"end":{"line":493,"column":7}},{"start":{},"end":{}}],"line":491}},"s":{"0":1,"1":1,"2":1,"3":1,"4":1,"5":1,"6":1,"7":1,"8":1,"9":1,"10":63,"11":63,"12":63,"13":63,"14":63,"15":63,"16":63,"17":63,"18":63,"19":63,"20":63,"21":63,"22":25,"23":1,"24":24,"25":24,"26":22,"27":63,"28":62,"29":25,"30":62,"31":63,"32":62,"33":63,"34":62,"35":1,"36":61,"37":63,"38":61,"39":61,"40":61,"41":63,"42":62,"43":27,"44":35,"45":49,"46":49,"47":14,"48":14,"49":14,"50":35,"51":35,"52":35,"53":35,"54":63,"55":62,"56":27,"57":35,"58":38,"59":38,"60":3,"61":3,"62":3,"63":3,"64":35,"65":35,"66":35,"67":35,"68":63,"69":62,"70":29,"71":33,"72":35,"73":35,"74":2,"75":2,"76":2,"77":2,"78":33,"79":33,"80":33,"81":33,"82":63,"83":61,"84":60,"85":1,"86":0,"87":0,"88":0,"89":1,"90":1,"91":1,"92":1,"93":63,"94":0,"95":0,"96":0,"97":0,"98":63,"99":0,"100":0,"101":0,"102":0,"103":0,"104":0,"105":0,"106":0,"107":0,"108":0,"109":63,"110":60,"111":63,"112":0,"113":63,"114":63,"115":60,"116":3,"117":8,"118":8,"119":8,"120":8,"121":1,"122":4,"123":1,"124":1,"125":1,"126":8,"127":5,"128":5,"129":0,"130":0,"131":0,"132":0,"133":0,"134":0,"135":5,"136":1},"f":{"0":63,"1":25,"2":62,"3":62,"4":62,"5":61,"6":62,"7":49,"8":14,"9":35,"10":62,"11":38,"12":3,"13":35,"14":62,"15":35,"16":2,"17":33,"18":61,"19":0,"20":1,"21":0,"22":0,"23":60,"24":8,"25":8,"26":5,"27":0,"28":0},"b":{"0":[27],"1":[60],"2":[62],"3":[62],"4":[62],"5":[60],"6":[62],"7":[58],"8":[63,62],"9":[1,24],"10":[22,2],"11":[25,37],"12":[62,62,27],"13":[62,0],"14":[1,61],"15":[27,35],"16":[62,61],"17":[14,0],"18":[14,14],"19":[35,0],"20":[27,35],"21":[62,61],"22":[3,0],"23":[3,3],"24":[35,0],"25":[29,33],"26":[62,58,33],"27":[2,0],"28":[2,2],"29":[33,0],"30":[60,1],"31":[61,1],"32":[0,0],"33":[0,0],"34":[1,0],"35":[0,0],"36":[0,0],"37":[0,0],"38":[0,0],"39":[0,0],"40":[0,0],"41":[0,0],"42":[0,63],"43":[60,3],"44":[4],"45":[7],"46":[1,4,1,1,1],"47":[4],"48":[4],"49":[0,0],"50":[0,0]},"_coverageSchema":"1a1c01bbd47fc00a2c39e90264f33305004495a9","hash":"bc52fa04b200c5279b9281688a80c6c46a83cbfc"}
,"C:\\Users\\ttagu\\Documents\\PlayBeacon-Repos\\mobile-app\\src\\components\\BearLoading.js": {"path":"C:\\Users\\ttagu\\Documents\\PlayBeacon-Repos\\mobile-app\\src\\components\\BearLoading.js","statementMap":{"0":{"start":{"line":26,"column":2},"end":{"line":47,"column":4}},"1":{"start":{"line":54,"column":2},"end":{"line":54,"column":28}},"2":{"start":{"line":54,"column":16},"end":{"line":54,"column":28}},"3":{"start":{"line":56,"column":2},"end":{"line":60,"column":4}},"4":{"start":{"line":67,"column":2},"end":{"line":79,"column":4}},"5":{"start":{"line":86,"column":2},"end":{"line":95,"column":4}},"6":{"start":{"line":98,"column":15},"end":{"line":136,"column":2}}},"fnMap":{"0":{"name":"BearLoading","decl":{"start":{"line":20,"column":24},"end":{"line":20,"column":35}},"loc":{"start":{"line":25,"column":3},"end":{"line":48,"column":1}},"line":25},"1":{"name":"BearLoadingOverlay","decl":{"start":{"line":53,"column":16},"end":{"line":53,"column":34}},"loc":{"start":{"line":53,"column":57},"end":{"line":61,"column":1}},"line":53},"2":{"name":"BearLoadingInline","decl":{"start":{"line":66,"column":16},"end":{"line":66,"column":33}},"loc":{"start":{"line":66,"column":47},"end":{"line":80,"column":1}},"line":66},"3":{"name":"BearLoadingPlaceholder","decl":{"start":{"line":85,"column":16},"end":{"line":85,"column":38}},"loc":{"start":{"line":85,"column":57},"end":{"line":96,"column":1}},"line":85}},"branchMap":{"0":{"loc":{"start":{"line":21,"column":2},"end":{"line":21,"column":24}},"type":"default-arg","locations":[{"start":{"line":21,"column":12},"end":{"line":21,"column":24}}],"line":21},"1":{"loc":{"start":{"line":22,"column":2},"end":{"line":22,"column":12}},"type":"default-arg","locations":[{"start":{"line":22,"column":9},"end":{"line":22,"column":12}}],"line":22},"2":{"loc":{"start":{"line":23,"column":2},"end":{"line":23,"column":21}},"type":"default-arg","locations":[{"start":{"line":23,"column":16},"end":{"line":23,"column":21}}],"line":23},"3":{"loc":{"start":{"line":35,"column":7},"end":{"line":37,"column":7}},"type":"binary-expr","locations":[{"start":{"line":35,"column":7},"end":{"line":35,"column":14}},{"start":{"line":36,"column":8},"end":{"line":36,"column":53}}],"line":35},"4":{"loc":{"start":{"line":39,"column":7},"end":{"line":45,"column":7}},"type":"binary-expr","locations":[{"start":{"line":39,"column":7},"end":{"line":39,"column":18}},{"start":{"line":40,"column":8},"end":{"line":44,"column":10}}],"line":39},"5":{"loc":{"start":{"line":54,"column":2},"end":{"line":54,"column":28}},"type":"if","locations":[{"start":{"line":54,"column":2},"end":{"line":54,"column":28}},{"start":{},"end":{}}],"line":54},"6":{"loc":{"start":{"line":75,"column":7},"end":{"line":77,"column":7}},"type":"binary-expr","locations":[{"start":{"line":75,"column":7},"end":{"line":75,"column":14}},{"start":{"line":76,"column":8},"end":{"line":76,"column":59}}],"line":75},"7":{"loc":{"start":{"line":85,"column":41},"end":{"line":85,"column":53}},"type":"default-arg","locations":[{"start":{"line":85,"column":50},"end":{"line":85,"column":53}}],"line":85}},"s":{"0":0,"1":0,"2":0,"3":0,"4":0,"5":0,"6":0},"f":{"0":0,"1":0,"2":0,"3":0},"b":{"0":[0],"1":[0],"2":[0],"3":[0,0],"4":[0,0],"5":[0,0],"6":[0,0],"7":[0]}}
,"C:\\Users\\ttagu\\Documents\\PlayBeacon-Repos\\mobile-app\\src\\components\\BearMascot.js": {"path":"C:\\Users\\ttagu\\Documents\\PlayBeacon-Repos\\mobile-app\\src\\components\\BearMascot.js","statementMap":{"0":{"start":{"line":17,"column":27},"end":{"line":44,"column":1}},"1":{"start":{"line":49,"column":27},"end":{"line":67,"column":1}},"2":{"start":{"line":86,"column":23},"end":{"line":86,"column":35}},"3":{"start":{"line":87,"column":42},"end":{"line":87,"column":57}},"4":{"start":{"line":88,"column":48},"end":{"line":88,"column":62}},"5":{"start":{"line":91,"column":2},"end":{"line":97,"column":14}},"6":{"start":{"line":92,"column":19},"end":{"line":92,"column":44}},"7":{"start":{"line":93,"column":4},"end":{"line":96,"column":5}},"8":{"start":{"line":94,"column":6},"end":{"line":94,"column":33}},"9":{"start":{"line":95,"column":6},"end":{"line":95,"column":29}},"10":{"start":{"line":100,"column":32},"end":{"line":121,"column":30}},"11":{"start":{"line":101,"column":4},"end":{"line":120,"column":5}},"12":{"start":{"line":103,"column":30},"end":{"line":114,"column":7}},"13":{"start":{"line":116,"column":6},"end":{"line":119,"column":7}},"14":{"start":{"line":117,"column":8},"end":{"line":117,"column":65}},"15":{"start":{"line":118,"column":8},"end":{"line":118,"column":42}},"16":{"start":{"line":124,"column":20},"end":{"line":132,"column":26}},"17":{"start":{"line":125,"column":4},"end":{"line":131,"column":5}},"18":{"start":{"line":126,"column":6},"end":{"line":126,"column":14}},"19":{"start":{"line":127,"column":11},"end":{"line":131,"column":5}},"20":{"start":{"line":129,"column":6},"end":{"line":129,"column":69}},"21":{"start":{"line":130,"column":6},"end":{"line":130,"column":46}},"22":{"start":{"line":135,"column":21},"end":{"line":143,"column":26}},"23":{"start":{"line":146,"column":2},"end":{"line":156,"column":3}},"24":{"start":{"line":147,"column":4},"end":{"line":155,"column":6}},"25":{"start":{"line":159,"column":4},"end":{"line":167,"column":6}},"26":{"start":{"line":170,"column":2},"end":{"line":176,"column":3}},"27":{"start":{"line":171,"column":4},"end":{"line":175,"column":6}},"28":{"start":{"line":178,"column":2},"end":{"line":178,"column":66}},"29":{"start":{"line":187,"column":2},"end":{"line":195,"column":4}},"30":{"start":{"line":200,"column":2},"end":{"line":207,"column":4}},"31":{"start":{"line":212,"column":2},"end":{"line":219,"column":4}},"32":{"start":{"line":224,"column":2},"end":{"line":233,"column":4}},"33":{"start":{"line":238,"column":2},"end":{"line":247,"column":4}},"34":{"start":{"line":252,"column":2},"end":{"line":261,"column":4}},"35":{"start":{"line":266,"column":2},"end":{"line":274,"column":4}},"36":{"start":{"line":279,"column":2},"end":{"line":287,"column":4}},"37":{"start":{"line":292,"column":2},"end":{"line":301,"column":4}},"38":{"start":{"line":306,"column":2},"end":{"line":314,"column":4}},"39":{"start":{"line":319,"column":2},"end":{"line":327,"column":4}},"40":{"start":{"line":332,"column":2},"end":{"line":340,"column":4}},"41":{"start":{"line":345,"column":2},"end":{"line":354,"column":4}},"42":{"start":{"line":357,"column":15},"end":{"line":365,"column":2}}},"fnMap":{"0":{"name":"BearMascot","decl":{"start":{"line":78,"column":24},"end":{"line":78,"column":34}},"loc":{"start":{"line":85,"column":3},"end":{"line":179,"column":1}},"line":85},"1":{"name":"(anonymous_1)","decl":{"start":{"line":91,"column":12},"end":{"line":91,"column":13}},"loc":{"start":{"line":91,"column":18},"end":{"line":97,"column":3}},"line":91},"2":{"name":"(anonymous_2)","decl":{"start":{"line":100,"column":44},"end":{"line":100,"column":45}},"loc":{"start":{"line":100,"column":50},"end":{"line":121,"column":3}},"line":100},"3":{"name":"(anonymous_3)","decl":{"start":{"line":124,"column":32},"end":{"line":124,"column":33}},"loc":{"start":{"line":124,"column":38},"end":{"line":132,"column":3}},"line":124},"4":{"name":"BearSmall","decl":{"start":{"line":186,"column":16},"end":{"line":186,"column":25}},"loc":{"start":{"line":186,"column":54},"end":{"line":196,"column":1}},"line":186},"5":{"name":"BearMedium","decl":{"start":{"line":199,"column":16},"end":{"line":199,"column":26}},"loc":{"start":{"line":199,"column":55},"end":{"line":208,"column":1}},"line":199},"6":{"name":"BearLarge","decl":{"start":{"line":211,"column":16},"end":{"line":211,"column":25}},"loc":{"start":{"line":211,"column":54},"end":{"line":220,"column":1}},"line":211},"7":{"name":"BearThinking","decl":{"start":{"line":223,"column":16},"end":{"line":223,"column":28}},"loc":{"start":{"line":223,"column":62},"end":{"line":234,"column":1}},"line":223},"8":{"name":"BearSad","decl":{"start":{"line":237,"column":16},"end":{"line":237,"column":23}},"loc":{"start":{"line":237,"column":57},"end":{"line":248,"column":1}},"line":237},"9":{"name":"BearCelebrating","decl":{"start":{"line":251,"column":16},"end":{"line":251,"column":31}},"loc":{"start":{"line":251,"column":75},"end":{"line":262,"column":1}},"line":251},"10":{"name":"BearWaving","decl":{"start":{"line":265,"column":16},"end":{"line":265,"column":26}},"loc":{"start":{"line":265,"column":60},"end":{"line":275,"column":1}},"line":265},"11":{"name":"BearJumping","decl":{"start":{"line":278,"column":16},"end":{"line":278,"column":27}},"loc":{"start":{"line":278,"column":61},"end":{"line":288,"column":1}},"line":278},"12":{"name":"BearSleeping","decl":{"start":{"line":291,"column":16},"end":{"line":291,"column":28}},"loc":{"start":{"line":291,"column":62},"end":{"line":302,"column":1}},"line":291},"13":{"name":"BearYes","decl":{"start":{"line":305,"column":16},"end":{"line":305,"column":23}},"loc":{"start":{"line":305,"column":57},"end":{"line":315,"column":1}},"line":305},"14":{"name":"BearNo","decl":{"start":{"line":318,"column":16},"end":{"line":318,"column":22}},"loc":{"start":{"line":318,"column":56},"end":{"line":328,"column":1}},"line":318},"15":{"name":"BearSurprised","decl":{"start":{"line":331,"column":16},"end":{"line":331,"column":29}},"loc":{"start":{"line":331,"column":63},"end":{"line":341,"column":1}},"line":331},"16":{"name":"BearHappy","decl":{"start":{"line":344,"column":16},"end":{"line":344,"column":25}},"loc":{"start":{"line":344,"column":59},"end":{"line":355,"column":1}},"line":344}},"branchMap":{"0":{"loc":{"start":{"line":79,"column":2},"end":{"line":79,"column":26}},"type":"default-arg","locations":[{"start":{"line":79,"column":10},"end":{"line":79,"column":26}}],"line":79},"1":{"loc":{"start":{"line":80,"column":2},"end":{"line":80,"column":12}},"type":"default-arg","locations":[{"start":{"line":80,"column":9},"end":{"line":80,"column":12}}],"line":80},"2":{"loc":{"start":{"line":82,"column":2},"end":{"line":82,"column":20}},"type":"default-arg","locations":[{"start":{"line":82,"column":16},"end":{"line":82,"column":20}}],"line":82},"3":{"loc":{"start":{"line":84,"column":2},"end":{"line":84,"column":17}},"type":"default-arg","locations":[{"start":{"line":84,"column":13},"end":{"line":84,"column":17}}],"line":84},"4":{"loc":{"start":{"line":93,"column":4},"end":{"line":96,"column":5}},"type":"if","locations":[{"start":{"line":93,"column":4},"end":{"line":96,"column":5}},{"start":{},"end":{}}],"line":93},"5":{"loc":{"start":{"line":101,"column":4},"end":{"line":120,"column":5}},"type":"if","locations":[{"start":{"line":101,"column":4},"end":{"line":120,"column":5}},{"start":{},"end":{}}],"line":101},"6":{"loc":{"start":{"line":101,"column":8},"end":{"line":101,"column":53}},"type":"binary-expr","locations":[{"start":{"line":101,"column":8},"end":{"line":101,"column":16}},{"start":{"line":101,"column":20},"end":{"line":101,"column":53}}],"line":101},"7":{"loc":{"start":{"line":116,"column":6},"end":{"line":119,"column":7}},"type":"if","locations":[{"start":{"line":116,"column":6},"end":{"line":119,"column":7}},{"start":{},"end":{}}],"line":116},"8":{"loc":{"start":{"line":125,"column":4},"end":{"line":131,"column":5}},"type":"if","locations":[{"start":{"line":125,"column":4},"end":{"line":131,"column":5}},{"start":{"line":127,"column":11},"end":{"line":131,"column":5}}],"line":125},"9":{"loc":{"start":{"line":127,"column":11},"end":{"line":131,"column":5}},"type":"if","locations":[{"start":{"line":127,"column":11},"end":{"line":131,"column":5}},{"start":{},"end":{}}],"line":127},"10":{"loc":{"start":{"line":146,"column":2},"end":{"line":156,"column":3}},"type":"if","locations":[{"start":{"line":146,"column":2},"end":{"line":156,"column":3}},{"start":{},"end":{}}],"line":146},"11":{"loc":{"start":{"line":170,"column":2},"end":{"line":176,"column":3}},"type":"if","locations":[{"start":{"line":170,"column":2},"end":{"line":176,"column":3}},{"start":{},"end":{}}],"line":170},"12":{"loc":{"start":{"line":223,"column":31},"end":{"line":223,"column":41}},"type":"default-arg","locations":[{"start":{"line":223,"column":38},"end":{"line":223,"column":41}}],"line":223},"13":{"loc":{"start":{"line":237,"column":26},"end":{"line":237,"column":36}},"type":"default-arg","locations":[{"start":{"line":237,"column":33},"end":{"line":237,"column":36}}],"line":237},"14":{"loc":{"start":{"line":251,"column":34},"end":{"line":251,"column":44}},"type":"default-arg","locations":[{"start":{"line":251,"column":41},"end":{"line":251,"column":44}}],"line":251},"15":{"loc":{"start":{"line":265,"column":29},"end":{"line":265,"column":39}},"type":"default-arg","locations":[{"start":{"line":265,"column":36},"end":{"line":265,"column":39}}],"line":265},"16":{"loc":{"start":{"line":278,"column":30},"end":{"line":278,"column":40}},"type":"default-arg","locations":[{"start":{"line":278,"column":37},"end":{"line":278,"column":40}}],"line":278},"17":{"loc":{"start":{"line":291,"column":31},"end":{"line":291,"column":41}},"type":"default-arg","locations":[{"start":{"line":291,"column":38},"end":{"line":291,"column":41}}],"line":291},"18":{"loc":{"start":{"line":305,"column":26},"end":{"line":305,"column":36}},"type":"default-arg","locations":[{"start":{"line":305,"column":33},"end":{"line":305,"column":36}}],"line":305},"19":{"loc":{"start":{"line":318,"column":25},"end":{"line":318,"column":35}},"type":"default-arg","locations":[{"start":{"line":318,"column":32},"end":{"line":318,"column":35}}],"line":318},"20":{"loc":{"start":{"line":331,"column":32},"end":{"line":331,"column":42}},"type":"default-arg","locations":[{"start":{"line":331,"column":39},"end":{"line":331,"column":42}}],"line":331},"21":{"loc":{"start":{"line":344,"column":28},"end":{"line":344,"column":38}},"type":"default-arg","locations":[{"start":{"line":344,"column":35},"end":{"line":344,"column":38}}],"line":344}},"s":{"0":0,"1":0,"2":0,"3":0,"4":0,"5":0,"6":0,"7":0,"8":0,"9":0,"10":0,"11":0,"12":0,"13":0,"14":0,"15":0,"16":0,"17":0,"18":0,"19":0,"20":0,"21":0,"22":0,"23":0,"24":0,"25":0,"26":0,"27":0,"28":0,"29":0,"30":0,"31":0,"32":0,"33":0,"34":0,"35":0,"36":0,"37":0,"38":0,"39":0,"40":0,"41":0,"42":0},"f":{"0":0,"1":0,"2":0,"3":0,"4":0,"5":0,"6":0,"7":0,"8":0,"9":0,"10":0,"11":0,"12":0,"13":0,"14":0,"15":0,"16":0},"b":{"0":[0],"1":[0],"2":[0],"3":[0],"4":[0,0],"5":[0,0],"6":[0,0],"7":[0,0],"8":[0,0],"9":[0,0],"10":[0,0],"11":[0,0],"12":[0],"13":[0],"14":[0],"15":[0],"16":[0],"17":[0],"18":[0],"19":[0],"20":[0],"21":[0]}}
,"C:\\Users\\ttagu\\Documents\\PlayBeacon-Repos\\mobile-app\\src\\components\\BearScreens.js": {"path":"C:\\Users\\ttagu\\Documents\\PlayBeacon-Repos\\mobile-app\\src\\components\\BearScreens.js","statementMap":{"0":{"start":{"line":23,"column":38},"end":{"line":23,"column":47}},"1":{"start":{"line":25,"column":2},"end":{"line":25,"column":30}},"2":{"start":{"line":25,"column":18},"end":{"line":25,"column":30}},"3":{"start":{"line":27,"column":2},"end":{"line":37,"column":4}},"4":{"start":{"line":48,"column":48},"end":{"line":48,"column":57}},"5":{"start":{"line":50,"column":2},"end":{"line":60,"column":54}},"6":{"start":{"line":51,"column":4},"end":{"line":59,"column":5}},"7":{"start":{"line":52,"column":6},"end":{"line":52,"column":39}},"8":{"start":{"line":53,"column":11},"end":{"line":59,"column":5}},"9":{"start":{"line":54,"column":6},"end":{"line":54,"column":30}},"10":{"start":{"line":55,"column":11},"end":{"line":59,"column":5}},"11":{"start":{"line":56,"column":6},"end":{"line":56,"column":37}},"12":{"start":{"line":57,"column":11},"end":{"line":59,"column":5}},"13":{"start":{"line":58,"column":6},"end":{"line":58,"column":38}},"14":{"start":{"line":62,"column":2},"end":{"line":62,"column":30}},"15":{"start":{"line":62,"column":18},"end":{"line":62,"column":30}},"16":{"start":{"line":64,"column":2},"end":{"line":73,"column":4}},"17":{"start":{"line":84,"column":52},"end":{"line":84,"column":61}},"18":{"start":{"line":86,"column":2},"end":{"line":90,"column":30}},"19":{"start":{"line":87,"column":4},"end":{"line":89,"column":5}},"20":{"start":{"line":88,"column":6},"end":{"line":88,"column":36}},"21":{"start":{"line":92,"column":2},"end":{"line":92,"column":30}},"22":{"start":{"line":92,"column":18},"end":{"line":92,"column":30}},"23":{"start":{"line":94,"column":2},"end":{"line":103,"column":4}},"24":{"start":{"line":114,"column":48},"end":{"line":114,"column":57}},"25":{"start":{"line":116,"column":2},"end":{"line":122,"column":50}},"26":{"start":{"line":117,"column":4},"end":{"line":121,"column":5}},"27":{"start":{"line":118,"column":6},"end":{"line":118,"column":45}},"28":{"start":{"line":119,"column":11},"end":{"line":121,"column":5}},"29":{"start":{"line":120,"column":6},"end":{"line":120,"column":36}},"30":{"start":{"line":124,"column":2},"end":{"line":124,"column":30}},"31":{"start":{"line":124,"column":18},"end":{"line":124,"column":30}},"32":{"start":{"line":126,"column":2},"end":{"line":136,"column":4}},"33":{"start":{"line":147,"column":21},"end":{"line":153,"column":3}},"34":{"start":{"line":155,"column":16},"end":{"line":155,"column":50}},"35":{"start":{"line":157,"column":2},"end":{"line":167,"column":4}},"36":{"start":{"line":178,"column":38},"end":{"line":178,"column":47}},"37":{"start":{"line":179,"column":40},"end":{"line":179,"column":56}},"38":{"start":{"line":181,"column":2},"end":{"line":187,"column":45}},"39":{"start":{"line":182,"column":4},"end":{"line":186,"column":5}},"40":{"start":{"line":183,"column":6},"end":{"line":183,"column":21}},"41":{"start":{"line":185,"column":6},"end":{"line":185,"column":20}},"42":{"start":{"line":189,"column":2},"end":{"line":189,"column":30}},"43":{"start":{"line":189,"column":18},"end":{"line":189,"column":30}},"44":{"start":{"line":191,"column":2},"end":{"line":200,"column":4}},"45":{"start":{"line":211,"column":2},"end":{"line":221,"column":4}},"46":{"start":{"line":231,"column":16},"end":{"line":231,"column":65}},"47":{"start":{"line":233,"column":2},"end":{"line":243,"column":4}},"48":{"start":{"line":253,"column":2},"end":{"line":263,"column":4}},"49":{"start":{"line":274,"column":48},"end":{"line":274,"column":57}},"50":{"start":{"line":275,"column":27},"end":{"line":275,"column":42}},"51":{"start":{"line":278,"column":26},"end":{"line":280,"column":20}},"52":{"start":{"line":279,"column":4},"end":{"line":279,"column":37}},"53":{"start":{"line":282,"column":2},"end":{"line":282,"column":30}},"54":{"start":{"line":282,"column":18},"end":{"line":282,"column":30}},"55":{"start":{"line":284,"column":2},"end":{"line":295,"column":4}},"56":{"start":{"line":298,"column":15},"end":{"line":316,"column":2}}},"fnMap":{"0":{"name":"BearHome","decl":{"start":{"line":22,"column":16},"end":{"line":22,"column":24}},"loc":{"start":{"line":22,"column":38},"end":{"line":38,"column":1}},"line":22},"1":{"name":"BearDiscovery","decl":{"start":{"line":47,"column":16},"end":{"line":47,"column":29}},"loc":{"start":{"line":47,"column":71},"end":{"line":74,"column":1}},"line":47},"2":{"name":"(anonymous_2)","decl":{"start":{"line":50,"column":12},"end":{"line":50,"column":13}},"loc":{"start":{"line":50,"column":18},"end":{"line":60,"column":3}},"line":50},"3":{"name":"BearWishlist","decl":{"start":{"line":83,"column":16},"end":{"line":83,"column":28}},"loc":{"start":{"line":83,"column":53},"end":{"line":104,"column":1}},"line":83},"4":{"name":"(anonymous_4)","decl":{"start":{"line":86,"column":12},"end":{"line":86,"column":13}},"loc":{"start":{"line":86,"column":18},"end":{"line":90,"column":3}},"line":86},"5":{"name":"BearProfile","decl":{"start":{"line":113,"column":16},"end":{"line":113,"column":27}},"loc":{"start":{"line":113,"column":65},"end":{"line":137,"column":1}},"line":113},"6":{"name":"(anonymous_6)","decl":{"start":{"line":116,"column":12},"end":{"line":116,"column":13}},"loc":{"start":{"line":116,"column":18},"end":{"line":122,"column":3}},"line":116},"7":{"name":"BearOnboarding","decl":{"start":{"line":146,"column":16},"end":{"line":146,"column":30}},"loc":{"start":{"line":146,"column":41},"end":{"line":168,"column":1}},"line":146},"8":{"name":"BearGameDetail","decl":{"start":{"line":177,"column":16},"end":{"line":177,"column":30}},"loc":{"start":{"line":177,"column":59},"end":{"line":201,"column":1}},"line":177},"9":{"name":"(anonymous_9)","decl":{"start":{"line":181,"column":12},"end":{"line":181,"column":13}},"loc":{"start":{"line":181,"column":18},"end":{"line":187,"column":3}},"line":181},"10":{"name":"BearLoadingScreen","decl":{"start":{"line":210,"column":16},"end":{"line":210,"column":33}},"loc":{"start":{"line":210,"column":47},"end":{"line":222,"column":1}},"line":210},"11":{"name":"BearError","decl":{"start":{"line":230,"column":16},"end":{"line":230,"column":25}},"loc":{"start":{"line":230,"column":48},"end":{"line":244,"column":1}},"line":230},"12":{"name":"BearEmpty","decl":{"start":{"line":252,"column":16},"end":{"line":252,"column":25}},"loc":{"start":{"line":252,"column":28},"end":{"line":264,"column":1}},"line":252},"13":{"name":"GlobalBear","decl":{"start":{"line":273,"column":16},"end":{"line":273,"column":26}},"loc":{"start":{"line":273,"column":29},"end":{"line":296,"column":1}},"line":273},"14":{"name":"(anonymous_14)","decl":{"start":{"line":278,"column":38},"end":{"line":278,"column":39}},"loc":{"start":{"line":278,"column":44},"end":{"line":280,"column":3}},"line":278}},"branchMap":{"0":{"loc":{"start":{"line":25,"column":2},"end":{"line":25,"column":30}},"type":"if","locations":[{"start":{"line":25,"column":2},"end":{"line":25,"column":30}},{"start":{},"end":{}}],"line":25},"1":{"loc":{"start":{"line":51,"column":4},"end":{"line":59,"column":5}},"type":"if","locations":[{"start":{"line":51,"column":4},"end":{"line":59,"column":5}},{"start":{"line":53,"column":11},"end":{"line":59,"column":5}}],"line":51},"2":{"loc":{"start":{"line":53,"column":11},"end":{"line":59,"column":5}},"type":"if","locations":[{"start":{"line":53,"column":11},"end":{"line":59,"column":5}},{"start":{"line":55,"column":11},"end":{"line":59,"column":5}}],"line":53},"3":{"loc":{"start":{"line":55,"column":11},"end":{"line":59,"column":5}},"type":"if","locations":[{"start":{"line":55,"column":11},"end":{"line":59,"column":5}},{"start":{"line":57,"column":11},"end":{"line":59,"column":5}}],"line":55},"4":{"loc":{"start":{"line":57,"column":11},"end":{"line":59,"column":5}},"type":"if","locations":[{"start":{"line":57,"column":11},"end":{"line":59,"column":5}},{"start":{},"end":{}}],"line":57},"5":{"loc":{"start":{"line":62,"column":2},"end":{"line":62,"column":30}},"type":"if","locations":[{"start":{"line":62,"column":2},"end":{"line":62,"column":30}},{"start":{},"end":{}}],"line":62},"6":{"loc":{"start":{"line":87,"column":4},"end":{"line":89,"column":5}},"type":"if","locations":[{"start":{"line":87,"column":4},"end":{"line":89,"column":5}},{"start":{},"end":{}}],"line":87},"7":{"loc":{"start":{"line":92,"column":2},"end":{"line":92,"column":30}},"type":"if","locations":[{"start":{"line":92,"column":2},"end":{"line":92,"column":30}},{"start":{},"end":{}}],"line":92},"8":{"loc":{"start":{"line":117,"column":4},"end":{"line":121,"column":5}},"type":"if","locations":[{"start":{"line":117,"column":4},"end":{"line":121,"column":5}},{"start":{"line":119,"column":11},"end":{"line":121,"column":5}}],"line":117},"9":{"loc":{"start":{"line":119,"column":11},"end":{"line":121,"column":5}},"type":"if","locations":[{"start":{"line":119,"column":11},"end":{"line":121,"column":5}},{"start":{},"end":{}}],"line":119},"10":{"loc":{"start":{"line":124,"column":2},"end":{"line":124,"column":30}},"type":"if","locations":[{"start":{"line":124,"column":2},"end":{"line":124,"column":30}},{"start":{},"end":{}}],"line":124},"11":{"loc":{"start":{"line":134,"column":20},"end":{"line":134,"column":39}},"type":"cond-expr","locations":[{"start":{"line":134,"column":33},"end":{"line":134,"column":35}},{"start":{"line":134,"column":38},"end":{"line":134,"column":39}}],"line":134},"12":{"loc":{"start":{"line":155,"column":16},"end":{"line":155,"column":50}},"type":"binary-expr","locations":[{"start":{"line":155,"column":16},"end":{"line":155,"column":32}},{"start":{"line":155,"column":36},"end":{"line":155,"column":50}}],"line":155},"13":{"loc":{"start":{"line":182,"column":4},"end":{"line":186,"column":5}},"type":"if","locations":[{"start":{"line":182,"column":4},"end":{"line":186,"column":5}},{"start":{"line":184,"column":11},"end":{"line":186,"column":5}}],"line":182},"14":{"loc":{"start":{"line":189,"column":2},"end":{"line":189,"column":30}},"type":"if","locations":[{"start":{"line":189,"column":2},"end":{"line":189,"column":30}},{"start":{},"end":{}}],"line":189},"15":{"loc":{"start":{"line":230,"column":28},"end":{"line":230,"column":44}},"type":"default-arg","locations":[{"start":{"line":230,"column":35},"end":{"line":230,"column":44}}],"line":230},"16":{"loc":{"start":{"line":231,"column":16},"end":{"line":231,"column":65}},"type":"cond-expr","locations":[{"start":{"line":231,"column":37},"end":{"line":231,"column":50}},{"start":{"line":231,"column":53},"end":{"line":231,"column":65}}],"line":231},"17":{"loc":{"start":{"line":282,"column":2},"end":{"line":282,"column":30}},"type":"if","locations":[{"start":{"line":282,"column":2},"end":{"line":282,"column":30}},{"start":{},"end":{}}],"line":282}},"s":{"0":0,"1":0,"2":0,"3":0,"4":0,"5":0,"6":0,"7":0,"8":0,"9":0,"10":0,"11":0,"12":0,"13":0,"14":0,"15":0,"16":0,"17":0,"18":0,"19":0,"20":0,"21":0,"22":0,"23":0,"24":0,"25":0,"26":0,"27":0,"28":0,"29":0,"30":0,"31":0,"32":0,"33":0,"34":0,"35":0,"36":0,"37":0,"38":0,"39":0,"40":0,"41":0,"42":0,"43":0,"44":0,"45":0,"46":0,"47":0,"48":0,"49":0,"50":0,"51":0,"52":0,"53":0,"54":0,"55":0,"56":0},"f":{"0":0,"1":0,"2":0,"3":0,"4":0,"5":0,"6":0,"7":0,"8":0,"9":0,"10":0,"11":0,"12":0,"13":0,"14":0},"b":{"0":[0,0],"1":[0,0],"2":[0,0],"3":[0,0],"4":[0,0],"5":[0,0],"6":[0,0],"7":[0,0],"8":[0,0],"9":[0,0],"10":[0,0],"11":[0,0],"12":[0,0],"13":[0,0],"14":[0,0],"15":[0],"16":[0,0],"17":[0,0]}}
,"C:\\Users\\ttagu\\Documents\\PlayBeacon-Repos\\mobile-app\\src\\components\\CachedImage.js": {"path":"C:\\Users\\ttagu\\Documents\\PlayBeacon-Repos\\mobile-app\\src\\components\\CachedImage.js","statementMap":{"0":{"start":{"line":18,"column":23},"end":{"line":18,"column":32}},"1":{"start":{"line":19,"column":23},"end":{"line":19,"column":26}},"2":{"start":{"line":21,"column":19},"end":{"line":28,"column":1}},"3":{"start":{"line":22,"column":2},"end":{"line":26,"column":3}},"4":{"start":{"line":24,"column":21},"end":{"line":24,"column":55}},"5":{"start":{"line":25,"column":4},"end":{"line":25,"column":36}},"6":{"start":{"line":27,"column":2},"end":{"line":27,"column":32}},"7":{"start":{"line":30,"column":18},"end":{"line":30,"column":50}},"8":{"start":{"line":30,"column":27},"end":{"line":30,"column":50}},"9":{"start":{"line":35,"column":27},"end":{"line":71,"column":1}},"10":{"start":{"line":36,"column":22},"end":{"line":36,"column":59}},"11":{"start":{"line":38,"column":2},"end":{"line":55,"column":20}},"12":{"start":{"line":39,"column":22},"end":{"line":52,"column":5}},"13":{"start":{"line":53,"column":4},"end":{"line":53,"column":22}},"14":{"start":{"line":54,"column":4},"end":{"line":54,"column":34}},"15":{"start":{"line":54,"column":17},"end":{"line":54,"column":33}},"16":{"start":{"line":57,"column":18},"end":{"line":60,"column":4}},"17":{"start":{"line":62,"column":2},"end":{"line":70,"column":4}},"18":{"start":{"line":76,"column":25},"end":{"line":84,"column":1}},"19":{"start":{"line":77,"column":2},"end":{"line":83,"column":9}},"20":{"start":{"line":99,"column":14},"end":{"line":99,"column":25}},"21":{"start":{"line":100,"column":23},"end":{"line":100,"column":44}},"22":{"start":{"line":102,"column":32},"end":{"line":102,"column":55}},"23":{"start":{"line":103,"column":28},"end":{"line":103,"column":43}},"24":{"start":{"line":104,"column":19},"end":{"line":104,"column":75}},"25":{"start":{"line":106,"column":26},"end":{"line":110,"column":20}},"26":{"start":{"line":107,"column":4},"end":{"line":109,"column":5}},"27":{"start":{"line":108,"column":6},"end":{"line":108,"column":23}},"28":{"start":{"line":112,"column":24},"end":{"line":128,"column":43}},"29":{"start":{"line":113,"column":4},"end":{"line":113,"column":22}},"30":{"start":{"line":114,"column":4},"end":{"line":116,"column":5}},"31":{"start":{"line":115,"column":6},"end":{"line":115,"column":22}},"32":{"start":{"line":119,"column":4},"end":{"line":125,"column":5}},"33":{"start":{"line":120,"column":6},"end":{"line":124,"column":17}},"34":{"start":{"line":127,"column":4},"end":{"line":127,"column":15}},"35":{"start":{"line":130,"column":22},"end":{"line":134,"column":15}},"36":{"start":{"line":131,"column":4},"end":{"line":131,"column":22}},"37":{"start":{"line":132,"column":4},"end":{"line":132,"column":19}},"38":{"start":{"line":133,"column":4},"end":{"line":133,"column":17}},"39":{"start":{"line":137,"column":2},"end":{"line":143,"column":3}},"40":{"start":{"line":138,"column":4},"end":{"line":142,"column":6}},"41":{"start":{"line":145,"column":2},"end":{"line":181,"column":4}},"42":{"start":{"line":187,"column":29},"end":{"line":195,"column":1}},"43":{"start":{"line":188,"column":2},"end":{"line":194,"column":5}},"44":{"start":{"line":189,"column":4},"end":{"line":193,"column":5}},"45":{"start":{"line":190,"column":6},"end":{"line":192,"column":25}},"46":{"start":{"line":191,"column":20},"end":{"line":191,"column":35}},"47":{"start":{"line":200,"column":31},"end":{"line":202,"column":1}},"48":{"start":{"line":201,"column":2},"end":{"line":201,"column":25}},"49":{"start":{"line":207,"column":34},"end":{"line":210,"column":2}},"50":{"start":{"line":207,"column":41},"end":{"line":210,"column":1}},"51":{"start":{"line":212,"column":15},"end":{"line":233,"column":2}}},"fnMap":{"0":{"name":"(anonymous_0)","decl":{"start":{"line":21,"column":19},"end":{"line":21,"column":20}},"loc":{"start":{"line":21,"column":28},"end":{"line":28,"column":1}},"line":21},"1":{"name":"(anonymous_1)","decl":{"start":{"line":30,"column":18},"end":{"line":30,"column":19}},"loc":{"start":{"line":30,"column":27},"end":{"line":30,"column":50}},"line":30},"2":{"name":"(anonymous_2)","decl":{"start":{"line":35,"column":27},"end":{"line":35,"column":28}},"loc":{"start":{"line":35,"column":42},"end":{"line":71,"column":1}},"line":35},"3":{"name":"(anonymous_3)","decl":{"start":{"line":38,"column":18},"end":{"line":38,"column":19}},"loc":{"start":{"line":38,"column":24},"end":{"line":55,"column":3}},"line":38},"4":{"name":"(anonymous_4)","decl":{"start":{"line":54,"column":11},"end":{"line":54,"column":12}},"loc":{"start":{"line":54,"column":17},"end":{"line":54,"column":33}},"line":54},"5":{"name":"(anonymous_5)","decl":{"start":{"line":76,"column":25},"end":{"line":76,"column":26}},"loc":{"start":{"line":77,"column":2},"end":{"line":83,"column":9}},"line":77},"6":{"name":"CachedImage","decl":{"start":{"line":86,"column":24},"end":{"line":86,"column":35}},"loc":{"start":{"line":98,"column":3},"end":{"line":182,"column":1}},"line":98},"7":{"name":"(anonymous_7)","decl":{"start":{"line":106,"column":38},"end":{"line":106,"column":39}},"loc":{"start":{"line":106,"column":44},"end":{"line":110,"column":3}},"line":106},"8":{"name":"(anonymous_8)","decl":{"start":{"line":112,"column":36},"end":{"line":112,"column":37}},"loc":{"start":{"line":112,"column":42},"end":{"line":128,"column":3}},"line":112},"9":{"name":"(anonymous_9)","decl":{"start":{"line":130,"column":34},"end":{"line":130,"column":35}},"loc":{"start":{"line":130,"column":41},"end":{"line":134,"column":3}},"line":130},"10":{"name":"(anonymous_10)","decl":{"start":{"line":187,"column":29},"end":{"line":187,"column":30}},"loc":{"start":{"line":187,"column":39},"end":{"line":195,"column":1}},"line":187},"11":{"name":"(anonymous_11)","decl":{"start":{"line":188,"column":15},"end":{"line":188,"column":16}},"loc":{"start":{"line":188,"column":22},"end":{"line":194,"column":3}},"line":188},"12":{"name":"(anonymous_12)","decl":{"start":{"line":191,"column":14},"end":{"line":191,"column":15}},"loc":{"start":{"line":191,"column":20},"end":{"line":191,"column":35}},"line":191},"13":{"name":"(anonymous_13)","decl":{"start":{"line":192,"column":15},"end":{"line":192,"column":16}},"loc":{"start":{"line":192,"column":21},"end":{"line":192,"column":23}},"line":192},"14":{"name":"(anonymous_14)","decl":{"start":{"line":200,"column":31},"end":{"line":200,"column":32}},"loc":{"start":{"line":200,"column":37},"end":{"line":202,"column":1}},"line":200},"15":{"name":"(anonymous_15)","decl":{"start":{"line":207,"column":34},"end":{"line":207,"column":35}},"loc":{"start":{"line":207,"column":41},"end":{"line":210,"column":1}},"line":207}},"branchMap":{"0":{"loc":{"start":{"line":22,"column":2},"end":{"line":26,"column":3}},"type":"if","locations":[{"start":{"line":22,"column":2},"end":{"line":26,"column":3}},{"start":{},"end":{}}],"line":22},"1":{"loc":{"start":{"line":76,"column":35},"end":{"line":76,"column":48}},"type":"default-arg","locations":[{"start":{"line":76,"column":46},"end":{"line":76,"column":48}}],"line":76},"2":{"loc":{"start":{"line":89,"column":2},"end":{"line":89,"column":22}},"type":"default-arg","locations":[{"start":{"line":89,"column":15},"end":{"line":89,"column":22}}],"line":89},"3":{"loc":{"start":{"line":90,"column":2},"end":{"line":90,"column":47}},"type":"default-arg","locations":[{"start":{"line":90,"column":21},"end":{"line":90,"column":47}}],"line":90},"4":{"loc":{"start":{"line":91,"column":2},"end":{"line":91,"column":20}},"type":"default-arg","locations":[{"start":{"line":91,"column":16},"end":{"line":91,"column":20}}],"line":91},"5":{"loc":{"start":{"line":92,"column":2},"end":{"line":92,"column":21}},"type":"default-arg","locations":[{"start":{"line":92,"column":13},"end":{"line":92,"column":21}}],"line":92},"6":{"loc":{"start":{"line":95,"column":2},"end":{"line":95,"column":21}},"type":"default-arg","locations":[{"start":{"line":95,"column":17},"end":{"line":95,"column":21}}],"line":95},"7":{"loc":{"start":{"line":96,"column":2},"end":{"line":96,"column":23}},"type":"default-arg","locations":[{"start":{"line":96,"column":21},"end":{"line":96,"column":23}}],"line":96},"8":{"loc":{"start":{"line":100,"column":23},"end":{"line":100,"column":44}},"type":"binary-expr","locations":[{"start":{"line":100,"column":23},"end":{"line":100,"column":26}},{"start":{"line":100,"column":30},"end":{"line":100,"column":44}}],"line":100},"9":{"loc":{"start":{"line":104,"column":45},"end":{"line":104,"column":65}},"type":"cond-expr","locations":[{"start":{"line":104,"column":60},"end":{"line":104,"column":61}},{"start":{"line":104,"column":64},"end":{"line":104,"column":65}}],"line":104},"10":{"loc":{"start":{"line":107,"column":4},"end":{"line":109,"column":5}},"type":"if","locations":[{"start":{"line":107,"column":4},"end":{"line":109,"column":5}},{"start":{},"end":{}}],"line":107},"11":{"loc":{"start":{"line":114,"column":4},"end":{"line":116,"column":5}},"type":"if","locations":[{"start":{"line":114,"column":4},"end":{"line":116,"column":5}},{"start":{},"end":{}}],"line":114},"12":{"loc":{"start":{"line":119,"column":4},"end":{"line":125,"column":5}},"type":"if","locations":[{"start":{"line":119,"column":4},"end":{"line":125,"column":5}},{"start":{},"end":{}}],"line":119},"13":{"loc":{"start":{"line":137,"column":2},"end":{"line":143,"column":3}},"type":"if","locations":[{"start":{"line":137,"column":2},"end":{"line":143,"column":3}},{"start":{},"end":{}}],"line":137},"14":{"loc":{"start":{"line":140,"column":9},"end":{"line":140,"column":73}},"type":"binary-expr","locations":[{"start":{"line":140,"column":9},"end":{"line":140,"column":21}},{"start":{"line":140,"column":25},"end":{"line":140,"column":73}}],"line":140},"15":{"loc":{"start":{"line":148,"column":7},"end":{"line":150,"column":7}},"type":"binary-expr","locations":[{"start":{"line":148,"column":7},"end":{"line":148,"column":14}},{"start":{"line":148,"column":18},"end":{"line":148,"column":29}},{"start":{"line":149,"column":8},"end":{"line":149,"column":62}}],"line":148},"16":{"loc":{"start":{"line":153,"column":7},"end":{"line":155,"column":7}},"type":"binary-expr","locations":[{"start":{"line":153,"column":7},"end":{"line":153,"column":12}},{"start":{"line":153,"column":16},"end":{"line":153,"co
[...]
":{"line":12,"column":4},"end":{"line":12,"column":14}},"3":{"start":{"line":16,"column":18},"end":{"line":16,"column":29}},"4":{"start":{"line":19,"column":2},"end":{"line":19,"column":38}},"5":{"start":{"line":22,"column":2},"end":{"line":22,"column":47}},"6":{"start":{"line":24,"column":2},"end":{"line":24,"column":19}},"7":{"start":{"line":31,"column":38},"end":{"line":52,"column":1}},"8":{"start":{"line":32,"column":20},"end":{"line":32,"column":48}},"9":{"start":{"line":34,"column":2},"end":{"line":36,"column":3}},"10":{"start":{"line":35,"column":4},"end":{"line":35,"column":66}},"11":{"start":{"line":38,"column":2},"end":{"line":40,"column":3}},"12":{"start":{"line":39,"column":4},"end":{"line":39,"column":83}},"13":{"start":{"line":42,"column":2},"end":{"line":44,"column":3}},"14":{"start":{"line":43,"column":4},"end":{"line":43,"column":87}},"15":{"start":{"line":47,"column":2},"end":{"line":49,"column":3}},"16":{"start":{"line":48,"column":4},"end":{"line":48,"column":80}},"17":{"start":{"line":51,"column":2},"end":{"line":51,"column":38}},"18":{"start":{"line":57,"column":45},"end":{"line":72,"column":1}},"19":{"start":{"line":58,"column":2},"end":{"line":60,"column":3}},"20":{"start":{"line":59,"column":4},"end":{"line":59,"column":14}},"21":{"start":{"line":63,"column":18},"end":{"line":63,"column":36}},"22":{"start":{"line":66,"column":2},"end":{"line":66,"column":38}},"23":{"start":{"line":69,"column":2},"end":{"line":69,"column":47}},"24":{"start":{"line":71,"column":2},"end":{"line":71,"column":19}},"25":{"start":{"line":77,"column":45},"end":{"line":89,"column":1}},"26":{"start":{"line":78,"column":2},"end":{"line":80,"column":3}},"27":{"start":{"line":79,"column":4},"end":{"line":79,"column":40}},"28":{"start":{"line":82,"column":20},"end":{"line":82,"column":62}},"29":{"start":{"line":84,"column":2},"end":{"line":86,"column":3}},"30":{"start":{"line":85,"column":4},"end":{"line":85,"column":83}},"31":{"start":{"line":88,"column":2},"end":{"line":88,"column":38}},"32":{"start":{"line":94,"column":38},"end":{"line":109,"column":1}},"33":{"start":{"line":95,"column":2},"end":{"line":97,"column":3}},"34":{"start":{"line":96,"column":4},"end":{"line":96,"column":14}},"35":{"start":{"line":100,"column":18},"end":{"line":100,"column":33}},"36":{"start":{"line":103,"column":2},"end":{"line":103,"column":37}},"37":{"start":{"line":106,"column":2},"end":{"line":106,"column":54}},"38":{"start":{"line":108,"column":2},"end":{"line":108,"column":19}},"39":{"start":{"line":114,"column":38},"end":{"line":140,"column":1}},"40":{"start":{"line":115,"column":20},"end":{"line":115,"column":52}},"41":{"start":{"line":117,"column":2},"end":{"line":119,"column":3}},"42":{"start":{"line":118,"column":4},"end":{"line":118,"column":59}},"43":{"start":{"line":121,"column":2},"end":{"line":123,"column":3}},"44":{"start":{"line":122,"column":4},"end":{"line":122,"column":77}},"45":{"start":{"line":125,"column":2},"end":{"line":127,"column":3}},"46":{"start":{"line":126,"column":4},"end":{"line":126,"column":79}},"47":{"start":{"line":130,"column":2},"end":{"line":132,"column":3}},"48":{"start":{"line":131,"column":4},"end":{"line":131,"column":74}},"49":{"start":{"line":135,"column":2},"end":{"line":137,"column":3}},"50":{"start":{"line":136,"column":4},"end":{"line":136,"column":98}},"51":{"start":{"line":139,"column":2},"end":{"line":139,"column":38}},"52":{"start":{"line":145,"column":33},"end":{"line":159,"column":1}},"53":{"start":{"line":146,"column":2},"end":{"line":148,"column":3}},"54":{"start":{"line":147,"column":4},"end":{"line":147,"column":36}},"55":{"start":{"line":150,"column":2},"end":{"line":156,"column":3}},"56":{"start":{"line":151,"column":19},"end":{"line":151,"column":35}},"57":{"start":{"line":152,"column":4},"end":{"line":154,"column":5}},"58":{"start":{"line":153,"column":6},"end":{"line":153,"column":18}},"59":{"start":{"line":155,"column":4},"end":{"line":155,"column":40}},"60":{"start":{"line":158,"column":2},"end":{"line":158,"column":14}},"61":{"start":{"line":164,"column":33},"end":{"line":176,"column":1}},"62":{"start":{"line":165,"column":20},"end":{"line":165,"column":41}},"63":{"start":{"line":167,"column":2},"end":{"line":169,"column":3}},"64":{"start":{"line":168,"column":4},"end":{"line":168,"column":74}},"65":{"start":{"line":171,"column":2},"end":{"line":173,"column":3}},"66":{"start":{"line":172,"column":4},"end":{"line":172,"column":74}},"67":{"start":{"line":175,"column":2},"end":{"line":175,"column":38}},"68":{"start":{"line":181,"column":32},"end":{"line":189,"column":1}},"69":{"start":{"line":182,"column":14},"end":{"line":182,"column":36}},"70":{"start":{"line":184,"column":2},"end":{"line":186,"column":3}},"71":{"start":{"line":185,"column":4},"end":{"line":185,"column":15}},"72":{"start":{"line":188,"column":2},"end":{"line":188,"column":14}},"73":{"start":{"line":194,"column":32},"end":{"line":202,"column":1}},"74":{"start":{"line":195,"column":20},"end":{"line":195,"column":46}},"75":{"start":{"line":197,"column":2},"end":{"line":199,"column":3}},"76":{"start":{"line":198,"column":4},"end":{"line":198,"column":67}},"77":{"start":{"line":201,"column":2},"end":{"line":201,"column":38}},"78":{"start":{"line":207,"column":29},"end":{"line":215,"column":1}},"79":{"start":{"line":208,"column":14},"end":{"line":208,"column":33}},"80":{"start":{"line":210,"column":2},"end":{"line":212,"column":3}},"81":{"start":{"line":211,"column":4},"end":{"line":211,"column":14}},"82":{"start":{"line":214,"column":2},"end":{"line":214,"column":33}},"83":{"start":{"line":220,"column":30},"end":{"line":228,"column":1}},"84":{"start":{"line":221,"column":14},"end":{"line":221,"column":34}},"85":{"start":{"line":223,"column":2},"end":{"line":225,"column":3}},"86":{"start":{"line":224,"column":4},"end":{"line":224,"column":13}},"87":{"start":{"line":227,"column":2},"end":{"line":227,"column":13}}},"fnMap":{"0":{"name":"(anonymous_0)","decl":{"start":{"line":10,"column":38},"end":{"line":10,"column":39}},"loc":{"start":{"line":10,"column":48},"end":{"line":25,"column":1}},"line":10},"1":{"name":"(anonymous_1)","decl":{"start":{"line":31,"column":38},"end":{"line":31,"column":39}},"loc":{"start":{"line":31,"column":48},"end":{"line":52,"column":1}},"line":31},"2":{"name":"(anonymous_2)","decl":{"start":{"line":57,"column":45},"end":{"line":57,"column":46}},"loc":{"start":{"line":57,"column":62},"end":{"line":72,"column":1}},"line":57},"3":{"name":"(anonymous_3)","decl":{"start":{"line":77,"column":45},"end":{"line":77,"column":46}},"loc":{"start":{"line":77,"column":62},"end":{"line":89,"column":1}},"line":77},"4":{"name":"(anonymous_4)","decl":{"start":{"line":94,"column":38},"end":{"line":94,"column":39}},"loc":{"start":{"line":94,"column":52},"end":{"line":109,"column":1}},"line":94},"5":{"name":"(anonymous_5)","decl":{"start":{"line":114,"column":38},"end":{"line":114,"column":39}},"loc":{"start":{"line":114,"column":52},"end":{"line":140,"column":1}},"line":114},"6":{"name":"(anonymous_6)","decl":{"start":{"line":145,"column":33},"end":{"line":145,"column":34}},"loc":{"start":{"line":145,"column":41},"end":{"line":159,"column":1}},"line":145},"7":{"name":"(anonymous_7)","decl":{"start":{"line":164,"column":33},"end":{"line":164,"column":34}},"loc":{"start":{"line":164,"column":59},"end":{"line":176,"column":1}},"line":164},"8":{"name":"(anonymous_8)","decl":{"start":{"line":181,"column":32},"end":{"line":181,"column":33}},"loc":{"start":{"line":181,"column":46},"end":{"line":189,"column":1}},"line":181},"9":{"name":"(anonymous_9)","decl":{"start":{"line":194,"column":32},"end":{"line":194,"column":33}},"loc":{"start":{"line":194,"column":46},"end":{"line":202,"column":1}},"line":194},"10":{"name":"(anonymous_10)","decl":{"start":{"line":207,"column":29},"end":{"line":207,"column":30}},"loc":{"start":{"line":207,"column":56},"end":{"line":215,"column":1}},"line":207},"11":{"name":"(anonymous_11)","decl":{"start":{"line":220,"column":30},"end":{"line":220,"column":31}},"loc":{"start":{"line":220,"column":42},"end":{"line":228,"column":1}},"line":220}},"branchMap":{"0":{"loc":{"start":{"line":11,"column":2},"end":{"line":13,"column":3}},"type":"if","locations":[{"start":{"line":11,"column":2},"end":{"line":13,"column":3}},{"start":{},"end":{}}],"line":11},"1":{"loc":{"start":{"line":11,"column":6},"end":{"line":11,"column":39}},"type":"binary-expr","locations":[{"start":{"line":11,"column":6},"end":{"line":11,"column":11}},{"start":{"line":11,"column":15},"end":{"line":11,"column":39}}],"line":11},"2":{"loc":{"start":{"line":34,"column":2},"end":{"line":36,"column":3}},"type":"if","locations":[{"start":{"line":34,"column":2},"end":{"line":36,"column":3}},{"start":{},"end":{}}],"line":34},"3":{"loc":{"start":{"line":38,"column":2},"end":{"line":40,"column":3}},"type":"if","locations":[{"start":{"line":38,"column":2},"end":{"line":40,"column":3}},{"start":{},"end":{}}],"line":38},"4":{"loc":{"start":{"line":42,"column":2},"end":{"line":44,"column":3}},"type":"if","locations":[{"start":{"line":42,"column":2},"end":{"line":44,"column":3}},{"start":{},"end":{}}],"line":42},"5":{"loc":{"start":{"line":47,"column":2},"end":{"line":49,"column":3}},"type":"if","locations":[{"start":{"line":47,"column":2},"end":{"line":49,"column":3}},{"start":{},"end":{}}],"line":47},"6":{"loc":{"start":{"line":58,"column":2},"end":{"line":60,"column":3}},"type":"if","locations":[{"start":{"line":58,"column":2},"end":{"line":60,"column":3}},{"start":{},"end":{}}],"line":58},"7":{"loc":{"start":{"line":58,"column":6},"end":{"line":58,"column":53}},"type":"binary-expr","locations":[{"start":{"line":58,"column":6},"end":{"line":58,"column":18}},{"start":{"line":58,"column":22},"end":{"line":58,"column":53}}],"line":58},"8":{"loc":{"start":{"line":78,"column":2},"end":{"line":80,"column":3}},"type":"if","locations":[{"start":{"line":78,"column":2},"end":{"line":80,"column":3}},{"start":{},"end":{}}],"line":78},"9":{"loc":{"start":{"line":84,"column":2},"end":{"line":86,"column":3}},"type":"if","locations":[{"start":{"line":84,"column":2},"end":{"line":86,"column":3}},{"start":{},"end":{}}],"line":84},"10":{"loc":{"start":{"line":95,"column":2},"end":{"line":97,"column":3}},"type":"if","locations":[{"start":{"line":95,"column":2},"end":{"line":97,"column":3}},{"start":{},"end":{}}],"line":95},"11":{"loc":{"start":{"line":95,"column":6},"end":{"line":95,"column":47}},"type":"binary-expr","locations":[{"start":{"line":95,"column":6},"end":{"line":95,"column":15}},{"start":{"line":95,"column":19},"end":{"line":95,"column":47}}],"line":95},"12":{"loc":{"start":{"line":117,"column":2},"end":{"line":119,"column":3}},"type":"if","locations":[{"start":{"line":117,"column":2},"end":{"line":119,"column":3}},{"start":{},"end":{}}],"line":117},"13":{"loc":{"start":{"line":121,"column":2},"end":{"line":123,"column":3}},"type":"if","locations":[{"start":{"line":121,"column":2},"end":{"line":123,"column":3}},{"start":{},"end":{}}],"line":121},"14":{"loc":{"start":{"line":125,"column":2},"end":{"line":127,"column":3}},"type":"if","locations":[{"start":{"line":125,"column":2},"end":{"line":127,"column":3}},{"start":{},"end":{}}],"line":125},"15":{"loc":{"start":{"line":130,"column":2},"end":{"line":132,"column":3}},"type":"if","locations":[{"start":{"line":130,"column":2},"end":{"line":132,"column":3}},{"start":{},"end":{}}],"line":130},"16":{"loc":{"start":{"line":135,"column":2},"end":{"line":137,"column":3}},"type":"if","locations":[{"start":{"line":135,"column":2},"end":{"line":137,"column":3}},{"start":{},"end":{}}],"line":135},"17":{"loc":{"start":{"line":146,"column":2},"end":{"line":148,"column":3}},"type":"if","locations":[{"start":{"line":146,"column":2},"end":{"line":148,"column":3}},{"start":{},"end":{}}],"line":146},"18":{"loc":{"start":{"line":150,"column":2},"end":{"line":156,"column":3}},"type":"if","locations":[{"start":{"line":150,"column":2},"end":{"line":156,"column":3}},{"start":{},"end":{}}],"line":150},"19":{"loc":{"start":{"line":152,"column":4},"end":{"line":154,"column":5}},"type":"if","locations":[{"start":{"line":152,"column":4},"end":{"line":154,"column":5}},{"start":{},"end":{}}],"line":152},"20":{"loc":{"start":{"line":164,"column":38},"end":{"line":164,"column":54}},"type":"default-arg","locations":[{"start":{"line":164,"column":50},"end":{"line":164,"column":54}}],"line":164},"21":{"loc":{"start":{"line":167,"column":2},"end":{"line":169,"column":3}},"type":"if","locations":[{"start":{"line":167,"column":2},"end":{"line":169,"column":3}},{"start":{},"end":{}}],"line":167},"22":{"loc":{"start":{"line":167,"column":6},"end":{"line":167,"column":51}},"type":"binary-expr","locations":[{"start":{"line":167,"column":6},"end":{"line":167,"column":24}},{"start":{"line":167,"column":28},"end":{"line":167,"column":51}}],"line":167},"23":{"loc":{"start":{"line":171,"column":2},"end":{"line":173,"column":3}},"type":"if","locations":[{"start":{"line":171,"column":2},"end":{"line":173,"column":3}},{"start":{},"end":{}}],"line":171},"24":{"loc":{"start":{"line":184,"column":2},"end":{"line":186,"column":3}},"type":"if","locations":[{"start":{"line":184,"column":2},"end":{"line":186,"column":3}},{"start":{},"end":{}}],"line":184},"25":{"loc":{"start":{"line":184,"column":6},"end":{"line":184,"column":42}},"type":"binary-expr","locations":[{"start":{"line":184,"column":6},"end":{"line":184,"column":16}},{"start":{"line":184,"column":20},"end":{"line":184,"column":29}},{"start":{"line":184,"column":33},"end":{"line":184,"column":42}}],"line":184},"26":{"loc":{"start":{"line":197,"column":2},"end":{"line":199,"column":3}},"type":"if","locations":[{"start":{"line":197,"column":2},"end":{"line":199,"column":3}},{"start":{},"end":{}}],"line":197},"27":{"loc":{"start":{"line":207,"column":37},"end":{"line":207,"column":51}},"type":"default-arg","locations":[{"start":{"line":207,"column":48},"end":{"line":207,"column":51}}],"line":207},"28":{"loc":{"start":{"line":210,"column":2},"end":{"line":212,"column":3}},"type":"if","locations":[{"start":{"line":210,"column":2},"end":{"line":212,"column":3}},{"start":{},"end":{}}],"line":210},"29":{"loc":{"start":{"line":210,"column":6},"end":{"line":210,"column":28}},"type":"binary-expr","locations":[{"start":{"line":210,"column":6},"end":{"line":210,"column":16}},{"start":{"line":210,"column":20},"end":{"line":210,"column":28}}],"line":210},"30":{"loc":{"start":{"line":223,"column":2},"end":{"line":225,"column":3}},"type":"if","locations":[{"start":{"line":223,"column":2},"end":{"line":225,"column":3}},{"start":{},"end":{}}],"line":223},"31":{"loc":{"start":{"line":223,"column":6},"end":{"line":223,"column":27}},"type":"binary-expr","locations":[{"start":{"line":223,"column":6},"end":{"line":223,"column":16}},{"start":{"line":223,"column":20},"end":{"line":223,"column":27}}],"line":223}},"s":{"0":2,"1":39,"2":12,"3":27,"4":27,"5":27,"6":27,"7":2,"8":19,"9":19,"10":10,"11":9,"12":0,"13":9,"14":0,"15":9,"16":0,"17":9,"18":2,"19":9,"20":2,"21":7,"22":7,"23":7,"24":7,"25":2,"26":5,"27":3,"28":2,"29":2,"30":0,"31":2,"32":2,"33":30,"34":8,"35":22,"36":22,"37":22,"38":22,"39":2,"40":9,"41":9,"42":2,"43":7,"44":2,"45":5,"46":0,"47":5,"48":2,"49":3,"50":0,"51":3,"52":2,"53":61,"54":34,"55":27,"56":15,"57":15,"58":11,"59":4,"60":12,"61":2,"62":20,"63":20,"64":7,"65":13,"66":2,"67":11,"68":2,"69":36,"70":36,"71":21,"72":15,"73":2,"74":16,"75":16,"76":7,"77":9,"78":2,"79":24,"80":24,"81":7,"82":17,"83":2,"84":15,"85":15,"86":7,"87":8},"f":{"0":39,"1":19,"2":9,"3":5,"4":30,"5":9,"6":61,"7":20,"8":36,"9":16,"10":24,"11":15},"b":{"0":[12,27],"1":[39,30],"2":[10,9],"3":[0,9],"4":[0,9],"5":[0,9],"6":[2,7],"7":[9,7],"8":[3,2],"9":[0,2],"10":[8,22],"11":[30,22],"12":[2,7],"13":[2,5],"14":[0,5],"15":[2,3],"16":[0,3],"17":[34,27],"18":[15,12],"19":[11,4],"20":[4],"21":[7,13],"22":[20,13],"23":[2,11],"24":[21,15],"25":[36,29,22],"26":[7,9],"27":[1],"28":[7,17],"29":[24,22],"30":[7,8],"31":[15,12]},"_coverageSchema":"1a1c01bbd47fc00a2c39e90264f33305004495a9","hash":"66bf04d5720dde76edd285dc498b2bbd8ff12f32"}
,"C:\\Users\\ttagu\\Documents\\PlayBeacon-Repos\\mobile-app\\src\\utils\\xpSystem.js": {"path":"C:\\Users\\ttagu\\Documents\\PlayBeacon-Repos\\mobile-app\\src\\utils\\xpSystem.js","statementMap":{"0":{"start":{"line":2,"column":26},"end":{"line":8,"column":1}},"1":{"start":{"line":16,"column":30},"end":{"line":18,"column":1}},"2":{"start":{"line":17,"column":2},"end":{"line":17,"column":40}},"3":{"start":{"line":26,"column":29},"end":{"line":28,"column":1}},"4":{"start":{"line":27,"column":2},"end":{"line":27,"column":28}},"5":{"start":{"line":35,"column":32},"end":{"line":56,"column":1}},"6":{"start":{"line":36,"column":23},"end":{"line":36,"column":48}},"7":{"start":{"line":37,"column":20},"end":{"line":37,"column":36}},"8":{"start":{"line":39,"column":25},"end":{"line":39,"column":52}},"9":{"start":{"line":40,"column":22},"end":{"line":40,"column":46}},"10":{"start":{"line":42,"column":29},"end":{"line":42,"column":55}},"11":{"start":{"line":43,"column":31},"end":{"line":43,"column":59}},"12":{"start":{"line":45,"column":29},"end":{"line":45,"column":78}},"13":{"start":{"line":47,"column":2},"end":{"line":55,"column":4}},"14":{"start":{"line":63,"column":27},"end":{"line":65,"column":1}},"15":{"start":{"line":64,"column":2},"end":{"line":64,"column":37}},"16":{"start":{"line":73,"column":28},"end":{"line":77,"column":1}},"17":{"start":{"line":74,"column":19},"end":{"line":74,"column":40}},"18":{"start":{"line":75,"column":19},"end":{"line":75,"column":40}},"19":{"start":{"line":76,"column":2},"end":{"line":76,"column":29}},"20":{"start":{"line":85,"column":30},"end":{"line":98,"column":1}},"21":{"start":{"line":86,"column":2},"end":{"line":88,"column":3}},"22":{"start":{"line":87,"column":4},"end":{"line":87,"column":16}},"23":{"start":{"line":90,"column":19},"end":{"line":90,"column":40}},"24":{"start":{"line":91,"column":19},"end":{"line":91,"column":40}},"25":{"start":{"line":93,"column":2},"end":{"line":97,"column":4}}},"fnMap":{"0":{"name":"(anonymous_0)","decl":{"start":{"line":16,"column":30},"end":{"line":16,"column":31}},"loc":{"start":{"line":16,"column":38},"end":{"line":18,"column":1}},"line":16},"1":{"name":"(anonymous_1)","decl":{"start":{"line":26,"column":29},"end":{"line":26,"column":30}},"loc":{"start":{"line":26,"column":40},"end":{"line":28,"column":1}},"line":26},"2":{"name":"(anonymous_2)","decl":{"start":{"line":35,"column":32},"end":{"line":35,"column":33}},"loc":{"start":{"line":35,"column":47},"end":{"line":56,"column":1}},"line":35},"3":{"name":"(anonymous_3)","decl":{"start":{"line":63,"column":27},"end":{"line":63,"column":28}},"loc":{"start":{"line":63,"column":43},"end":{"line":65,"column":1}},"line":63},"4":{"name":"(anonymous_4)","decl":{"start":{"line":73,"column":28},"end":{"line":73,"column":29}},"loc":{"start":{"line":73,"column":46},"end":{"line":77,"column":1}},"line":73},"5":{"name":"(anonymous_5)","decl":{"start":{"line":85,"column":30},"end":{"line":85,"column":31}},"loc":{"start":{"line":85,"column":48},"end":{"line":98,"column":1}},"line":85}},"branchMap":{"0":{"loc":{"start":{"line":64,"column":9},"end":{"line":64,"column":36}},"type":"binary-expr","locations":[{"start":{"line":64,"column":9},"end":{"line":64,"column":31}},{"start":{"line":64,"column":35},"end":{"line":64,"column":36}}],"line":64},"1":{"loc":{"start":{"line":86,"column":2},"end":{"line":88,"column":3}},"type":"if","locations":[{"start":{"line":86,"column":2},"end":{"line":88,"column":3}},{"start":{},"end":{}}],"line":86}},"s":{"0":1,"1":1,"2":299,"3":1,"4":40,"5":1,"6":5,"7":5,"8":5,"9":5,"10":5,"11":5,"12":5,"13":5,"14":1,"15":118,"16":1,"17":120,"18":120,"19":120,"20":1,"21":10,"22":3,"23":7,"24":7,"25":7},"f":{"0":299,"1":40,"2":5,"3":118,"4":120,"5":10},"b":{"0":[118,6],"1":[3,7]},"_coverageSchema":"1a1c01bbd47fc00a2c39e90264f33305004495a9","hash":"6c2a7407b3d2a0c3ca03c6e11a07638f92fff713"}
}
