TN:
SF:src\components\AnimalPickerModal.js
FN:55,AnimalPickerModal
FN:67,(anonymous_1)
FN:72,(anonymous_2)
FN:91,(anonymous_3)
FN:108,(anonymous_4)
FN:147,(anonymous_5)
FN:159,(anonymous_6)
FNF:7
FNH:6
FNDA:50,AnimalPickerModal
FNDA:10,(anonymous_1)
FNDA:7,(anonymous_2)
FNDA:2,(anonymous_3)
FNDA:0,(anonymous_4)
FNDA:144,(anonymous_5)
FNDA:10,(anonymous_6)
DA:29,1
DA:30,1
DA:31,1
DA:32,1
DA:33,1
DA:36,1
DA:61,50
DA:62,50
DA:63,50
DA:65,50
DA:67,50
DA:68,10
DA:69,10
DA:72,50
DA:73,7
DA:75,7
DA:76,7
DA:78,7
DA:79,7
DA:80,4
DA:81,4
DA:82,4
DA:84,2
DA:85,2
DA:87,6
DA:91,50
DA:92,2
DA:93,2
DA:94,2
DA:96,2
DA:98,2
DA:99,2
DA:100,2
DA:102,0
DA:104,2
DA:108,50
DA:109,0
DA:110,0
DA:111,0
DA:114,50
DA:148,144
DA:149,144
DA:151,144
DA:159,10
DA:228,1
LF:45
LH:41
BRDA:73,0,0,0
BRDA:73,0,1,7
BRDA:132,1,0,2
BRDA:132,1,1,48
BRDA:156,2,0,144
BRDA:156,2,1,28
BRDA:157,3,0,28
BRDA:157,3,1,116
BRDA:167,4,0,144
BRDA:167,4,1,0
BRDA:184,5,0,144
BRDA:184,5,1,28
BRDA:196,6,0,48
BRDA:196,6,1,11
BRDA:209,7,0,48
BRDA:209,7,1,28
BRDA:209,7,2,26
BRDA:212,8,0,48
BRDA:212,8,1,39
BRDA:212,8,2,21
BRDA:214,9,0,9
BRDA:214,9,1,39
BRF:22
BRH:20
end_of_record
TN:
SF:src\components\AnimatedDislikeButton.js
FN:21,(anonymous_0)
FN:30,(anonymous_1)
FN:44,(anonymous_2)
FNF:3
FNH:0
FNDA:0,(anonymous_0)
FNDA:0,(anonymous_1)
FNDA:0,(anonymous_2)
DA:14,0
DA:15,0
DA:16,0
DA:21,0
DA:27,0
DA:28,0
DA:30,0
DA:32,0
DA:33,0
DA:34,0
DA:35,0
DA:39,0
DA:40,0
DA:44,0
DA:45,0
DA:48,0
DA:54,0
DA:84,0
LF:18
LH:0
BRDA:23,0,0,0
BRDA:24,1,0,0
BRDA:25,2,0,0
BRDA:32,3,0,0
BRDA:32,3,1,0
BRDA:32,4,0,0
BRDA:32,4,1,0
BRDA:39,5,0,0
BRDA:39,5,1,0
BRDA:62,6,0,0
BRDA:62,6,1,0
BRDA:69,7,0,0
BRDA:69,7,1,0
BRDA:73,8,0,0
BRDA:73,8,1,0
BRF:15
BRH:0
end_of_record
TN:
SF:src\components\AnimatedLikeButton.js
FN:21,(anonymous_0)
FN:29,(anonymous_1)
FNF:2
FNH:0
FNDA:0,(anonymous_0)
FNDA:0,(anonymous_1)
DA:14,0
DA:15,0
DA:16,0
DA:21,0
DA:27,0
DA:29,0
DA:31,0
DA:32,0
DA:33,0
DA:37,0
DA:38,0
DA:42,0
DA:48,0
DA:71,0
LF:14
LH:0
BRDA:23,0,0,0
BRDA:24,1,0,0
BRDA:25,2,0,0
BRDA:31,3,0,0
BRDA:31,3,1,0
BRDA:31,4,0,0
BRDA:31,4,1,0
BRDA:37,5,0,0
BRDA:37,5,1,0
BRDA:55,6,0,0
BRDA:55,6,1,0
BRF:11
BRH:0
end_of_record
TN:
SF:src\components\Bear.js
FN:174,Bear
FN:210,(anonymous_1)
FN:219,(anonymous_2)
FN:227,(anonymous_3)
FN:232,(anonymous_4)
FN:238,(anonymous_5)
FN:245,(anonymous_6)
FN:250,(anonymous_7)
FN:252,(anonymous_8)
FN:262,(anonymous_9)
FN:270,(anonymous_10)
FN:275,(anonymous_11)
FN:277,(anonymous_12)
FN:290,(anonymous_13)
FN:298,(anonymous_14)
FN:303,(anonymous_15)
FN:305,(anonymous_16)
FN:318,(anonymous_17)
FN:326,(anonymous_18)
FN:331,(anonymous_19)
FN:340,(anonymous_20)
FN:348,(anonymous_21)
FN:358,(anonymous_22)
FN:381,(anonymous_23)
FN:428,BearPositioned
FN:435,(anonymous_25)
FN:482,BearReactive
FN:486,(anonymous_27)
FN:492,(anonymous_28)
FNF:29
FNH:24
FNDA:63,Bear
FNDA:25,(anonymous_1)
FNDA:62,(anonymous_2)
FNDA:62,(anonymous_3)
FNDA:62,(anonymous_4)
FNDA:61,(anonymous_5)
FNDA:62,(anonymous_6)
FNDA:49,(anonymous_7)
FNDA:14,(anonymous_8)
FNDA:35,(anonymous_9)
FNDA:62,(anonymous_10)
FNDA:38,(anonymous_11)
FNDA:3,(anonymous_12)
FNDA:35,(anonymous_13)
FNDA:62,(anonymous_14)
FNDA:35,(anonymous_15)
FNDA:2,(anonymous_16)
FNDA:33,(anonymous_17)
FNDA:61,(anonymous_18)
FNDA:0,(anonymous_19)
FNDA:1,(anonymous_20)
FNDA:0,(anonymous_21)
FNDA:0,(anonymous_22)
FNDA:60,(anonymous_23)
FNDA:8,BearPositioned
FNDA:8,(anonymous_25)
FNDA:5,BearReactive
FNDA:0,(anonymous_27)
FNDA:0,(anonymous_28)
DA:30,1
DA:53,1
DA:76,1
DA:89,1
DA:106,1
DA:115,1
DA:135,1
DA:145,1
DA:146,1
DA:151,1
DA:187,63
DA:188,63
DA:189,63
DA:192,63
DA:193,63
DA:194,63
DA:195,63
DA:196,63
DA:199,63
DA:202,63
DA:205,63
DA:210,63
DA:211,25
DA:212,24
DA:213,24
DA:214,22
DA:219,63
DA:220,62
DA:221,25
DA:223,62
DA:227,63
DA:228,62
DA:232,63
DA:233,62
DA:234,61
DA:238,63
DA:239,61
DA:240,61
DA:241,61
DA:245,63
DA:246,62
DA:247,27
DA:250,35
DA:251,49
DA:252,49
DA:253,14
DA:254,14
DA:256,14
DA:260,35
DA:262,35
DA:263,35
DA:264,35
DA:270,63
DA:271,62
DA:272,27
DA:275,35
DA:276,38
DA:277,38
DA:278,3
DA:279,3
DA:282,3
DA:284,3
DA:288,35
DA:290,35
DA:291,35
DA:292,35
DA:298,63
DA:299,62
DA:300,29
DA:303,33
DA:304,35
DA:305,35
DA:306,2
DA:307,2
DA:310,2
DA:312,2
DA:316,33
DA:318,33
DA:319,33
DA:320,33
DA:326,63
DA:327,61
DA:328,60
DA:331,1
DA:332,0
DA:333,0
DA:334,0
DA:338,1
DA:340,1
DA:341,1
DA:342,1
DA:348,63
DA:349,0
DA:352,0
DA:353,0
DA:358,63
DA:359,0
DA:362,0
DA:363,0
DA:365,0
DA:366,0
DA:368,0
DA:371,0
DA:372,0
DA:373,0
DA:375,0
DA:381,63
DA:382,60
DA:390,63
DA:391,0
DA:395,63
DA:414,63
DA:415,60
DA:422,3
DA:433,8
DA:435,8
DA:436,8
DA:438,8
DA:440,1
DA:446,4
DA:452,1
DA:458,1
DA:464,1
DA:472,8
DA:483,5
DA:486,5
DA:487,0
DA:488,0
DA:489,0
DA:491,0
DA:492,0
DA:497,5
DA:500,1
LF:133
LH:111
BRDA:175,0,0,27
BRDA:176,1,0,60
BRDA:178,2,0,62
BRDA:179,3,0,62
BRDA:180,4,0,62
BRDA:183,5,0,60
BRDA:184,6,0,62
BRDA:185,7,0,58
BRDA:205,8,0,63
BRDA:205,8,1,62
BRDA:211,9,0,1
BRDA:211,9,1,24
BRDA:213,10,0,22
BRDA:213,10,1,2
BRDA:220,11,0,25
BRDA:220,11,1,37
BRDA:220,12,0,62
BRDA:220,12,1,62
BRDA:220,12,2,27
BRDA:228,13,0,62
BRDA:228,13,1,0
BRDA:233,14,0,1
BRDA:233,14,1,61
BRDA:246,15,0,27
BRDA:246,15,1,35
BRDA:246,16,0,62
BRDA:246,16,1,61
BRDA:253,17,0,14
BRDA:253,17,1,0
BRDA:253,18,0,14
BRDA:253,18,1,14
BRDA:263,19,0,35
BRDA:263,19,1,0
BRDA:271,20,0,27
BRDA:271,20,1,35
BRDA:271,21,0,62
BRDA:271,21,1,61
BRDA:278,22,0,3
BRDA:278,22,1,0
BRDA:278,23,0,3
BRDA:278,23,1,3
BRDA:291,24,0,35
BRDA:291,24,1,0
BRDA:299,25,0,29
BRDA:299,25,1,33
BRDA:299,26,0,62
BRDA:299,26,1,58
BRDA:299,26,2,33
BRDA:306,27,0,2
BRDA:306,27,1,0
BRDA:306,28,0,2
BRDA:306,28,1,2
BRDA:319,29,0,33
BRDA:319,29,1,0
BRDA:327,30,0,60
BRDA:327,30,1,1
BRDA:327,31,0,61
BRDA:327,31,1,1
BRDA:333,32,0,0
BRDA:333,32,1,0
BRDA:333,33,0,0
BRDA:333,33,1,0
BRDA:341,34,0,1
BRDA:341,34,1,0
BRDA:349,35,0,0
BRDA:349,35,1,0
BRDA:352,36,0,0
BRDA:352,36,1,0
BRDA:352,37,0,0
BRDA:352,37,1,0
BRDA:362,38,0,0
BRDA:362,38,1,0
BRDA:365,39,0,0
BRDA:365,39,1,0
BRDA:371,40,0,0
BRDA:371,40,1,0
BRDA:373,41,0,0
BRDA:373,41,1,0
BRDA:390,42,0,0
BRDA:390,42,1,63
BRDA:414,43,0,60
BRDA:414,43,1,3
BRDA:429,44,0,4
BRDA:430,45,0,7
BRDA:438,46,0,1
BRDA:438,46,1,4
BRDA:438,46,2,1
BRDA:438,46,3,1
BRDA:438,46,4,1
BRDA:482,47,0,4
BRDA:482,48,0,4
BRDA:488,49,0,0
BRDA:488,49,1,0
BRDA:491,50,0,0
BRDA:491,50,1,0
BRF:95
BRH:64
end_of_record
TN:
SF:src\components\BearLoading.js
FN:20,BearLoading
FN:53,BearLoadingOverlay
FN:66,BearLoadingInline
FN:85,BearLoadingPlaceholder
FNF:4
FNH:0
FNDA:0,BearLoading
FNDA:0,BearLoadingOverlay
FNDA:0,BearLoadingInline
FNDA:0,BearLoadingPlaceholder
DA:26,0
DA:54,0
DA:56,0
DA:67,0
DA:86,0
DA:98,0
LF:6
LH:0
BRDA:21,0,0,0
BRDA:22,1,0,0
BRDA:23,2,0,0
BRDA:35,3,0,0
BRDA:35,3,1,0
BRDA:39,4,0,0
BRDA:39,4,1,0
BRDA:54,5,0,0
BRDA:54,5,1,0
BRDA:75,6,0,0
BRDA:75,6,1,0
BRDA:85,7,0,0
BRF:12
BRH:0
end_of_record
TN:
SF:src\components\BearMascot.js
FN:78,BearMascot
FN:91,(anonymous_1)
FN:100,(anonymous_2)
FN:124,(anonymous_3)
FN:186,BearSmall
FN:199,BearMedium
FN:211,BearLarge
FN:223,BearThinking
FN:237,BearSad
FN:251,BearCelebrating
FN:265,BearWaving
FN:278,BearJumping
FN:291,BearSleeping
FN:305,BearYes
FN:318,BearNo
FN:331,BearSurprised
FN:344,BearHappy
FNF:17
FNH:0
FNDA:0,BearMascot
FNDA:0,(anonymous_1)
FNDA:0,(anonymous_2)
FNDA:0,(anonymous_3)
FNDA:0,BearSmall
FNDA:0,BearMedium
FNDA:0,BearLarge
FNDA:0,BearThinking
FNDA:0,BearSad
FNDA:0,BearCelebrating
FNDA:0,BearWaving
FNDA:0,BearJumping
FNDA:0,BearSleeping
FNDA:0,BearYes
FNDA:0,BearNo
FNDA:0,BearSurprised
FNDA:0,BearHappy
DA:17,0
DA:49,0
DA:86,0
DA:87,0
DA:88,0
DA:91,0
DA:92,0
DA:93,0
DA:94,0
DA:95,0
DA:100,0
DA:101,0
DA:103,0
DA:116,0
DA:117,0
DA:118,0
DA:124,0
DA:125,0
DA:126,0
DA:127,0
DA:129,0
DA:130,0
DA:135,0
DA:146,0
DA:147,0
DA:159,0
DA:170,0
DA:171,0
DA:178,0
DA:187,0
DA:200,0
DA:212,0
DA:224,0
DA:238,0
DA:252,0
DA:266,0
DA:279,0
DA:292,0
DA:306,0
DA:319,0
DA:332,0
DA:345,0
DA:357,0
LF:43
LH:0
BRDA:79,0,0,0
BRDA:80,1,0,0
BRDA:82,2,0,0
BRDA:84,3,0,0
BRDA:93,4,0,0
BRDA:93,4,1,0
BRDA:101,5,0,0
BRDA:101,5,1,0
BRDA:101,6,0,0
BRDA:101,6,1,0
BRDA:116,7,0,0
BRDA:116,7,1,0
BRDA:125,8,0,0
BRDA:125,8,1,0
BRDA:127,9,0,0
BRDA:127,9,1,0
BRDA:146,10,0,0
BRDA:146,10,1,0
BRDA:170,11,0,0
BRDA:170,11,1,0
BRDA:223,12,0,0
BRDA:237,13,0,0
BRDA:251,14,0,0
BRDA:265,15,0,0
BRDA:278,16,0,0
BRDA:291,17,0,0
BRDA:305,18,0,0
BRDA:318,19,0,0
BRDA:331,20,0,0
BRDA:344,21,0,0
BRF:30
BRH:0
end_of_record
TN:
SF:src\components\BearScreens.js
FN:22,BearHome
FN:47,BearDiscovery
FN:50,(anonymous_2)
FN:83,BearWishlist
FN:86,(anonymous_4)
FN:113,BearProfile
FN:116,(anonymous_6)
FN:146,BearOnboarding
FN:177,BearGameDetail
FN:181,(anonymous_9)
FN:210,BearLoadingScreen
FN:230,BearError
FN:252,BearEmpty
FN:273,GlobalBear
FN:278,(anonymous_14)
FNF:15
FNH:0
FNDA:0,BearHome
FNDA:0,BearDiscovery
FNDA:0,(anonymous_2)
FNDA:0,BearWishlist
FNDA:0,(anonymous_4)
FNDA:0,BearProfile
FNDA:0,(anonymous_6)
FNDA:0,BearOnboarding
FNDA:0,BearGameDetail
FNDA:0,(anonymous_9)
FNDA:0,BearLoadingScreen
FNDA:0,BearError
FNDA:0,BearEmpty
FNDA:0,GlobalBear
FNDA:0,(anonymous_14)
DA:23,0
DA:25,0
DA:27,0
DA:48,0
DA:50,0
DA:51,0
DA:52,0
DA:53,0
DA:54,0
DA:55,0
DA:56,0
DA:57,0
DA:58,0
DA:62,0
DA:64,0
DA:84,0
DA:86,0
DA:87,0
DA:88,0
DA:92,0
DA:94,0
DA:114,0
DA:116,0
DA:117,0
DA:118,0
DA:119,0
DA:120,0
DA:124,0
DA:126,0
DA:147,0
DA:155,0
DA:157,0
DA:178,0
DA:179,0
DA:181,0
DA:182,0
DA:183,0
DA:185,0
DA:189,0
DA:191,0
DA:211,0
DA:231,0
DA:233,0
DA:253,0
DA:274,0
DA:275,0
DA:278,0
DA:279,0
DA:282,0
DA:284,0
DA:298,0
LF:51
LH:0
BRDA:25,0,0,0
BRDA:25,0,1,0
BRDA:51,1,0,0
BRDA:51,1,1,0
BRDA:53,2,0,0
BRDA:53,2,1,0
BRDA:55,3,0,0
BRDA:55,3,1,0
BRDA:57,4,0,0
BRDA:57,4,1,0
BRDA:62,5,0,0
BRDA:62,5,1,0
BRDA:87,6,0,0
BRDA:87,6,1,0
BRDA:92,7,0,0
BRDA:92,7,1,0
BRDA:117,8,0,0
BRDA:117,8,1,0
BRDA:119,9,0,0
BRDA:119,9,1,0
BRDA:124,10,0,0
BRDA:124,10,1,0
BRDA:134,11,0,0
BRDA:134,11,1,0
BRDA:155,12,0,0
BRDA:155,12,1,0
BRDA:182,13,0,0
BRDA:182,13,1,0
BRDA:189,14,0,0
BRDA:189,14,1,0
BRDA:230,15,0,0
BRDA:231,16,0,0
BRDA:231,16,1,0
BRDA:282,17,0,0
BRDA:282,17,1,0
BRF:35
BRH:0
end_of_record
TN:
SF:src\components\CachedImage.js
FN:21,(anonymous_0)
FN:30,(anonymous_1)
FN:35,(anonymous_2)
FN:38,(anonymous_3)
FN:54,(anonymous_4)
FN:76,(anonymous_5)
FN:86,CachedImage
FN:106,(anonymous_7)
FN:112,(anonymous_8)
FN:130,(anonymous_9)
FN:187,(anonymous_10)
FN:188,(anonymous_11)
FN:191,(anonymous_12)
FN:192,(anonymous_13)
FN:200,(anonymous_14)
FN:207,(anonymous_15)
FNF:16
FNH:0
FNDA:0,(anonymous_0)
FNDA:0,(anonymous_1)
FNDA:0,(anonymous_2)
FNDA:0,(anonymous_3)
FNDA:0,(anonymous_4)
FNDA:0,(anonymous_5)
FNDA:0,CachedImage
FNDA:0,(anonymous_7)
FNDA:0,(anonymous_8)
FNDA:0,(anonymous_9)
FNDA:0,(anonymous_10)
FNDA:0,(anonymous_11)
FNDA:0,(anonymous_12)
FNDA:0,(anonymous_13)
FNDA:0,(anonymous_14)
FNDA:0,(anonymous_15)
DA:18,0
DA:19,0
DA:21,0
DA:22,0
DA:24,0
DA:25,0
DA:27,0
DA:30,0
DA:35,0
DA:36,0
DA:38,0
DA:39,0
DA:53,0
DA:54,0
DA:57,0
DA:62,0
DA:76,0
DA:77,0
DA:99,0
DA:100,0
DA:102,0
DA:103,0
DA:104,0
DA:106,0
DA:107,0
DA:108,0
DA:112,0
DA:113,0
DA:114,0
DA:115,0
DA:119,0
DA:120,0
DA:127,0
DA:130,0
DA:131,0
DA:132,0
DA:133,0
DA:137,0
DA:138,0
DA:145,0
DA:187,0
DA:188,0
DA:189,0
DA:190,0
DA:191,0
DA:200,0
DA:201,0
DA:207,0
DA:212,0
LF:49
LH:0
BRDA:22,0,0,0
BRDA:22,0,1,0
BRDA:76,1,0,0
BRDA:89,2,0,0
BRDA:90,3,0,0
BRDA:91,4,0,0
BRDA:92,5,0,0
BRDA:95,6,0,0
BRDA:96,7,0,0
BRDA:100,8,0,0
BRDA:100,8,1,0
BRDA:104,9,0,0
BRDA:104,9,1,0
BRDA:107,10,0,0
BRDA:107,10,1,0
BRDA:114,11,0,0
BRDA:114,11,1,0
BRDA:119,12,0,0
BRDA:119,12,1,0
BRDA:137,13,0,0
BRDA:137,13,1,0
BRDA:140,14,0,0
BRDA:140,14,1,0
BRDA:148,15,0,0
BRDA:148,15,1,0
BRDA:148,15,2,0
BRDA:153,16,0,0
BRDA:153,16,1,0
BRDA:153,16,2,0
BRDA:158,17,0,0
BRDA:158,17,1,0
BRDA:189,18,0,0
BRDA:189,18,1,0
BRDA:189,19,0,0
BRDA:189,19,1,0
BRF:35
BRH:0
end_of_record
TN:
SF:src\components\CollectionPickerModal.js
FN:17,CollectionPickerModal
FN:25,(anonymous_1)
FN:31,(anonymous_2)
FN:44,(anonymous_3)
FN:66,(anonymous_4)
FN:69,(anonymous_5)
FN:123,(anonymous_6)
FNF:7
FNH:0
FNDA:0,CollectionPickerModal
FNDA:0,(anonymous_1)
FNDA:0,(anonymous_2)
FNDA:0,(anonymous_3)
FNDA:0,(anonymous_4)
FNDA:0,(anonymous_5)
FNDA:0,(anonymous_6)
DA:18,0
DA:19,0
DA:20,0
DA:23,0
DA:25,0
DA:26,0
DA:27,0
DA:31,0
DA:32,0
DA:33,0
DA:34,0
DA:35,0
DA:37,0
DA:38,0
DA:40,0
DA:44,0
DA:45,0
DA:46,0
DA:47,0
DA:50,0
DA:52,0
DA:53,0
DA:55,0
DA:56,0
DA:57,0
DA:59,0
DA:62,0
DA:66,0
DA:67,0
DA:69,0
DA:86,0
DA:123,0
DA:133,0
LF:33
LH:0
BRDA:26,0,0,0
BRDA:26,0,1,0
BRDA:56,1,0,0
BRDA:56,1,1,0
BRDA:75,2,0,0
BRDA:75,2,1,0
BRDA:78,3,0,0
BRDA:78,3,1,0
BRDA:102,4,0,0
BRDA:102,4,1,0
BRDA:108,5,0,0
BRDA:108,5,1,0
BRDA:112,6,0,0
BRDA:112,6,1,0
BRF:14
BRH:0
end_of_record
TN:
SF:src\components\EmptyState.js
FN:23,EmptyState
FN:61,EmptySearchState
FN:74,EmptyFavoritesState
FN:87,EmptyCollectionsState
FN:100,EmptyQueueState
FN:113,ErrorState
FN:126,LoadingState
FN:141,WelcomeState
FN:155,OfflineState
FNF:9
FNH:0
FNDA:0,EmptyState
FNDA:0,EmptySearchState
FNDA:0,EmptyFavoritesState
FNDA:0,EmptyCollectionsState
FNDA:0,EmptyQueueState
FNDA:0,ErrorState
FNDA:0,LoadingState
FNDA:0,WelcomeState
FNDA:0,OfflineState
DA:32,0
DA:62,0
DA:75,0
DA:88,0
DA:101,0
DA:114,0
DA:127,0
DA:142,0
DA:156,0
DA:167,0
LF:10
LH:0
BRDA:26,0,0,0
BRDA:29,1,0,0
BRDA:43,2,0,0
BRDA:43,2,1,0
BRDA:47,3,0,0
BRDA:47,3,1,0
BRDA:47,3,2,0
BRDA:67,4,0,0
BRDA:67,4,1,0
BRDA:106,5,0,0
BRDA:106,5,1,0
BRDA:117,6,0,0
BRDA:117,6,1,0
BRDA:135,7,0,0
BRDA:135,7,1,0
BRF:15
BRH:0
end_of_record
TN:
SF:src\components\ErrorBoundary.js
FN:23,(anonymous_0)
FN:32,(anonymous_1)
FN:37,(anonymous_2)
FN:57,(anonymous_3)
FN:65,(anonymous_4)
FNF:5
FNH:5
FNDA:20,(anonymous_0)
FNDA:16,(anonymous_1)
FNDA:8,(anonymous_2)
FNDA:1,(anonymous_3)
FNDA:46,(anonymous_4)
DA:24,20
DA:25,20
DA:34,16
DA:39,8
DA:40,8
DA:42,8
DA:48,8
DA:51,8
DA:57,20
DA:58,1
DA:66,46
DA:68,24
DA:102,22
DA:106,1
LF:14
LH:14
BRDA:66,0,0,24
BRDA:66,0,1,22
BRDA:89,1,0,24
BRDA:89,1,1,21
BRDA:89,1,2,7
BRF:5
BRH:5
end_of_record
TN:
SF:src\components\LoadingOverlay.js
FN:18,LoadingOverlay
FN:47,InlineLoader
FN:59,ButtonLoader
FN:66,FullScreenLoader
FNF:4
FNH:0
FNDA:0,LoadingOverlay
FNDA:0,InlineLoader
FNDA:0,ButtonLoader
FNDA:0,FullScreenLoader
DA:24,0
DA:26,0
DA:48,0
DA:60,0
DA:67,0
DA:76,0
LF:6
LH:0
BRDA:20,0,0,0
BRDA:21,1,0,0
BRDA:22,2,0,0
BRDA:24,3,0,0
BRDA:24,3,1,0
BRDA:35,4,0,0
BRDA:35,4,1,0
BRDA:37,5,0,0
BRDA:37,5,1,0
BRDA:47,6,0,0
BRDA:51,7,0,0
BRDA:51,7,1,0
BRDA:59,8,0,0
BRDA:71,9,0,0
BRDA:71,9,1,0
BRF:15
BRH:0
end_of_record
TN:
SF:src\components\LottieAnim.js
FN:24,LottieAnim
FN:41,(anonymous_1)
FN:44,(anonymous_2)
FN:45,(anonymous_3)
FN:50,(anonymous_4)
FN:58,(anonymous_5)
FN:69,(anonymous_6)
FN:77,(anonymous_7)
FN:85,(anonymous_8)
FN:93,(anonymous_9)
FN:129,MicroAnim
FN:144,LoadingAnim
FN:158,CelebrationAnim
FN:174,MascotAnim
FN:188,EmptyStateAnim
FNF:15
FNH:0
FNDA:0,LottieAnim
FNDA:0,(anonymous_1)
FNDA:0,(anonymous_2)
FNDA:0,(anonymous_3)
FNDA:0,(anonymous_4)
FNDA:0,(anonymous_5)
FNDA:0,(anonymous_6)
FNDA:0,(anonymous_7)
FNDA:0,(anonymous_8)
FNDA:0,(anonymous_9)
FNDA:0,MicroAnim
FNDA:0,LoadingAnim
FNDA:0,CelebrationAnim
FNDA:0,MascotAnim
FNDA:0,EmptyStateAnim
DA:36,0
DA:37,0
DA:38,0
DA:41,0
DA:42,0
DA:44,0
DA:45,0
DA:50,0
DA:51,0
DA:52,0
DA:53,0
DA:58,0
DA:59,0
DA:60,0
DA:61,0
DA:62,0
DA:64,0
DA:69,0
DA:70,0
DA:71,0
DA:72,0
DA:77,0
DA:78,0
DA:79,0
DA:80,0
DA:85,0
DA:86,0
DA:87,0
DA:88,0
DA:93,0
DA:94,0
DA:95,0
DA:105,0
DA:106,0
DA:109,0
DA:130,0
DA:145,0
DA:159,0
DA:175,0
DA:189,0
DA:201,0
LF:41
LH:0
BRDA:27,0,0,0
BRDA:28,1,0,0
BRDA:29,2,0,0
BRDA:32,3,0,0
BRDA:42,4,0,0
BRDA:42,4,1,0
BRDA:52,5,0,0
BRDA:52,5,1,0
BRDA:52,6,0,0
BRDA:52,6,1,0
BRDA:59,7,0,0
BRDA:59,7,1,0
BRDA:61,8,0,0
BRDA:61,8,1,0
BRDA:70,9,0,0
BRDA:70,9,1,0
BRDA:78,10,0,0
BRDA:78,10,1,0
BRDA:86,11,0,0
BRDA:86,11,1,0
BRDA:94,12,0,0
BRDA:94,12,1,0
BRDA:105,13,0,0
BRDA:105,13,1,0
BRDA:105,14,0,0
BRDA:105,14,1,0
BRDA:174,15,0,0
BRF:27
BRH:0
end_of_record
TN:
SF:src\components\OfflineBanner.js
FN:11,OfflineBanner
FN:18,(anonymous_1)
FN:34,(anonymous_2)
FN:74,OfflineIndicator
FNF:4
FNH:0
FNDA:0,OfflineBanner
FNDA:0,(anonymous_1)
FNDA:0,(anonymous_2)
FNDA:0,OfflineIndicator
DA:12,0
DA:13,0
DA:14,0
DA:15,0
DA:18,0
DA:19,0
DA:21,0
DA:22,0
DA:35,0
DA:36,0
DA:39,0
DA:43,0
DA:44,0
DA:53,0
DA:54,0
DA:57,0
DA:75,0
DA:77,0
DA:78,0
DA:81,0
DA:88,0
LF:21
LH:0
BRDA:19,0,0,0
BRDA:19,0,1,0
BRDA:19,1,0,0
BRDA:19,1,1,0
BRDA:43,2,0,0
BRDA:43,2,1,0
BRDA:53,3,0,0
BRDA:53,3,1,0
BRDA:61,4,0,0
BRDA:61,4,1,0
BRDA:77,5,0,0
BRDA:77,5,1,0
BRF:12
BRH:0
end_of_record
TN:
SF:src\components\OptimizedImage.js
FN:5,OptimizedImage
FN:16,(anonymous_1)
FN:25,(anonymous_2)
FNF:3
FNH:0
FNDA:0,OptimizedImage
FNDA:0,(anonymous_1)
FNDA:0,(anonymous_2)
DA:12,0
DA:13,0
DA:14,0
DA:16,0
DA:17,0
DA:18,0
DA:25,0
DA:26,0
DA:27,0
DA:30,0
DA:63,0
LF:11
LH:0
BRDA:8,0,0,0
BRDA:9,1,0,0
BRDA:36,2,0,0
BRDA:36,2,1,0
BRDA:36,2,2,0
BRDA:56,3,0,0
BRDA:56,3,1,0
BRDA:56,3,2,0
BRF:8
BRH:0
end_of_record
TN:
SF:src\components\ParentalGate.js
FN:23,ParentalGate
FN:30,(anonymous_1)
FN:42,(anonymous_2)
FN:57,(anonymous_3)
FN:95,(anonymous_4)
FNF:5
FNH:0
FNDA:0,ParentalGate
FNDA:0,(anonymous_1)
FNDA:0,(anonymous_2)
FNDA:0,(anonymous_3)
FNDA:0,(anonymous_4)
DA:21,0
DA:24,0
DA:25,0
DA:26,0
DA:27,0
DA:28,0
DA:30,0
DA:31,0
DA:32,0
DA:35,0
DA:42,0
DA:43,0
DA:44,0
DA:45,0
DA:47,0
DA:48,0
DA:49,0
DA:50,0
DA:51,0
DA:52,0
DA:57,0
DA:59,0
DA:60,0
DA:62,0
DA:63,0
DA:64,0
DA:65,0
DA:68,0
DA:73,0
DA:75,0
DA:95,0
DA:126,0
LF:32
LH:0
BRDA:47,0,0,0
BRDA:47,0,1,0
BRDA:59,1,0,0
BRDA:59,1,1,0
BRDA:97,2,0,0
BRDA:97,2,1,0
BRDA:107,3,0,0
BRDA:107,3,1,0
BRF:8
BRH:0
end_of_record
TN:
SF:src\components\ProfileAvatar.js
FN:34,ProfileAvatar
FN:50,(anonymous_1)
FNF:2
FNH:2
FNDA:21,ProfileAvatar
FNDA:21,(anonymous_1)
DA:15,1
DA:41,21
DA:42,21
DA:44,21
DA:50,21
DA:51,21
DA:82,21
DA:83,1
DA:90,20
DA:93,1
LF:10
LH:10
BRDA:35,0,0,14
BRDA:36,1,0,18
BRDA:37,2,0,20
BRDA:38,3,0,18
BRDA:39,4,0,19
BRDA:41,5,0,21
BRDA:41,5,1,6
BRDA:51,6,0,21
BRDA:51,6,1,4
BRDA:52,7,0,4
BRDA:52,7,1,17
BRDA:60,8,0,2
BRDA:60,8,1,15
BRDA:62,9,0,2
BRDA:62,9,1,15
BRDA:67,10,0,21
BRDA:67,10,1,1
BRDA:74,11,0,21
BRDA:74,11,1,2
BRDA:74,11,2,2
BRDA:82,12,0,1
BRDA:82,12,1,20
BRF:22
BRH:22
end_of_record
TN:
SF:src\components\ProfileButton.js
FN:31,ProfileButton
FN:36,(anonymous_1)
FN:50,(anonymous_2)
FN:56,(anonymous_3)
FN:61,(anonymous_4)
FNF:5
FNH:0
FNDA:0,ProfileButton
FNDA:0,(anonymous_1)
FNDA:0,(anonymous_2)
FNDA:0,(anonymous_3)
FNDA:0,(anonymous_4)
DA:12,0
DA:32,0
DA:33,0
DA:36,0
DA:37,0
DA:38,0
DA:39,0
DA:40,0
DA:42,0
DA:45,0
DA:50,0
DA:51,0
DA:55,0
DA:57,0
DA:61,0
DA:62,0
DA:63,0
DA:66,0
DA:68,0
DA:87,0
LF:20
LH:0
BRDA:39,0,0,0
BRDA:39,0,1,0
BRDA:66,1,0,0
BRDA:66,1,1,0
BRDA:70,2,0,0
BRDA:70,2,1,0
BRDA:74,3,0,0
BRDA:74,3,1,0
BRF:8
BRH:0
end_of_record
TN:
SF:src\components\RefreshableList.js
FN:23,(anonymous_0)
FN:38,(anonymous_1)
FN:50,(anonymous_2)
FN:61,RefreshableList
FN:84,(anonymous_4)
FN:95,(anonymous_5)
FN:144,RefreshableScrollView
FN:156,(anonymous_7)
FNF:8
FNH:0
FNDA:0,(anonymous_0)
FNDA:0,(anonymous_1)
FNDA:0,(anonymous_2)
FNDA:0,RefreshableList
FNDA:0,(anonymous_4)
FNDA:0,(anonymous_5)
FNDA:0,RefreshableScrollView
FNDA:0,(anonymous_7)
DA:23,0
DA:24,0
DA:38,0
DA:39,0
DA:50,0
DA:51,0
DA:53,0
DA:81,0
DA:82,0
DA:84,0
DA:85,0
DA:87,0
DA:88,0
DA:89,0
DA:91,0
DA:95,0
DA:96,0
DA:97,0
DA:100,0
DA:103,0
DA:108,0
DA:110,0
DA:153,0
DA:154,0
DA:156,0
DA:157,0
DA:159,0
DA:160,0
DA:161,0
DA:163,0
DA:167,0
DA:170,0
DA:172,0
DA:192,0
LF:34
LH:0
BRDA:27,0,0,0
BRDA:27,0,1,0
BRDA:40,1,0,0
BRDA:40,1,1,0
BRDA:42,2,0,0
BRDA:42,2,1,0
BRDA:42,3,0,0
BRDA:42,3,1,0
BRDA:51,4,0,0
BRDA:51,4,1,0
BRDA:67,5,0,0
BRDA:68,6,0,0
BRDA:69,7,0,0
BRDA:75,8,0,0
BRDA:85,9,0,0
BRDA:85,9,1,0
BRDA:96,10,0,0
BRDA:96,10,1,0
BRDA:96,11,0,0
BRDA:96,11,1,0
BRDA:100,12,0,0
BRDA:100,12,1,0
BRDA:103,13,0,0
BRDA:103,13,1,0
BRDA:108,14,0,0
BRDA:108,14,1,0
BRDA:116,15,0,0
BRDA:116,15,1,0
BRDA:120,16,0,0
BRDA:120,16,1,0
BRDA:120,17,0,0
BRDA:120,17,1,0
BRDA:130,18,0,0
BRDA:130,18,1,0
BRDA:147,19,0,0
BRDA:157,20,0,0
BRDA:157,20,1,0
BRDA:167,21,0,0
BRDA:167,21,1,0
BRDA:177,22,0,0
BRDA:177,22,1,0
BRDA:181,23,0,0
BRDA:181,23,1,0
BRDA:181,24,0,0
BRDA:181,24,1,0
BRF:45
BRH:0
end_of_record
TN:
SF:src\components\SkeletonLoader.js
FN:5,SkeletonLoader
FN:8,(anonymous_1)
FN:24,(anonymous_2)
FN:32,(anonymous_3)
FN:48,(anonymous_4)
FN:59,(anonymous_5)
FN:69,(anonymous_6)
FN:84,(anonymous_7)
FN:94,(anonymous_8)
FN:104,(anonymous_9)
FN:114,(anonymous_10)
FN:137,(anonymous_11)
FNF:12
FNH:12
FNDA:30,SkeletonLoader
FNDA:30,(anonymous_1)
FNDA:30,(anonymous_2)
FNDA:5,(anonymous_3)
FNDA:21,(anonymous_4)
FNDA:2,(anonymous_5)
FNDA:1,(anonymous_6)
FNDA:6,(anonymous_7)
FNDA:4,(anonymous_8)
FNDA:2,(anonymous_9)
FNDA:41,(anonymous_10)
FNDA:41,(anonymous_11)
DA:6,30
DA:8,30
DA:9,30
DA:23,30
DA:24,30
DA:27,30
DA:32,30
DA:33,5
DA:48,30
DA:49,21
DA:59,30
DA:60,2
DA:69,30
DA:70,1
DA:84,30
DA:85,6
DA:94,30
DA:95,4
DA:104,30
DA:105,2
DA:114,30
DA:115,41
DA:117,5
DA:119,2
DA:121,2
DA:123,1
DA:125,6
DA:127,4
DA:129,2
DA:131,19
DA:135,30
DA:138,41
DA:144,1
LF:33
LH:33
BRDA:5,0,0,13
BRDA:5,1,0,23
BRDA:115,2,0,5
BRDA:115,2,1,2
BRDA:115,2,2,2
BRDA:115,2,3,1
BRDA:115,2,4,6
BRDA:115,2,5,4
BRDA:115,2,6,2
BRDA:115,2,7,19
BRF:10
BRH:10
end_of_record
TN:
SF:src\components\SoundSettings.js
FN:23,SoundSettings
FN:136,SoundToggle
FN:155,BearSoundToggle
FNF:3
FNH:0
FNDA:0,SoundSettings
FNDA:0,SoundToggle
FNDA:0,BearSoundToggle
DA:34,0
DA:36,0
DA:137,0
DA:139,0
DA:156,0
DA:158,0
DA:174,0
LF:7
LH:0
BRDA:52,0,0,0
BRDA:52,0,1,0
BRDA:57,1,0,0
BRDA:57,1,1,0
BRDA:59,2,0,0
BRDA:59,2,1,0
BRDA:62,3,0,0
BRDA:62,3,1,0
BRDA:67,4,0,0
BRDA:67,4,1,0
BRDA:71,5,0,0
BRDA:71,5,1,0
BRDA:76,6,0,0
BRDA:76,6,1,0
BRDA:78,7,0,0
BRDA:78,7,1,0
BRDA:81,8,0,0
BRDA:81,8,1,0
BRDA:90,9,0,0
BRDA:90,9,1,0
BRDA:95,10,0,0
BRDA:95,10,1,0
BRDA:97,11,0,0
BRDA:97,11,1,0
BRDA:100,12,0,0
BRDA:100,12,1,0
BRDA:111,13,0,0
BRDA:111,13,1,0
BRDA:113,14,0,0
BRDA:113,14,1,0
BRDA:116,15,0,0
BRDA:116,15,1,0
BRDA:119,16,0,0
BRDA:119,16,1,0
BRDA:136,17,0,0
BRDA:146,18,0,0
BRDA:146,18,1,0
BRDA:155,19,0,0
BRDA:159,20,0,0
BRDA:159,20,1,0
BRDA:160,21,0,0
BRDA:160,21,1,0
BRDA:164,22,0,0
BRDA:164,22,1,0
BRDA:168,23,0,0
BRDA:168,23,1,0
BRF:46
BRH:0
end_of_record
TN:
SF:src\components\TouchableWithSound.js
FN:19,TouchableOpacityWithSound
FN:29,(anonymous_1)
FN:39,(anonymous_2)
FN:63,TouchableHighlightWithSound
FN:71,(anonymous_4)
FN:90,PressableWithSound
FN:100,(anonymous_6)
FN:110,(anonymous_7)
FN:134,ButtonWithSound
FN:150,CardWithSound
FN:157,(anonymous_10)
FN:165,(anonymous_11)
FN:186,TabButtonWithSound
FN:193,(anonymous_13)
FN:212,FavoriteButtonWithSound
FN:219,(anonymous_15)
FN:240,ModalTriggerWithSound
FN:246,(anonymous_17)
FN:263,withSound
FN:264,WithSoundComponent
FN:266,(anonymous_20)
FNF:21
FNH:0
FNDA:0,TouchableOpacityWithSound
FNDA:0,(anonymous_1)
FNDA:0,(anonymous_2)
FNDA:0,TouchableHighlightWithSound
FNDA:0,(anonymous_4)
FNDA:0,PressableWithSound
FNDA:0,(anonymous_6)
FNDA:0,(anonymous_7)
FNDA:0,ButtonWithSound
FNDA:0,CardWithSound
FNDA:0,(anonymous_10)
FNDA:0,(anonymous_11)
FNDA:0,TabButtonWithSound
FNDA:0,(anonymous_13)
FNDA:0,FavoriteButtonWithSound
FNDA:0,(anonymous_15)
FNDA:0,ModalTriggerWithSound
FNDA:0,(anonymous_17)
FNDA:0,withSound
FNDA:0,WithSoundComponent
FNDA:0,(anonymous_20)
DA:28,0
DA:30,0
DA:31,0
DA:33,0
DA:38,0
DA:40,0
DA:41,0
DA:43,0
DA:48,0
DA:70,0
DA:72,0
DA:73,0
DA:75,0
DA:80,0
DA:99,0
DA:101,0
DA:102,0
DA:104,0
DA:109,0
DA:111,0
DA:112,0
DA:114,0
DA:119,0
DA:140,0
DA:156,0
DA:158,0
DA:159,0
DA:164,0
DA:166,0
DA:167,0
DA:172,0
DA:192,0
DA:194,0
DA:195,0
DA:197,0
DA:202,0
DA:218,0
DA:220,0
DA:221,0
DA:223,0
DA:225,0
DA:230,0
DA:245,0
DA:247,0
DA:248,0
DA:253,0
DA:264,0
DA:265,0
DA:267,0
DA:268,0
DA:273,0
LF:51
LH:0
BRDA:22,0,0,0
BRDA:23,1,0,0
BRDA:30,2,0,0
BRDA:30,2,1,0
BRDA:30,3,0,0
BRDA:30,3,1,0
BRDA:40,4,0,0
BRDA:40,4,1,0
BRDA:40,5,0,0
BRDA:40,5,1,0
BRDA:65,6,0,0
BRDA:72,7,0,0
BRDA:72,7,1,0
BRDA:93,8,0,0
BRDA:94,9,0,0
BRDA:101,10,0,0
BRDA:101,10,1,0
BRDA:101,11,0,0
BRDA:101,11,1,0
BRDA:111,12,0,0
BRDA:111,12,1,0
BRDA:111,13,0,0
BRDA:111,13,1,0
BRDA:136,14,0,0
BRDA:194,15,0,0
BRDA:194,15,1,0
BRDA:220,16,0,0
BRDA:220,16,1,0
BRDA:263,17,0,0
BRDA:264,18,0,0
BRF:30
BRH:0
end_of_record
TN:
SF:src\components\XPProgressBar.js
FN:6,XPProgressBar
FN:10,(anonymous_1)
FNF:2
FNH:0
FNDA:0,XPProgressBar
FNDA:0,(anonymous_1)
DA:7,0
DA:8,0
DA:10,0
DA:12,0
DA:19,0
DA:24,0
DA:25,0
DA:45,0
DA:87,0
LF:9
LH:0
BRDA:6,0,0,0
BRDA:6,1,0,0
BRDA:24,2,0,0
BRDA:24,2,1,0
BRDA:47,3,0,0
BRDA:47,3,1,0
BRDA:72,4,0,0
BRDA:72,4,1,0
BRF:8
BRH:0
end_of_record
TN:
SF:src\components\ads\PlayBeaconBannerAd.js
FN:40,PlayBeaconBannerAd
FN:53,(anonymous_1)
FN:54,(anonymous_2)
FN:61,(anonymous_3)
FN:70,(anonymous_4)
FN:71,(anonymous_5)
FN:72,(anonymous_6)
FN:80,(anonymous_7)
FN:115,(anonymous_8)
FN:118,(anonymous_9)
FNF:10
FNH:0
FNDA:0,PlayBeaconBannerAd
FNDA:0,(anonymous_1)
FNDA:0,(anonymous_2)
FNDA:0,(anonymous_3)
FNDA:0,(anonymous_4)
FNDA:0,(anonymous_5)
FNDA:0,(anonymous_6)
FNDA:0,(anonymous_7)
FNDA:0,(anonymous_8)
FNDA:0,(anonymous_9)
DA:20,0
DA:23,0
DA:24,0
DA:26,0
DA:27,0
DA:28,0
DA:29,0
DA:30,0
DA:32,0
DA:37,0
DA:38,0
DA:45,0
DA:46,0
DA:47,0
DA:48,0
DA:49,0
DA:50,0
DA:53,0
DA:54,0
DA:55,0
DA:56,0
DA:61,0
DA:62,0
DA:63,0
DA:65,0
DA:67,0
DA:68,0
DA:70,0
DA:71,0
DA:72,0
DA:75,0
DA:76,0
DA:80,0
DA:81,0
DA:82,0
DA:83,0
DA:87,0
DA:88,0
DA:92,0
DA:93,0
DA:97,0
DA:98,0
DA:102,0
DA:104,0
DA:116,0
DA:119,0
DA:126,0
LF:47
LH:0
BRDA:26,0,0,0
BRDA:26,0,1,0
BRDA:55,1,0,0
BRDA:55,1,1,0
BRDA:65,2,0,0
BRDA:65,2,1,0
BRDA:87,3,0,0
BRDA:87,3,1,0
BRDA:87,4,0,0
BRDA:87,4,1,0
BRDA:87,4,2,0
BRDA:92,5,0,0
BRDA:92,5,1,0
BRDA:92,6,0,0
BRDA:92,6,1,0
BRDA:97,7,0,0
BRDA:97,7,1,0
BRDA:102,8,0,0
BRDA:102,8,1,0
BRDA:102,9,0,0
BRDA:102,9,1,0
BRDA:105,10,0,0
BRDA:105,10,1,0
BRF:23
BRH:0
end_of_record
TN:
SF:src\components\badges\AnimalCardModal.tsx
FN:56,AnimalCardModal
FN:71,(anonymous_1)
FN:127,(anonymous_2)
FN:140,(anonymous_3)
FN:204,(anonymous_4)
FNF:5
FNH:0
FNDA:0,AnimalCardModal
FNDA:0,(anonymous_1)
FNDA:0,(anonymous_2)
FNDA:0,(anonymous_3)
FNDA:0,(anonymous_4)
DA:28,0
DA:37,0
DA:61,0
DA:63,0
DA:64,0
DA:66,0
DA:67,0
DA:68,0
DA:69,0
DA:71,0
DA:72,0
DA:74,0
DA:75,0
DA:76,0
DA:77,0
DA:80,0
DA:102,0
DA:118,0
DA:119,0
DA:123,0
DA:127,0
DA:128,0
DA:129,0
DA:140,0
DA:143,0
DA:145,0
DA:146,0
DA:147,0
DA:149,0
DA:154,0
DA:159,0
DA:205,0
DA:280,0
LF:33
LH:0
BRDA:63,0,0,0
BRDA:63,0,1,0
BRDA:64,1,0,0
BRDA:64,1,1,0
BRDA:72,2,0,0
BRDA:72,2,1,0
BRDA:72,3,0,0
BRDA:72,3,1,0
BRDA:118,4,0,0
BRDA:118,4,1,0
BRDA:118,5,0,0
BRDA:118,5,1,0
BRDA:118,5,2,0
BRDA:143,6,0,0
BRDA:143,6,1,0
BRDA:176,7,0,0
BRDA:176,7,1,0
BRDA:178,8,0,0
BRDA:178,8,1,0
BRDA:183,9,0,0
BRDA:183,9,1,0
BRDA:201,10,0,0
BRDA:201,10,1,0
BRDA:224,11,0,0
BRDA:224,11,1,0
BRDA:227,12,0,0
BRDA:227,12,1,0
BRDA:249,13,0,0
BRDA:249,13,1,0
BRDA:253,14,0,0
BRDA:253,14,1,0
BRDA:267,15,0,0
BRDA:267,15,1,0
BRF:33
BRH:0
end_of_record
TN:
SF:src\components\badges\AnimalTile.tsx
FN:65,AnimalTile
FN:76,(anonymous_1)
FN:84,(anonymous_2)
FN:92,(anonymous_3)
FN:128,(anonymous_4)
FNF:5
FNH:0
FNDA:0,AnimalTile
FNDA:0,(anonymous_1)
FNDA:0,(anonymous_2)
FNDA:0,(anonymous_3)
FNDA:0,(anonymous_4)
DA:26,0
DA:27,0
DA:28,0
DA:29,0
DA:30,0
DA:39,0
DA:46,0
DA:66,0
DA:67,0
DA:68,0
DA:69,0
DA:71,0
DA:72,0
DA:73,0
DA:74,0
DA:76,0
DA:77,0
DA:84,0
DA:85,0
DA:92,0
DA:93,0
DA:94,0
DA:97,0
DA:100,0
DA:102,0
DA:129,0
DA:206,0
LF:27
LH:0
BRDA:65,0,0,0
BRDA:69,1,0,0
BRDA:69,1,1,0
BRDA:69,1,2,0
BRDA:107,2,0,0
BRDA:107,2,1,0
BRDA:112,3,0,0
BRDA:112,3,1,0
BRDA:117,4,0,0
BRDA:117,4,1,0
BRDA:121,5,0,0
BRDA:121,5,1,0
BRDA:125,6,0,0
BRDA:125,6,1,0
BRDA:145,7,0,0
BRDA:145,7,1,0
BRDA:149,8,0,0
BRDA:149,8,1,0
BRDA:154,9,0,0
BRDA:154,9,1,0
BRDA:183,10,0,0
BRDA:183,10,1,0
BRDA:195,11,0,0
BRDA:195,11,1,0
BRDA:199,12,0,0
BRDA:199,12,1,0
BRF:26
BRH:0
end_of_record
TN:
SF:src\components\badges\BadgeDetailModal.tsx
FN:57,BadgeDetailModal
FN:68,(anonymous_1)
FN:73,(anonymous_2)
FN:108,(anonymous_3)
FN:121,(anonymous_4)
FN:124,(anonymous_5)
FNF:6
FNH:0
FNDA:0,BadgeDetailModal
FNDA:0,(anonymous_1)
FNDA:0,(anonymous_2)
FNDA:0,(anonymous_3)
FNDA:0,(anonymous_4)
FNDA:0,(anonymous_5)
DA:28,0
DA:31,0
DA:63,0
DA:64,0
DA:66,0
DA:67,0
DA:68,0
DA:70,0
DA:71,0
DA:73,0
DA:74,0
DA:76,0
DA:91,0
DA:92,0
DA:96,0
DA:99,0
DA:100,0
DA:103,0
DA:104,0
DA:108,0
DA:109,0
DA:110,0
DA:121,0
DA:124,0
DA:125,0
DA:126,0
DA:127,0
DA:128,0
DA:132,0
DA:134,0
DA:138,0
DA:228,0
LF:32
LH:0
BRDA:66,0,0,0
BRDA:66,0,1,0
BRDA:67,1,0,0
BRDA:67,1,1,0
BRDA:68,2,0,0
BRDA:68,2,1,0
BRDA:74,3,0,0
BRDA:74,3,1,0
BRDA:74,4,0,0
BRDA:74,4,1,0
BRDA:91,5,0,0
BRDA:91,5,1,0
BRDA:91,6,0,0
BRDA:91,6,1,0
BRDA:91,6,2,0
BRDA:99,7,0,0
BRDA:99,7,1,0
BRDA:125,8,0,0
BRDA:125,8,1,0
BRDA:125,9,0,0
BRDA:125,9,1,0
BRDA:132,10,0,0
BRDA:132,10,1,0
BRDA:134,11,0,0
BRDA:134,11,1,0
BRDA:160,12,0,0
BRDA:160,12,1,0
BRDA:162,13,0,0
BRDA:162,13,1,0
BRDA:174,14,0,0
BRDA:174,14,1,0
BRDA:178,15,0,0
BRDA:178,15,1,0
BRDA:184,16,0,0
BRDA:184,16,1,0
BRDA:190,17,0,0
BRDA:190,17,1,0
BRDA:190,17,2,0
BRDA:197,18,0,0
BRDA:197,18,1,0
BRDA:197,18,2,0
BRDA:200,19,0,0
BRDA:200,19,1,0
BRF:43
BRH:0
end_of_record
TN:
SF:src\components\badges\BadgeTile.tsx
FN:34,BadgeTile
FN:42,(anonymous_1)
FN:50,(anonymous_2)
FN:58,(anonymous_3)
FNF:4
FNH:0
FNDA:0,BadgeTile
FNDA:0,(anonymous_1)
FNDA:0,(anonymous_2)
FNDA:0,(anonymous_3)
DA:28,0
DA:29,0
DA:30,0
DA:31,0
DA:32,0
DA:35,0
DA:36,0
DA:37,0
DA:38,0
DA:40,0
DA:42,0
DA:43,0
DA:50,0
DA:51,0
DA:58,0
DA:59,0
DA:60,0
DA:64,0
DA:68,0
DA:121,0
LF:20
LH:0
BRDA:38,0,0,0
BRDA:38,0,1,0
BRDA:38,0,2,0
BRDA:64,1,0,0
BRDA:64,1,1,0
BRDA:79,2,0,0
BRDA:79,2,1,0
BRDA:80,3,0,0
BRDA:80,3,1,0
BRDA:84,4,0,0
BRDA:84,4,1,0
BRDA:90,5,0,0
BRDA:90,5,1,0
BRDA:97,6,0,0
BRDA:97,6,1,0
BRDA:97,6,2,0
BRDA:104,7,0,0
BRDA:104,7,1,0
BRDA:111,8,0,0
BRDA:111,8,1,0
BRF:20
BRH:0
end_of_record
TN:
SF:src\components\badges\RewardUnlockModal.tsx
FN:64,ConfettiParticle
FN:73,(anonymous_1)
FN:105,(anonymous_2)
FN:138,RewardUnlockModal
FN:159,(anonymous_4)
FN:181,(anonymous_5)
FN:191,(anonymous_6)
FN:214,(anonymous_7)
FN:233,(anonymous_8)
FN:257,(anonymous_9)
FN:264,(anonymous_10)
FN:269,(anonymous_11)
FN:303,(anonymous_12)
FN:355,(anonymous_13)
FN:383,(anonymous_14)
FN:394,(anonymous_15)
FNF:16
FNH:0
FNDA:0,ConfettiParticle
FNDA:0,(anonymous_1)
FNDA:0,(anonymous_2)
FNDA:0,RewardUnlockModal
FNDA:0,(anonymous_4)
FNDA:0,(anonymous_5)
FNDA:0,(anonymous_6)
FNDA:0,(anonymous_7)
FNDA:0,(anonymous_8)
FNDA:0,(anonymous_9)
FNDA:0,(anonymous_10)
FNDA:0,(anonymous_11)
FNDA:0,(anonymous_12)
FNDA:0,(anonymous_13)
FNDA:0,(anonymous_14)
FNDA:0,(anonymous_15)
DA:29,0
DA:32,0
DA:52,0
DA:65,0
DA:66,0
DA:67,0
DA:68,0
DA:70,0
DA:71,0
DA:73,0
DA:74,0
DA:103,0
DA:105,0
DA:108,0
DA:113,0
DA:114,0
DA:116,0
DA:143,0
DA:145,0
DA:146,0
DA:147,0
DA:150,0
DA:151,0
DA:152,0
DA:153,0
DA:154,0
DA:155,0
DA:156,0
DA:159,0
DA:160,0
DA:161,0
DA:162,0
DA:163,0
DA:164,0
DA:165,0
DA:166,0
DA:169,0
DA:171,0
DA:175,0
DA:176,0
DA:177,0
DA:181,0
DA:182,0
DA:183,0
DA:184,0
DA:185,0
DA:186,0
DA:187,0
DA:188,0
DA:191,0
DA:192,0
DA:195,0
DA:216,0
DA:218,0
DA:235,0
DA:237,0
DA:251,0
DA:252,0
DA:257,0
DA:258,0
DA:260,0
DA:265,0
DA:269,0
DA:270,0
DA:271,0
DA:272,0
DA:275,0
DA:277,0
DA:278,0
DA:279,0
DA:280,0
DA:282,0
DA:287,0
DA:292,0
DA:304,0
DA:356,0
DA:383,0
DA:394,0
DA:410,0
LF:79
LH:0
BRDA:114,0,0,0
BRDA:114,0,1,0
BRDA:124,1,0,0
BRDA:124,1,1,0
BRDA:125,2,0,0
BRDA:125,2,1,0
BRDA:160,3,0,0
BRDA:160,3,1,0
BRDA:162,4,0,0
BRDA:162,4,1,0
BRDA:275,5,0,0
BRDA:275,5,1,0
BRDA:301,6,0,0
BRDA:301,6,1,0
BRDA:334,7,0,0
BRDA:334,7,1,0
BRDA:386,8,0,0
BRDA:386,8,1,0
BRDA:397,9,0,0
BRDA:397,9,1,0
BRF:20
BRH:0
end_of_record
TN:
SF:src\components\badges\UnlockModalManager.tsx
FN:13,UnlockModalManager
FN:19,(anonymous_1)
FN:22,(anonymous_2)
FN:25,(anonymous_3)
FN:29,(anonymous_4)
FN:33,(anonymous_5)
FNF:6
FNH:0
FNDA:0,UnlockModalManager
FNDA:0,(anonymous_1)
FNDA:0,(anonymous_2)
FNDA:0,(anonymous_3)
FNDA:0,(anonymous_4)
FNDA:0,(anonymous_5)
DA:14,0
DA:15,0
DA:16,0
DA:19,0
DA:20,0
DA:22,0
DA:23,0
DA:25,0
DA:29,0
DA:30,0
DA:33,0
DA:34,0
DA:36,0
DA:39,0
LF:14
LH:0
BRDA:20,0,0,0
BRDA:20,0,1,0
BRDA:20,1,0,0
BRDA:20,1,1,0
BRF:4
BRH:0
end_of_record
TN:
SF:src\components\kid\KidButton.js
FN:116,KidButton
FN:139,(anonymous_1)
FN:151,(anonymous_2)
FN:163,(anonymous_3)
FN:178,(anonymous_4)
FN:206,(anonymous_5)
FN:242,(anonymous_6)
FN:308,KidIconButton
FN:338,(anonymous_8)
FN:347,(anonymous_9)
FN:356,(anonymous_10)
FN:362,(anonymous_11)
FN:430,KidFAB
FN:454,KidPillButton
FN:464,(anonymous_14)
FN:473,(anonymous_15)
FN:482,(anonymous_16)
FNF:17
FNH:0
FNDA:0,KidButton
FNDA:0,(anonymous_1)
FNDA:0,(anonymous_2)
FNDA:0,(anonymous_3)
FNDA:0,(anonymous_4)
FNDA:0,(anonymous_5)
FNDA:0,(anonymous_6)
FNDA:0,KidIconButton
FNDA:0,(anonymous_8)
FNDA:0,(anonymous_9)
FNDA:0,(anonymous_10)
FNDA:0,(anonymous_11)
FNDA:0,KidFAB
FNDA:0,KidPillButton
FNDA:0,(anonymous_14)
FNDA:0,(anonymous_15)
FNDA:0,(anonymous_16)
DA:33,0
DA:38,0
DA:85,0
DA:132,0
DA:133,0
DA:134,0
DA:139,0
DA:140,0
DA:151,0
DA:152,0
DA:163,0
DA:164,0
DA:167,0
DA:168,0
DA:172,0
DA:178,0
DA:179,0
DA:181,0
DA:191,0
DA:206,0
DA:207,0
DA:242,0
DA:243,0
DA:263,0
DA:264,0
DA:277,0
DA:284,0
DA:318,0
DA:319,0
DA:321,0
DA:328,0
DA:335,0
DA:336,0
DA:338,0
DA:339,0
DA:347,0
DA:348,0
DA:356,0
DA:357,0
DA:358,0
DA:359,0
DA:362,0
DA:363,0
DA:373,0
DA:374,0
DA:386,0
DA:405,0
DA:438,0
DA:462,0
DA:464,0
DA:465,0
DA:473,0
DA:474,0
DA:482,0
DA:483,0
DA:484,0
DA:487,0
DA:519,0
LF:58
LH:0
BRDA:119,0,0,0
BRDA:120,1,0,0
BRDA:121,2,0,0
BRDA:122,3,0,0
BRDA:123,4,0,0
BRDA:124,5,0,0
BRDA:128,6,0,0
BRDA:129,7,0,0
BRDA:133,8,0,0
BRDA:133,8,1,0
BRDA:134,9,0,0
BRDA:134,9,1,0
BRDA:164,10,0,0
BRDA:164,10,1,0
BRDA:164,11,0,0
BRDA:164,11,1,0
BRDA:167,12,0,0
BRDA:167,12,1,0
BRDA:179,13,0,0
BRDA:179,13,1,0
BRDA:181,14,0,0
BRDA:181,14,1,0
BRDA:194,15,0,0
BRDA:194,15,1,0
BRDA:195,16,0,0
BRDA:195,16,1,0
BRDA:195,16,2,0
BRDA:196,17,0,0
BRDA:196,17,1,0
BRDA:196,17,2,0
BRDA:208,18,0,0
BRDA:208,18,1,0
BRDA:209,19,0,0
BRDA:209,19,1,0
BRDA:217,20,0,0
BRDA:217,20,1,0
BRDA:225,21,0,0
BRDA:225,21,1,0
BRDA:226,22,0,0
BRDA:226,22,1,0
BRDA:250,23,0,0
BRDA:250,23,1,0
BRDA:251,24,0,0
BRDA:251,24,1,0
BRDA:256,25,0,0
BRDA:256,25,1,0
BRDA:259,26,0,0
BRDA:259,26,1,0
BRDA:263,27,0,0
BRDA:263,27,1,0
BRDA:263,28,0,0
BRDA:263,28,1,0
BRDA:263,28,2,0
BRDA:288,29,0,0
BRDA:288,29,1,0
BRDA:288,29,2,0
BRDA:296,30,0,0
BRDA:296,30,1,0
BRDA:310,31,0,0
BRDA:311,32,0,0
BRDA:312,33,0,0
BRDA:315,34,0,0
BRDA:319,35,0,0
BRDA:319,35,1,0
BRDA:335,36,0,0
BRDA:335,36,1,0
BRDA:336,37,0,0
BRDA:336,37,1,0
BRDA:357,38,0,0
BRDA:357,38,1,0
BRDA:358,39,0,0
BRDA:358,39,1,0
BRDA:370,40,0,0
BRDA:370,40,1,0
BRDA:373,41,0,0
BRDA:373,41,1,0
BRDA:373,42,0,0
BRDA:373,42,1,0
BRDA:373,42,2,0
BRDA:389,43,0,0
BRDA:389,43,1,0
BRDA:394,44,0,0
BRDA:394,44,1,0
BRDA:399,45,0,0
BRDA:399,45,1,0
BRDA:399,46,0,0
BRDA:399,46,1,0
BRDA:409,47,0,0
BRDA:409,47,1,0
BRDA:409,47,2,0
BRDA:431,48,0,0
BRDA:432,49,0,0
BRDA:435,50,0,0
BRDA:457,51,0,0
BRDA:497,52,0,0
BRDA:497,52,1,0
BRDA:499,53,0,0
BRDA:499,53,1,0
BRDA:503,54,0,0
BRDA:503,54,1,0
BRDA:509,55,0,0
BRDA:509,55,1,0
BRF:102
BRH:0
end_of_record
TN:
SF:src\components\kid\KidGameCard.js
FN:38,KidGameCard
FN:60,(anonymous_1)
FN:69,(anonymous_2)
FN:78,(anonymous_3)
FN:86,(anonymous_4)
FN:118,(anonymous_5)
FN:128,(anonymous_6)
FN:234,KidGameCardCompact
FN:243,(anonymous_8)
FN:252,(anonymous_9)
FN:261,(anonymous_10)
FN:266,(anonymous_11)
FN:321,KidGameCardFeatured
FN:330,(anonymous_13)
FN:339,(anonymous_14)
FN:348,(anonymous_15)
FNF:16
FNH:0
FNDA:0,KidGameCard
FNDA:0,(anonymous_1)
FNDA:0,(anonymous_2)
FNDA:0,(anonymous_3)
FNDA:0,(anonymous_4)
FNDA:0,(anonymous_5)
FNDA:0,(anonymous_6)
FNDA:0,KidGameCardCompact
FNDA:0,(anonymous_8)
FNDA:0,(anonymous_9)
FNDA:0,(anonymous_10)
FNDA:0,(anonymous_11)
FNDA:0,KidGameCardFeatured
FNDA:0,(anonymous_13)
FNDA:0,(anonymous_14)
FNDA:0,(anonymous_15)
DA:33,0
DA:46,0
DA:47,0
DA:50,0
DA:55,0
DA:60,0
DA:61,0
DA:69,0
DA:70,0
DA:78,0
DA:79,0
DA:80,0
DA:86,0
DA:87,0
DA:90,0
DA:91,0
DA:93,0
DA:97,0
DA:112,0
DA:118,0
DA:119,0
DA:120,0
DA:121,0
DA:122,0
DA:128,0
DA:129,0
DA:130,0
DA:131,0
DA:132,0
DA:133,0
DA:134,0
DA:137,0
DA:138,0
DA:140,0
DA:241,0
DA:243,0
DA:244,0
DA:252,0
DA:253,0
DA:261,0
DA:262,0
DA:263,0
DA:266,0
DA:267,0
DA:268,0
DA:271,0
DA:328,0
DA:330,0
DA:331,0
DA:339,0
DA:340,0
DA:348,0
DA:349,0
DA:350,0
DA:353,0
DA:397,0
LF:56
LH:0
BRDA:42,0,0,0
BRDA:43,1,0,0
BRDA:55,2,0,0
BRDA:55,2,1,0
BRDA:90,3,0,0
BRDA:90,3,1,0
BRDA:119,4,0,0
BRDA:119,4,1,0
BRDA:120,5,0,0
BRDA:120,5,1,0
BRDA:121,6,0,0
BRDA:121,6,1,0
BRDA:129,7,0,0
BRDA:129,7,1,0
BRDA:130,8,0,0
BRDA:130,8,1,0
BRDA:131,9,0,0
BRDA:131,9,1,0
BRDA:132,10,0,0
BRDA:132,10,1,0
BRDA:133,11,0,0
BRDA:133,11,1,0
BRDA:137,12,0,0
BRDA:137,12,1,0
BRDA:158,13,0,0
BRDA:158,13,1,0
BRDA:182,14,0,0
BRDA:182,14,1,0
BRDA:185,15,0,0
BRDA:185,15,1,0
BRDA:187,16,0,0
BRDA:187,16,1,0
BRDA:194,17,0,0
BRDA:194,17,1,0
BRDA:206,18,0,0
BRDA:206,18,1,0
BRDA:210,19,0,0
BRDA:210,19,1,0
BRDA:218,20,0,0
BRDA:218,20,1,0
BRDA:238,21,0,0
BRDA:267,22,0,0
BRDA:267,22,1,0
BRDA:288,23,0,0
BRDA:288,23,1,0
BRDA:296,24,0,0
BRDA:296,24,1,0
BRDA:298,25,0,0
BRDA:298,25,1,0
BRDA:308,26,0,0
BRDA:308,26,1,0
BRDA:310,27,0,0
BRDA:310,27,1,0
BRDA:325,28,0,0
BRDA:369,29,0,0
BRDA:369,29,1,0
BRDA:383,30,0,0
BRDA:383,30,1,0
BRDA:385,31,0,0
BRDA:385,31,1,0
BRF:60
BRH:0
end_of_record
TN:
SF:src\components\kid\KidModal.js
FN:44,KidModal
FN:66,(anonymous_1)
FN:103,(anonymous_2)
FN:111,(anonymous_3)
FN:120,(anonymous_4)
FN:155,(anonymous_5)
FN:234,KidAlertModal
FN:251,(anonymous_7)
FN:283,(anonymous_8)
FN:289,(anonymous_9)
FN:347,KidBottomSheet
FN:372,KidActionSheet
FN:379,(anonymous_12)
FN:385,(anonymous_13)
FN:399,(anonymous_14)
FN:402,(anonymous_15)
FNF:16
FNH:0
FNDA:0,KidModal
FNDA:0,(anonymous_1)
FNDA:0,(anonymous_2)
FNDA:0,(anonymous_3)
FNDA:0,(anonymous_4)
FNDA:0,(anonymous_5)
FNDA:0,KidAlertModal
FNDA:0,(anonymous_7)
FNDA:0,(anonymous_8)
FNDA:0,(anonymous_9)
FNDA:0,KidBottomSheet
FNDA:0,KidActionSheet
FNDA:0,(anonymous_12)
FNDA:0,(anonymous_13)
FNDA:0,(anonymous_14)
FNDA:0,(anonymous_15)
DA:37,0
DA:39,0
DA:59,0
DA:60,0
DA:61,0
DA:66,0
DA:67,0
DA:69,0
DA:71,0
DA:85,0
DA:103,0
DA:104,0
DA:105,0
DA:111,0
DA:112,0
DA:113,0
DA:120,0
DA:121,0
DA:123,0
DA:155,0
DA:157,0
DA:162,0
DA:163,0
DA:175,0
DA:178,0
DA:248,0
DA:249,0
DA:251,0
DA:252,0
DA:253,0
DA:254,0
DA:268,0
DA:283,0
DA:284,0
DA:285,0
DA:286,0
DA:289,0
DA:290,0
DA:291,0
DA:292,0
DA:295,0
DA:356,0
DA:379,0
DA:380,0
DA:381,0
DA:382,0
DA:385,0
DA:386,0
DA:387,0
DA:390,0
DA:400,0
DA:402,0
DA:434,0
LF:53
LH:0
BRDA:45,0,0,0
BRDA:51,1,0,0
BRDA:52,2,0,0
BRDA:53,3,0,0
BRDA:54,4,0,0
BRDA:67,5,0,0
BRDA:67,5,1,0
BRDA:112,6,0,0
BRDA:112,6,1,0
BRDA:121,7,0,0
BRDA:121,7,1,0
BRDA:121,8,0,0
BRDA:121,8,1,0
BRDA:126,9,0,0
BRDA:126,9,1,0
BRDA:127,10,0,0
BRDA:127,10,1,0
BRDA:127,10,2,0
BRDA:135,11,0,0
BRDA:135,11,1,0
BRDA:137,12,0,0
BRDA:137,12,1,0
BRDA:162,13,0,0
BRDA:162,13,1,0
BRDA:187,14,0,0
BRDA:187,14,1,0
BRDA:202,15,0,0
BRDA:202,15,1,0
BRDA:217,16,0,0
BRDA:217,16,1,0
BRDA:224,17,0,0
BRDA:224,17,1,0
BRDA:235,18,0,0
BRDA:240,19,0,0
BRDA:241,20,0,0
BRDA:244,21,0,0
BRDA:245,22,0,0
BRDA:246,23,0,0
BRDA:252,24,0,0
BRDA:252,24,1,0
BRDA:314,25,0,0
BRDA:314,25,1,0
BRDA:315,26,0,0
BRDA:315,26,1,0
BRDA:316,27,0,0
BRDA:316,27,1,0
BRDA:319,28,0,0
BRDA:319,28,1,0
BRDA:332,29,0,0
BRDA:332,29,1,0
BRDA:348,30,0,0
BRDA:353,31,0,0
BRDA:373,32,0,0
BRDA:376,33,0,0
BRDA:377,34,0,0
BRDA:405,35,0,0
BRDA:405,35,1,0
BRDA:408,36,0,0
BRDA:408,36,1,0
BRDA:412,37,0,0
BRDA:412,37,1,0
BRDA:419,38,0,0
BRDA:419,38,1,0
BRF:63
BRH:0
end_of_record
TN:
SF:src\components\kid\KidNavBar.js
FN:48,NavTab
FN:59,(anonymous_1)
FN:68,(anonymous_2)
FN:77,(anonymous_3)
FN:86,(anonymous_4)
FN:183,KidNavBar
FN:203,(anonymous_6)
FN:221,KidNavBarFloating
FN:240,(anonymous_8)
FN:258,KidNavBarWithFAB
FN:269,(anonymous_10)
FN:278,(anonymous_11)
FN:287,(anonymous_12)
FN:310,(anonymous_13)
FN:349,(anonymous_14)
FN:367,KidNavBarSimple
FN:385,(anonymous_16)
FN:390,(anonymous_17)
FNF:18
FNH:0
FNDA:0,NavTab
FNDA:0,(anonymous_1)
FNDA:0,(anonymous_2)
FNDA:0,(anonymous_3)
FNDA:0,(anonymous_4)
FNDA:0,KidNavBar
FNDA:0,(anonymous_6)
FNDA:0,KidNavBarFloating
FNDA:0,(anonymous_8)
FNDA:0,KidNavBarWithFAB
FNDA:0,(anonymous_10)
FNDA:0,(anonymous_11)
FNDA:0,(anonymous_12)
FNDA:0,(anonymous_13)
FNDA:0,(anonymous_14)
FNDA:0,KidNavBarSimple
FNDA:0,(anonymous_16)
FNDA:0,(anonymous_17)
DA:33,0
DA:38,0
DA:55,0
DA:56,0
DA:59,0
DA:60,0
DA:68,0
DA:69,0
DA:77,0
DA:78,0
DA:86,0
DA:87,0
DA:88,0
DA:90,0
DA:93,0
DA:94,0
DA:95,0
DA:97,0
DA:189,0
DA:191,0
DA:204,0
DA:227,0
DA:229,0
DA:241,0
DA:266,0
DA:267,0
DA:269,0
DA:270,0
DA:278,0
DA:279,0
DA:287,0
DA:288,0
DA:289,0
DA:293,0
DA:294,0
DA:295,0
DA:297,0
DA:311,0
DA:350,0
DA:373,0
DA:375,0
DA:386,0
DA:387,0
DA:391,0
DA:392,0
DA:411,0
LF:46
LH:0
BRDA:56,0,0,0
BRDA:56,0,1,0
BRDA:61,1,0,0
BRDA:61,1,1,0
BRDA:87,2,0,0
BRDA:87,2,1,0
BRDA:93,3,0,0
BRDA:93,3,1,0
BRDA:94,4,0,0
BRDA:94,4,1,0
BRDA:95,5,0,0
BRDA:95,5,1,0
BRDA:184,6,0,0
BRDA:185,7,0,0
BRDA:222,8,0,0
BRDA:223,9,0,0
BRDA:259,10,0,0
BRDA:260,11,0,0
BRDA:262,12,0,0
BRDA:368,13,0,0
BRDA:369,14,0,0
BRDA:391,15,0,0
BRDA:391,15,1,0
BRDA:397,16,0,0
BRDA:397,16,1,0
BRDA:399,17,0,0
BRDA:399,17,1,0
BRDA:401,18,0,0
BRDA:401,18,1,0
BRF:29
BRH:0
end_of_record
TN:
SF:src\components\kid\KidSection.js
FN:33,KidSectionHeader
FN:41,(anonymous_1)
FN:79,KidSection
FN:93,(anonymous_3)
FN:140,KidSectionCard
FN:172,KidHorizontalSection
FN:199,KidGridSection
FN:219,(anonymous_7)
FN:238,KidSectionDivider
FN:245,KidSectionEmpty
FNF:10
FNH:0
FNDA:0,KidSectionHeader
FNDA:0,(anonymous_1)
FNDA:0,KidSection
FNDA:0,(anonymous_3)
FNDA:0,KidSectionCard
FNDA:0,KidHorizontalSection
FNDA:0,KidGridSection
FNDA:0,(anonymous_7)
FNDA:0,KidSectionDivider
FNDA:0,KidSectionEmpty
DA:28,0
DA:41,0
DA:42,0
DA:43,0
DA:46,0
DA:90,0
DA:91,0
DA:93,0
DA:94,0
DA:95,0
DA:110,0
DA:150,0
DA:181,0
DA:209,0
DA:220,0
DA:239,0
DA:253,0
DA:267,0
LF:18
LH:0
BRDA:37,0,0,0
BRDA:49,1,0,0
BRDA:49,1,1,0
BRDA:50,2,0,0
BRDA:50,2,1,0
BRDA:50,2,2,0
BRDA:60,3,0,0
BRDA:60,3,1,0
BRDA:88,4,0,0
BRDA:90,5,0,0
BRDA:90,5,1,0
BRDA:91,6,0,0
BRDA:91,6,1,0
BRDA:94,7,0,0
BRDA:94,7,1,0
BRDA:121,8,0,0
BRDA:121,8,1,0
BRDA:148,9,0,0
BRDA:152,10,0,0
BRDA:152,10,1,0
BRDA:205,11,0,0
BRDA:246,12,0,0
BRDA:247,13,0,0
BRDA:257,14,0,0
BRDA:257,14,1,0
BRDA:258,15,0,0
BRDA:258,15,1,0
BRDA:258,15,2,0
BRF:28
BRH:0
end_of_record
TN:
SF:src\config\achievements.js
FN:153,(anonymous_0)
FN:156,(anonymous_1)
FN:157,(anonymous_2)
FNF:3
FNH:0
FNDA:0,(anonymous_0)
FNDA:0,(anonymous_1)
FNDA:0,(anonymous_2)
DA:2,0
DA:11,0
DA:153,0
DA:156,0
DA:157,0
DA:161,0
LF:6
LH:0
BRF:0
BRH:0
end_of_record
TN:
SF:src\config\admob.js
FN:48,(anonymous_0)
FNF:1
FNH:0
FNDA:0,(anonymous_0)
DA:14,0
DA:17,0
DA:19,0
DA:20,0
DA:21,0
DA:23,0
DA:28,0
DA:38,0
DA:48,0
DA:49,0
DA:50,0
DA:52,0
DA:55,0
DA:83,0
DA:102,0
DA:112,0
LF:16
LH:0
BRDA:19,0,0,0
BRDA:19,0,1,0
BRDA:49,1,0,0
BRDA:49,1,1,0
BRDA:50,2,0,0
BRDA:50,2,1,0
BRDA:52,3,0,0
BRDA:52,3,1,0
BRDA:83,4,0,0
BRDA:83,4,1,0
BRF:10
BRH:0
end_of_record
TN:
SF:src\config\animations.js
FN:185,getAnimationForEvent
FN:192,isAnimationLoaded
FN:200,registerAnimation
FNF:3
FNH:0
FNDA:0,getAnimationForEvent
FNDA:0,isAnimationLoaded
FNDA:0,registerAnimation
DA:10,0
DA:106,0
DA:148,0
DA:186,0
DA:193,0
DA:201,0
DA:202,0
LF:7
LH:0
BRDA:186,0,0,0
BRDA:186,0,1,0
BRDA:193,1,0,0
BRDA:193,1,1,0
BRDA:201,2,0,0
BRDA:201,2,1,0
BRF:6
BRH:0
end_of_record
TN:
SF:src\config\crashlytics.js
FN:33,(anonymous_0)
FN:40,(anonymous_1)
FN:56,(anonymous_2)
FN:59,(anonymous_3)
FN:71,(anonymous_4)
FN:85,(anonymous_5)
FN:102,(anonymous_6)
FN:121,(anonymous_7)
FN:171,(anonymous_8)
FN:200,(anonymous_9)
FN:206,(anonymous_10)
FN:212,(anonymous_11)
FN:229,(anonymous_12)
FN:244,(anonymous_13)
FN:257,(anonymous_14)
FN:264,(anonymous_15)
FNF:16
FNH:7
FNDA:0,(anonymous_0)
FNDA:1,(anonymous_1)
FNDA:0,(anonymous_2)
FNDA:0,(anonymous_3)
FNDA:0,(anonymous_4)
FNDA:5,(anonymous_5)
FNDA:33,(anonymous_6)
FNDA:4,(anonymous_7)
FNDA:5,(anonymous_8)
FNDA:0,(anonymous_9)
FNDA:0,(anonymous_10)
FNDA:0,(anonymous_11)
FNDA:0,(anonymous_12)
FNDA:0,(anonymous_13)
FNDA:26,(anonymous_14)
FNDA:1,(anonymous_15)
DA:18,1
DA:26,1
DA:27,1
DA:28,1
DA:33,1
DA:34,0
DA:40,1
DA:41,1
DA:42,1
DA:43,1
DA:46,0
DA:47,0
DA:50,0
DA:56,1
DA:58,0
DA:59,0
DA:60,0
DA:63,0
DA:64,0
DA:69,0
DA:70,0
DA:71,0
DA:72,0
DA:76,0
DA:85,1
DA:86,5
DA:87,1
DA:88,1
DA:92,4
DA:102,1
DA:103,33
DA:110,33
DA:113,33
DA:114,10
DA:121,1
DA:122,4
DA:123,4
DA:124,4
DA:128,0
DA:129,0
DA:132,0
DA:133,0
DA:157,0
DA:159,0
DA:160,0
DA:163,0
DA:164,0
DA:171,1
DA:172,5
DA:173,5
DA:174,5
DA:177,0
DA:178,0
DA:189,0
DA:190,0
DA:192,0
DA:193,0
DA:200,1
DA:201,0
DA:204,0
DA:206,0
DA:207,0
DA:209,0
DA:210,0
DA:211,0
DA:212,0
DA:213,0
DA:214,0
DA:215,0
DA:217,0
DA:220,0
DA:223,0
DA:229,1
DA:230,0
DA:231,0
DA:232,0
DA:237,0
DA:244,1
DA:245,0
DA:247,0
DA:248,0
DA:250,0
DA:257,1
DA:258,26
DA:264,1
LF:85
LH:34
BRDA:41,0,0,1
BRDA:41,0,1,0
BRDA:63,1,0,0
BRDA:63,1,1,0
BRDA:69,2,0,0
BRDA:69,2,1,0
BRDA:86,3,0,1
BRDA:86,3,1,4
BRDA:94,4,0,4
BRDA:94,4,1,0
BRDA:102,5,0,32
BRDA:113,6,0,10
BRDA:113,6,1,23
BRDA:121,7,0,3
BRDA:122,8,0,4
BRDA:122,8,1,0
BRDA:128,9,0,0
BRDA:128,9,1,0
BRDA:135,10,0,0
BRDA:135,10,1,0
BRDA:136,11,0,0
BRDA:136,11,1,0
BRDA:137,12,0,0
BRDA:137,12,1,0
BRDA:151,13,0,0
BRDA:151,13,1,0
BRDA:171,14,0,1
BRDA:171,15,0,5
BRDA:172,16,0,5
BRDA:172,16,1,0
BRDA:186,17,0,0
BRDA:186,17,1,0
BRDA:207,18,0,0
BRDA:207,18,1,0
BRDA:207,19,0,0
BRDA:207,19,1,0
BRDA:209,20,0,0
BRDA:209,20,1,0
BRDA:212,21,0,0
BRDA:212,21,1,0
BRDA:214,22,0,0
BRDA:214,22,1,0
BRDA:248,23,0,0
BRDA:248,23,1,0
BRF:44
BRH:12
end_of_record
TN:
SF:src\config\firebase.js
FNF:0
FNH:0
DA:8,0
DA:18,0
DA:21,0
DA:24,0
LF:4
LH:0
BRF:0
BRH:0
end_of_record
TN:
SF:src\config\sentry.js
FN:22,(anonymous_0)
FN:29,(anonymous_1)
FN:36,(anonymous_2)
FN:43,(anonymous_3)
FN:50,(anonymous_4)
FNF:5
FNH:0
FNDA:0,(anonymous_0)
FNDA:0,(anonymous_1)
FNDA:0,(anonymous_2)
FNDA:0,(anonymous_3)
FNDA:0,(anonymous_4)
DA:22,0
DA:23,0
DA:29,0
DA:30,0
DA:36,0
DA:37,0
DA:43,0
DA:44,0
DA:50,0
DA:51,0
LF:10
LH:0
BRDA:29,0,0,0
BRDA:36,1,0,0
BRDA:36,2,0,0
BRDA:50,3,0,0
BRF:4
BRH:0
end_of_record
TN:
SF:src\context\AdContext.js
FN:41,getTodayDateString
FN:46,AdProvider
FN:62,(anonymous_2)
FN:71,(anonymous_3)
FN:108,(anonymous_4)
FN:125,(anonymous_5)
FN:141,(anonymous_6)
FN:186,(anonymous_7)
FN:200,(anonymous_8)
FN:254,(anonymous_9)
FN:264,(anonymous_10)
FN:271,(anonymous_11)
FN:306,useAds
FNF:13
FNH:12
FNDA:52,getTodayDateString
FNDA:39,AdProvider
FNDA:13,(anonymous_2)
FNDA:13,(anonymous_3)
FNDA:13,(anonymous_4)
FNDA:0,(anonymous_5)
FNDA:13,(anonymous_6)
FNDA:13,(anonymous_7)
FNDA:3,(anonymous_8)
FNDA:1,(anonymous_9)
FNDA:1,(anonymous_10)
FNDA:5,(anonymous_11)
FNDA:27,useAds
DA:24,1
DA:27,1
DA:30,1
DA:36,1
DA:42,52
DA:43,52
DA:48,39
DA:50,39
DA:51,39
DA:52,39
DA:55,39
DA:56,39
DA:57,39
DA:58,39
DA:59,39
DA:62,39
DA:63,13
DA:64,13
DA:71,39
DA:72,13
DA:73,13
DA:74,13
DA:75,2
DA:76,2
DA:79,2
DA:80,1
DA:81,1
DA:82,1
DA:83,1
DA:86,1
DA:87,1
DA:88,1
DA:89,1
DA:90,1
DA:94,11
DA:95,11
DA:96,11
DA:99,0
DA:101,13
DA:108,39
DA:109,13
DA:110,13
DA:116,13
DA:118,0
DA:125,39
DA:126,0
DA:127,0
DA:128,0
DA:129,0
DA:130,0
DA:131,0
DA:132,0
DA:133,0
DA:135,0
DA:141,39
DA:143,13
DA:144,0
DA:145,0
DA:146,0
DA:147,0
DA:150,13
DA:152,13
DA:153,0
DA:154,0
DA:157,0
DA:158,0
DA:159,0
DA:161,0
DA:162,0
DA:167,0
DA:173,0
DA:174,0
DA:176,0
DA:177,0
DA:179,13
DA:180,13
DA:181,13
DA:186,39
DA:187,13
DA:188,13
DA:200,39
DA:202,3
DA:203,3
DA:207,0
DA:209,0
DA:210,0
DA:213,0
DA:214,0
DA:217,0
DA:218,0
DA:221,0
DA:222,0
DA:223,0
DA:224,0
DA:229,0
DA:232,0
DA:233,0
DA:235,0
DA:238,0
DA:239,0
DA:240,0
DA:254,39
DA:255,1
DA:256,1
DA:257,1
DA:258,1
DA:264,39
DA:265,1
DA:271,39
DA:272,5
DA:273,5
DA:277,5
DA:287,39
DA:303,39
DA:307,27
DA:308,27
DA:309,0
DA:311,27
LF:118
LH:72
BRDA:63,0,0,13
BRDA:63,0,1,0
BRDA:74,1,0,2
BRDA:74,1,1,11
BRDA:79,2,0,1
BRDA:79,2,1,1
BRDA:80,3,0,1
BRDA:80,3,1,0
BRDA:81,4,0,1
BRDA:81,4,1,0
BRDA:111,5,0,13
BRDA:111,5,1,0
BRDA:127,6,0,0
BRDA:127,6,1,0
BRDA:143,7,0,0
BRDA:143,7,1,13
BRDA:157,8,0,0
BRDA:157,8,1,0
BRDA:161,9,0,0
BRDA:161,9,1,0
BRDA:202,10,0,3
BRDA:202,10,1,0
BRDA:202,11,0,3
BRDA:202,11,1,2
BRDA:202,11,2,0
BRDA:202,11,3,0
BRDA:221,12,0,0
BRDA:221,12,1,0
BRDA:229,13,0,0
BRDA:229,13,1,0
BRDA:232,14,0,0
BRDA:232,14,1,0
BRDA:265,15,0,1
BRDA:265,15,1,0
BRDA:265,15,2,0
BRDA:265,15,3,0
BRDA:273,16,0,5
BRDA:273,16,1,0
BRDA:308,17,0,0
BRDA:308,17,1,27
BRF:40
BRH:15
end_of_record
TN:
SF:src\context\AnimationContext.js
FN:31,AnimationProvider
FN:47,(anonymous_1)
FN:56,(anonymous_2)
FN:70,(anonymous_3)
FN:76,(anonymous_4)
FN:78,(anonymous_5)
FN:91,(anonymous_6)
FN:104,(anonymous_7)
FN:111,(anonymous_8)
FN:118,(anonymous_9)
FN:124,(anonymous_10)
FN:125,(anonymous_11)
FN:125,(anonymous_12)
FN:136,(anonymous_13)
FN:142,(anonymous_14)
FN:145,(anonymous_15)
FN:154,(anonymous_16)
FN:162,(anonymous_17)
FN:167,(anonymous_18)
FN:168,(anonymous_19)
FN:168,(anonymous_20)
FN:199,LottieCelebrationLayer
FN:225,MicroAnimationLayer
FN:232,(anonymous_23)
FN:259,useAnimations
FN:274,useLottieTrigger
FN:278,(anonymous_26)
FNF:27
FNH:17
FNDA:34,AnimationProvider
FNDA:0,(anonymous_1)
FNDA:0,(anonymous_2)
FNDA:0,(anonymous_3)
FNDA:0,(anonymous_4)
FNDA:0,(anonymous_5)
FNDA:13,(anonymous_6)
FNDA:5,(anonymous_7)
FNDA:0,(anonymous_8)
FNDA:6,(anonymous_9)
FNDA:0,(anonymous_10)
FNDA:0,(anonymous_11)
FNDA:0,(anonymous_12)
FNDA:2,(anonymous_13)
FNDA:1,(anonymous_14)
FNDA:0,(anonymous_15)
FNDA:6,(anonymous_16)
FNDA:5,(anonymous_17)
FNDA:1,(anonymous_18)
FNDA:1,(anonymous_19)
FNDA:1,(anonymous_20)
FNDA:34,LottieCelebrationLayer
FNDA:34,MicroAnimationLayer
FNDA:11,(anonymous_23)
FNDA:38,useAnimations
FNDA:4,useLottieTrigger
FNDA:2,(anonymous_26)
DA:27,1
DA:29,1
DA:33,34
DA:34,34
DA:35,34
DA:38,34
DA:39,34
DA:42,34
DA:47,34
DA:48,0
DA:49,0
DA:50,0
DA:51,0
DA:54,0
DA:55,0
DA:56,0
DA:57,0
DA:60,0
DA:70,34
DA:72,0
DA:78,0
DA:79,0
DA:90,34
DA:92,13
DA:94,13
DA:95,2
DA:96,2
DA:99,11
DA:100,11
DA:102,11
DA:104,5
DA:110,5
DA:111,5
DA:113,6
DA:115,6
DA:116,6
DA:118,6
DA:124,6
DA:125,0
DA:135,34
DA:137,2
DA:138,1
DA:139,1
DA:142,1
DA:144,1
DA:145,1
DA:154,34
DA:155,6
DA:156,1
DA:159,5
DA:160,5
DA:162,5
DA:167,5
DA:168,1
DA:172,34
DA:178,34
DA:200,34
DA:201,34
DA:204,0
DA:226,34
DA:227,25
DA:230,9
DA:233,11
DA:260,38
DA:261,38
DA:262,2
DA:264,36
DA:275,4
DA:277,4
DA:279,2
DA:285,1
LF:71
LH:57
BRDA:48,0,0,0
BRDA:48,0,1,0
BRDA:91,1,0,11
BRDA:94,2,0,2
BRDA:94,2,1,11
BRDA:94,3,0,13
BRDA:94,3,1,12
BRDA:102,4,0,5
BRDA:102,4,1,6
BRDA:110,5,0,5
BRDA:110,5,1,0
BRDA:113,6,0,6
BRDA:113,6,1,0
BRDA:116,7,0,6
BRDA:116,7,1,5
BRDA:136,8,0,2
BRDA:137,9,0,1
BRDA:137,9,1,1
BRDA:144,10,0,1
BRDA:144,10,1,0
BRDA:154,11,0,6
BRDA:155,12,0,1
BRDA:155,12,1,5
BRDA:200,13,0,34
BRDA:200,13,1,0
BRDA:226,14,0,25
BRDA:226,14,1,9
BRDA:261,15,0,2
BRDA:261,15,1,36
BRDA:278,16,0,1
BRF:30
BRH:24
end_of_record
TN:
SF:src\context\AuthContext.js
FN:39,(anonymous_0)
FN:53,(anonymous_1)
FN:57,(anonymous_2)
FN:58,(anonymous_3)
FN:84,(anonymous_4)
FN:122,(anonymous_5)
FN:123,(anonymous_6)
FN:129,(anonymous_7)
FN:145,(anonymous_8)
FN:153,(anonymous_9)
FN:230,(anonymous_10)
FN:258,(anonymous_11)
FN:279,(anonymous_12)
FN:298,(anonymous_13)
FN:335,(anonymous_14)
FN:344,(anonymous_15)
FNF:16
FNH:0
FNDA:0,(anonymous_0)
FNDA:0,(anonymous_1)
FNDA:0,(anonymous_2)
FNDA:0,(anonymous_3)
FNDA:0,(anonymous_4)
FNDA:0,(anonymous_5)
FNDA:0,(anonymous_6)
FNDA:0,(anonymous_7)
FNDA:0,(anonymous_8)
FNDA:0,(anonymous_9)
FNDA:0,(anonymous_10)
FNDA:0,(anonymous_11)
FNDA:0,(anonymous_12)
FNDA:0,(anonymous_13)
FNDA:0,(anonymous_14)
FNDA:0,(anonymous_15)
DA:31,0
DA:34,0
DA:35,0
DA:37,0
DA:39,0
DA:40,0
DA:41,0
DA:42,0
DA:43,0
DA:46,0
DA:53,0
DA:54,0
DA:56,0
DA:57,0
DA:58,0
DA:61,0
DA:62,0
DA:66,0
DA:67,0
DA:68,0
DA:71,0
DA:73,0
DA:74,0
DA:76,0
DA:84,0
DA:85,0
DA:87,0
DA:88,0
DA:89,0
DA:91,0
DA:93,0
DA:99,0
DA:102,0
DA:103,0
DA:104,0
DA:111,0
DA:115,0
DA:117,0
DA:122,0
DA:123,0
DA:124,0
DA:125,0
DA:126,0
DA:129,0
DA:130,0
DA:132,0
DA:134,0
DA:136,0
DA:141,0
DA:145,0
DA:146,0
DA:153,0
DA:154,0
DA:155,0
DA:158,0
DA:159,0
DA:162,0
DA:164,0
DA:166,0
DA:168,0
DA:169,0
DA:170,0
DA:173,0
DA:174,0
DA:175,0
DA:176,0
DA:178,0
DA:180,0
DA:181,0
DA:184,0
DA:190,0
DA:191,0
DA:193,0
DA:195,0
DA:198,0
DA:201,0
DA:202,0
DA:205,0
DA:208,0
DA:209,0
DA:210,0
DA:212,0
DA:215,0
DA:217,0
DA:218,0
DA:220,0
DA:223,0
DA:230,0
DA:231,0
DA:232,0
DA:233,0
DA:234,0
DA:237,0
DA:240,0
DA:247,0
DA:249,0
DA:250,0
DA:258,0
DA:259,0
DA:260,0
DA:263,0
DA:265,0
DA:266,0
DA:267,0
DA:271,0
DA:272,0
DA:279,0
DA:280,0
DA:281,0
DA:283,0
DA:287,0
DA:290,0
DA:291,0
DA:298,0
DA:299,0
DA:300,0
DA:307,0
DA:308,0
DA:315,0
DA:323,0
DA:335,0
DA:344,0
LF:122
LH:0
BRDA:61,0,0,0
BRDA:61,0,1,0
BRDA:66,1,0,0
BRDA:66,1,1,0
BRDA:85,2,0,0
BRDA:85,2,1,0
BRDA:91,3,0,0
BRDA:91,3,1,0
BRDA:97,4,0,0
BRDA:97,4,1,0
BRDA:103,5,0,0
BRDA:103,5,1,0
BRDA:124,6,0,0
BRDA:124,6,1,0
BRDA:154,7,0,0
BRDA:154,7,1,0
BRDA:158,8,0,0
BRDA:158,8,1,0
BRDA:168,9,0,0
BRDA:168,9,1,0
BRDA:176,10,0,0
BRDA:176,10,1,0
BRDA:198,11,0,0
BRDA:198,11,1,0
BRDA:217,12,0,0
BRDA:217,12,1,0
BRDA:234,13,0,0
BRDA:234,13,1,0
BRDA:237,14,0,0
BRDA:237,14,1,0
BRDA:237,14,2,0
BRDA:259,15,0,0
BRDA:259,15,1,0
BRDA:259,16,0,0
BRDA:259,16,1,0
BRDA:299,17,0,0
BRDA:299,17,1,0
BRDA:307,18,0,0
BRDA:307,18,1,0
BRF:39
BRH:0
end_of_record
TN:
SF:src\context\BearContext.js
FN:99,BearProvider
FN:111,(anonymous_1)
FN:121,(anonymous_2)
FN:123,(anonymous_3)
FN:133,(anonymous_4)
FN:154,(anonymous_5)
FN:176,(anonymous_6)
FN:188,(anonymous_7)
FN:189,(anonymous_8)
FN:194,(anonymous_9)
FN:201,(anonymous_10)
FN:208,(anonymous_11)
FN:209,(anonymous_12)
FN:242,useBear
FN:257,useBearEvent
FN:260,(anonymous_15)
FN:274,useBearLoading
FN:277,(anonymous_17)
FN:281,(anonymous_18)
FNF:19
FNH:19
FNDA:53,BearProvider
FNDA:60,(anonymous_1)
FNDA:13,(anonymous_2)
FNDA:2,(anonymous_3)
FNDA:5,(anonymous_4)
FNDA:13,(anonymous_5)
FNDA:9,(anonymous_6)
FNDA:1,(anonymous_7)
FNDA:2,(anonymous_8)
FNDA:1,(anonymous_9)
FNDA:2,(anonymous_10)
FNDA:26,(anonymous_11)
FNDA:26,(anonymous_12)
FNDA:66,useBear
FNDA:2,useBearEvent
FNDA:1,(anonymous_15)
FNDA:9,useBearLoading
FNDA:3,(anonymous_17)
FNDA:2,(anonymous_18)
DA:23,1
DA:78,1
DA:95,1
DA:97,1
DA:100,53
DA:101,53
DA:102,53
DA:104,53
DA:105,53
DA:106,53
DA:111,53
DA:112,60
DA:113,13
DA:114,13
DA:121,53
DA:122,13
DA:123,13
DA:124,2
DA:126,2
DA:133,53
DA:134,5
DA:135,2
DA:138,3
DA:139,3
DA:140,3
DA:142,3
DA:144,3
DA:145,3
DA:148,3
DA:154,53
DA:155,13
DA:157,13
DA:158,10
DA:159,10
DA:160,10
DA:162,10
DA:163,8
DA:165,3
DA:166,3
DA:167,3
DA:168,3
DA:176,53
DA:177,9
DA:178,9
DA:180,9
DA:181,2
DA:188,53
DA:189,53
DA:194,53
DA:195,1
DA:201,53
DA:202,2
DA:203,2
DA:204,2
DA:208,53
DA:209,26
DA:210,26
DA:214,53
DA:232,53
DA:243,66
DA:244,66
DA:245,2
DA:247,64
DA:258,2
DA:259,2
DA:260,1
DA:275,9
DA:277,9
DA:278,3
DA:281,9
DA:282,2
DA:283,1
DA:285,1
DA:289,9
LF:74
LH:74
BRDA:112,0,0,13
BRDA:112,0,1,47
BRDA:121,1,0,13
BRDA:134,2,0,2
BRDA:134,2,1,3
BRDA:134,3,0,5
BRDA:134,3,1,5
BRDA:140,4,0,3
BRDA:140,4,1,0
BRDA:144,5,0,3
BRDA:144,5,1,0
BRDA:154,6,0,0
BRDA:155,7,0,3
BRDA:155,8,0,10
BRDA:157,9,0,10
BRDA:157,9,1,3
BRDA:159,10,0,10
BRDA:159,10,1,1
BRDA:162,11,0,8
BRDA:162,11,1,2
BRDA:165,12,0,3
BRDA:165,12,1,0
BRDA:167,13,0,3
BRDA:167,13,1,0
BRDA:167,14,0,3
BRDA:167,14,1,3
BRDA:176,15,0,3
BRDA:180,16,0,2
BRDA:180,16,1,7
BRDA:180,17,0,9
BRDA:180,17,1,3
BRDA:244,18,0,2
BRDA:244,18,1,64
BRDA:281,19,0,0
BRDA:282,20,0,1
BRDA:282,20,1,1
BRF:36
BRH:30
end_of_record
TN:
SF:src\context\CollectionContext.tsx
FN:46,(anonymous_0)
FN:50,(anonymous_1)
FN:91,(anonymous_2)
FN:142,CollectionProvider
FN:154,(anonymous_4)
FN:176,(anonymous_5)
FN:183,(anonymous_6)
FN:193,(anonymous_7)
FN:195,(anonymous_8)
FN:203,(anonymous_9)
FN:213,(anonymous_10)
FN:221,(anonymous_11)
FN:261,(anonymous_12)
FN:273,(anonymous_13)
FN:276,(anonymous_14)
FN:293,(anonymous_15)
FN:316,(anonymous_16)
FN:321,(anonymous_17)
FN:358,(anonymous_18)
FN:378,(anonymous_19)
FN:379,(anonymous_20)
FN:398,(anonymous_21)
FN:399,(anonymous_22)
FN:418,(anonymous_23)
FN:427,(anonymous_24)
FN:428,(anonymous_25)
FN:429,(anonymous_26)
FN:429,(anonymous_27)
FN:430,(anonymous_28)
FN:430,(anonymous_29)
FN:433,(anonymous_30)
FN:434,(anonymous_31)
FN:435,(anonymous_32)
FN:435,(anonymous_33)
FN:436,(anonymous_34)
FN:436,(anonymous_35)
FN:439,(anonymous_36)
FN:440,(anonymous_37)
FN:441,(anonymous_38)
FN:441,(anonymous_39)
FN:442,(anonymous_40)
FN:443,(anonymous_41)
FN:443,(anonymous_42)
FN:447,(anonymous_43)
FN:448,(anonymous_44)
FN:487,useCollection
FN:498,useBadgeEvent
FN:500,(anonymous_47)
FNF:48
FNH:41
FNDA:4,(anonymous_0)
FNDA:4,(anonymous_1)
FNDA:117,(anonymous_2)
FNDA:117,CollectionProvider
FNDA:37,(anonymous_4)
FNDA:24,(anonymous_5)
FNDA:1,(anonymous_6)
FNDA:37,(anonymous_7)
FNDA:37,(anonymous_8)
FNDA:98,(anonymous_9)
FNDA:86,(anonymous_10)
FNDA:22,(anonymous_11)
FNDA:0,(anonymous_12)
FNDA:22,(anonymous_13)
FNDA:22,(anonymous_14)
FNDA:19,(anonymous_15)
FNDA:0,(anonymous_16)
FNDA:0,(anonymous_17)
FNDA:0,(anonymous_18)
FNDA:1,(anonymous_19)
FNDA:1,(anonymous_20)
FNDA:1,(anonymous_21)
FNDA:1,(anonymous_22)
FNDA:2,(anonymous_23)
FNDA:3,(anonymous_24)
FNDA:5,(anonymous_25)
FNDA:1,(anonymous_26)
FNDA:4,(anonymous_27)
FNDA:1,(anonymous_28)
FNDA:4,(anonymous_29)
FNDA:3,(anonymous_30)
FNDA:2,(anonymous_31)
FNDA:1,(anonymous_32)
FNDA:4,(anonymous_33)
FNDA:0,(anonymous_34)
FNDA:0,(anonymous_35)
FNDA:1,(anonymous_36)
FNDA:1,(anonymous_37)
FNDA:2,(anonymous_38)
FNDA:4,(anonymous_39)
FNDA:1,(anonymous_40)
FNDA:2,(anonymous_41)
FNDA:1,(anonymous_42)
FNDA:4,(anonymous_43)
FNDA:0,(anonymous_44)
FNDA:106,useCollection
FNDA:6,useBadgeEvent
FNDA:2,(anonymous_47)
DA:35,1
DA:38,1
DA:39,1
DA:42,1
DA:43,1
DA:44,1
DA:46,1
DA:47,4
DA:50,1
DA:51,4
DA:52,4
DA:56,1
DA:74,1
DA:91,117
DA:136,1
DA:143,117
DA:144,117
DA:145,117
DA:146,117
DA:147,117
DA:149,117
DA:154,117
DA:155,37
DA:156,37
DA:157,37
DA:158,0
DA:160,0
DA:167,0
DA:169,37
DA:176,117
DA:178,24
DA:179,4
DA:183,24
DA:184,1
DA:185,1
DA:187,0
DA:193,117
DA:194,37
DA:195,37
DA:196,37
DA:197,20
DA:203,117
DA:204,98
DA:205,19
DA:206,19
DA:213,117
DA:214,86
DA:215,86
DA:221,117
DA:222,22
DA:223,22
DA:224,22
DA:226,22
DA:227,88
DA:228,88
DA:231,88
DA:232,88
DA:234,88
DA:243,88
DA:244,21
DA:245,21
DA:248,21
DA:249,21
DA:250,21
DA:258,21
DA:261,0
DA:267,22
DA:273,117
DA:274,22
DA:276,22
DA:277,22
DA:278,22
DA:281,22
DA:283,22
DA:289,22
DA:292,22
DA:293,19
DA:296,19
DA:299,19
DA:302,22
DA:308,22
DA:309,22
DA:316,117
DA:317,0
DA:319,0
DA:321,0
DA:322,0
DA:325,0
DA:327,0
DA:329,0
DA:330,0
DA:331,0
DA:332,0
DA:334,0
DA:336,0
DA:337,0
DA:339,0
DA:343,0
DA:346,0
DA:355,0
DA:357,0
DA:358,0
DA:360,0
DA:361,0
DA:364,0
DA:370,0
DA:371,0
DA:378,117
DA:379,1
DA:380,1
DA:382,1
DA:390,1
DA:391,1
DA:398,117
DA:399,1
DA:400,1
DA:402,1
DA:410,1
DA:411,1
DA:418,117
DA:419,2
DA:421,1
DA:422,1
DA:423,1
DA:427,117
DA:428,117
DA:429,117
DA:430,117
DA:433,117
DA:434,117
DA:435,117
DA:436,117
DA:439,117
DA:440,117
DA:441,117
DA:442,117
DA:443,117
DA:446,117
DA:447,4
DA:448,0
DA:450,117
DA:477,117
DA:488,106
DA:489,106
DA:490,2
DA:492,104
DA:499,6
DA:500,6
LF:148
LH:118
BRDA:157,0,0,0
BRDA:157,0,1,37
BRDA:161,1,0,0
BRDA:161,1,1,0
BRDA:162,2,0,0
BRDA:162,2,1,0
BRDA:178,3,0,4
BRDA:178,3,1,20
BRDA:196,4,0,20
BRDA:196,4,1,17
BRDA:204,5,0,19
BRDA:204,5,1,79
BRDA:204,6,0,98
BRDA:204,6,1,19
BRDA:228,7,0,88
BRDA:228,7,1,86
BRDA:237,8,0,88
BRDA:237,8,1,86
BRDA:239,9,0,88
BRDA:239,9,1,88
BRDA:243,10,0,21
BRDA:243,10,1,67
BRDA:243,11,0,88
BRDA:243,11,1,86
BRDA:249,12,0,21
BRDA:249,12,1,0
BRDA:273,13,0,17
BRDA:274,14,0,0
BRDA:274,14,1,22
BRDA:278,15,0,0
BRDA:278,15,1,22
BRDA:281,16,0,2
BRDA:281,16,1,20
BRDA:292,17,0,19
BRDA:292,17,1,3
BRDA:317,18,0,0
BRDA:317,18,1,0
BRDA:325,19,0,0
BRDA:325,19,1,0
BRDA:329,20,0,0
BRDA:329,20,1,0
BRDA:334,21,0,0
BRDA:334,21,1,0
BRDA:337,22,0,0
BRDA:337,22,1,0
BRDA:357,23,0,0
BRDA:357,23,1,0
BRDA:380,24,0,0
BRDA:380,24,1,1
BRDA:400,25,0,0
BRDA:400,25,1,1
BRDA:419,26,0,1
BRDA:419,26,1,1
BRDA:428,27,0,5
BRDA:428,27,1,2
BRDA:434,28,0,2
BRDA:434,28,1,1
BRDA:446,29,0,117
BRDA:446,29,1,75
BRDA:446,29,2,75
BRDA:447,30,0,4
BRDA:447,30,1,0
BRDA:448,31,0,0
BRDA:448,31,1,0
BRDA:489,32,0,2
BRDA:489,32,1,104
BRF:66
BRH:41
end_of_record
TN:
SF:src\context\NetworkContext.js
FN:21,(anonymous_0)
FN:37,(anonymous_1)
FN:38,(anonymous_2)
FN:52,(anonymous_3)
FN:53,(anonymous_4)
FN:64,(anonymous_5)
FN:65,(anonymous_6)
FN:78,(anonymous_7)
FN:94,(anonymous_8)
FN:103,(anonymous_9)
FN:109,(anonymous_10)
FN:140,(anonymous_11)
FN:148,(anonymous_12)
FN:157,(anonymous_13)
FN:158,(anonymous_14)
FN:158,(anonymous_15)
FN:164,(anonymous_16)
FN:171,(anonymous_17)
FN:175,(anonymous_18)
FN:176,(anonymous_19)
FN:183,(anonymous_20)
FN:221,(anonymous_21)
FNF:22
FNH:20
FNDA:43,(anonymous_0)
FNDA:16,(anonymous_1)
FNDA:16,(anonymous_2)
FNDA:23,(anonymous_3)
FNDA:23,(anonymous_4)
FNDA:16,(anonymous_5)
FNDA:8,(anonymous_6)
FNDA:3,(anonymous_7)
FNDA:16,(anonymous_8)
FNDA:16,(anonymous_9)
FNDA:2,(anonymous_10)
FNDA:6,(anonymous_11)
FNDA:6,(anonymous_12)
FNDA:1,(anonymous_13)
FNDA:1,(anonymous_14)
FNDA:1,(anonymous_15)
FNDA:1,(anonymous_16)
FNDA:4,(anonymous_17)
FNDA:0,(anonymous_18)
FNDA:0,(anonymous_19)
FNDA:2,(anonymous_20)
FNDA:43,(anonymous_21)
DA:17,1
DA:19,1
DA:21,1
DA:22,43
DA:27,43
DA:28,43
DA:29,43
DA:32,43
DA:33,43
DA:34,43
DA:37,43
DA:38,16
DA:39,16
DA:40,16
DA:41,15
DA:42,1
DA:45,1
DA:48,16
DA:52,43
DA:53,23
DA:54,23
DA:55,23
DA:57,0
DA:60,23
DA:64,43
DA:65,16
DA:66,8
DA:72,8
DA:75,8
DA:76,8
DA:78,2
DA:79,3
DA:80,3
DA:82,1
DA:87,2
DA:90,8
DA:94,16
DA:95,16
DA:100,16
DA:103,16
DA:109,43
DA:110,2
DA:112,0
DA:114,0
DA:116,0
DA:117,0
DA:119,0
DA:121,0
DA:122,0
DA:123,0
DA:124,0
DA:128,0
DA:130,0
DA:134,0
DA:140,43
DA:141,6
DA:148,6
DA:149,6
DA:151,6
DA:157,43
DA:158,1
DA:164,43
DA:165,1
DA:171,43
DA:172,4
DA:175,4
DA:176,0
DA:183,43
DA:184,2
DA:185,2
DA:190,2
DA:193,43
DA:221,43
LF:73
LH:59
BRDA:32,0,0,43
BRDA:32,0,1,39
BRDA:41,1,0,1
BRDA:41,1,1,14
BRDA:67,2,0,8
BRDA:67,2,1,1
BRDA:68,3,0,8
BRDA:68,3,1,1
BRDA:69,4,0,8
BRDA:69,4,1,1
BRDA:75,5,0,8
BRDA:75,5,1,5
BRDA:76,6,0,2
BRDA:76,6,1,6
BRDA:76,7,0,8
BRDA:76,7,1,2
BRDA:96,8,0,16
BRDA:96,8,1,0
BRDA:97,9,0,16
BRDA:97,9,1,0
BRDA:98,10,0,16
BRDA:98,10,1,0
BRDA:100,11,0,16
BRDA:100,11,1,13
BRDA:110,12,0,2
BRDA:110,12,1,0
BRDA:119,13,0,0
BRDA:119,13,1,0
BRDA:119,14,0,0
BRDA:119,14,1,0
BRDA:122,15,0,0
BRDA:122,15,1,0
BRDA:123,16,0,0
BRDA:123,16,1,0
BRDA:140,17,0,0
BRDA:186,18,0,2
BRDA:186,18,1,0
BRDA:187,19,0,2
BRDA:187,19,1,0
BRDA:188,20,0,2
BRDA:188,20,1,0
BRDA:190,21,0,2
BRDA:190,21,1,1
BRF:43
BRH:27
end_of_record
TN:
SF:src\context\PremiumContext.js
FN:57,PremiumProvider
FN:68,(anonymous_1)
FN:82,(anonymous_2)
FN:112,(anonymous_3)
FN:135,(anonymous_4)
FN:168,(anonymous_5)
FN:176,(anonymous_6)
FN:192,(anonymous_7)
FN:261,(anonymous_8)
FN:275,(anonymous_9)
FN:311,(anonymous_10)
FN:312,(anonymous_11)
FN:331,(anonymous_12)
FN:336,(anonymous_13)
FN:344,(anonymous_14)
FN:351,(anonymous_15)
FN:355,(anonymous_16)
FN:374,(anonymous_17)
FN:379,(anonymous_18)
FN:401,usePremium
FNF:20
FNH:9
FNDA:31,PremiumProvider
FNDA:15,(anonymous_1)
FNDA:0,(anonymous_2)
FNDA:0,(anonymous_3)
FNDA:15,(anonymous_4)
FNDA:0,(anonymous_5)
FNDA:0,(anonymous_6)
FNDA:0,(anonymous_7)
FNDA:0,(anonymous_8)
FNDA:0,(anonymous_9)
FNDA:1,(anonymous_10)
FNDA:0,(anonymous_11)
FNDA:15,(anonymous_12)
FNDA:15,(anonymous_13)
FNDA:15,(anonymous_14)
FNDA:15,(anonymous_15)
FNDA:0,(anonymous_16)
FNDA:0,(anonymous_17)
FNDA:0,(anonymous_18)
FNDA:33,usePremium
DA:21,1
DA:24,1
DA:27,1
DA:30,1
DA:31,1
DA:32,1
DA:33,1
DA:34,1
DA:35,1
DA:36,1
DA:37,1
DA:39,1
DA:40,0
DA:41,0
DA:42,0
DA:43,0
DA:44,0
DA:45,0
DA:46,0
DA:47,0
DA:48,0
DA:49,0
DA:51,0
DA:55,1
DA:58,31
DA:59,31
DA:60,31
DA:61,31
DA:62,31
DA:63,31
DA:68,31
DA:69,15
DA:70,15
DA:71,14
DA:72,1
DA:75,1
DA:82,31
DA:83,0
DA:85,0
DA:88,0
DA:89,0
DA:90,0
DA:91,0
DA:93,0
DA:94,0
DA:96,0
DA:98,0
DA:100,0
DA:105,0
DA:112,31
DA:113,0
DA:115,0
DA:116,0
DA:117,0
DA:119,0
DA:120,0
DA:121,0
DA:122,0
DA:123,0
DA:124,0
DA:128,0
DA:135,31
DA:136,15
DA:137,15
DA:138,15
DA:139,15
DA:142,0
DA:144,0
DA:145,0
DA:146,0
DA:149,0
DA:150,0
DA:151,0
DA:152,0
DA:156,0
DA:158,0
DA:159,0
DA:161,0
DA:168,31
DA:169,0
DA:171,0
DA:172,0
DA:173,0
DA:175,0
DA:176,0
DA:179,0
DA:180,0
DA:181,0
DA:182,0
DA:185,0
DA:192,31
DA:193,0
DA:194,0
DA:198,0
DA:201,0
DA:202,0
DA:203,0
DA:206,0
DA:207,0
DA:210,0
DA:211,0
DA:214,0
DA:219,0
DA:222,0
DA:223,0
DA:227,0
DA:228,0
DA:230,0
DA:236,0
DA:238,0
DA:241,0
DA:243,0
DA:246,0
DA:252,0
DA:254,0
DA:261,31
DA:262,0
DA:263,0
DA:267,0
DA:270,0
DA:271,0
DA:273,0
DA:274,0
DA:275,0
DA:278,0
DA:279,0
DA:280,0
DA:281,0
DA:286,0
DA:288,0
DA:293,0
DA:296,0
DA:297,0
DA:302,0
DA:304,0
DA:311,31
DA:312,1
DA:313,1
DA:314,0
DA:322,1
DA:331,31
DA:332,15
DA:333,15
DA:336,15
DA:337,15
DA:338,0
DA:344,31
DA:345,15
DA:346,0
DA:351,31
DA:352,15
DA:354,0
DA:356,0
DA:358,0
DA:360,0
DA:361,0
DA:362,0
DA:364,0
DA:365,0
DA:367,0
DA:373,0
DA:375,0
DA:379,0
DA:380,0
DA:381,0
DA:385,31
DA:396,31
DA:402,33
DA:403,33
DA:404,2
DA:406,31
LF:171
LH:54
BRDA:39,0,0,0
BRDA:39,0,1,1
BRDA:71,1,0,1
BRDA:71,1,1,13
BRDA:85,2,0,0
BRDA:85,2,1,0
BRDA:88,3,0,0
BRDA:88,3,1,0
BRDA:93,4,0,0
BRDA:93,4,1,0
BRDA:113,5,0,0
BRDA:113,5,1,0
BRDA:119,6,0,0
BRDA:119,6,1,0
BRDA:121,7,0,0
BRDA:121,7,1,0
BRDA:136,8,0,15
BRDA:136,8,1,0
BRDA:136,9,0,15
BRDA:136,9,1,0
BRDA:149,10,0,0
BRDA:149,10,1,0
BRDA:169,11,0,0
BRDA:169,11,1,0
BRDA:179,12,0,0
BRDA:179,12,1,0
BRDA:193,13,0,0
BRDA:193,13,1,0
BRDA:193,14,0,0
BRDA:193,14,1,0
BRDA:201,15,0,0
BRDA:201,15,1,0
BRDA:206,16,0,0
BRDA:206,16,1,0
BRDA:222,17,0,0
BRDA:222,17,1,0
BRDA:222,18,0,0
BRDA:222,18,1,0
BRDA:241,19,0,0
BRDA:241,19,1,0
BRDA:248,20,0,0
BRDA:248,20,1,0
BRDA:262,21,0,0
BRDA:262,21,1,0
BRDA:262,22,0,0
BRDA:262,22,1,0
BRDA:278,23,0,0
BRDA:278,23,1,0
BRDA:313,24,0,0
BRDA:313,24,1,1
BRDA:315,25,0,0
BRDA:315,25,1,0
BRDA:316,26,0,0
BRDA:316,26,1,0
BRDA:317,27,0,0
BRDA:317,27,1,0
BRDA:318,28,0,0
BRDA:318,28,1,0
BRDA:337,29,0,0
BRDA:337,29,1,15
BRDA:345,30,0,0
BRDA:345,30,1,15
BRDA:352,31,0,15
BRDA:352,31,1,0
BRDA:352,32,0,15
BRDA:352,32,1,0
BRDA:358,33,0,0
BRDA:358,33,1,0
BRDA:361,34,0,0
BRDA:361,34,1,0
BRDA:361,35,0,0
BRDA:361,35,1,0
BRDA:373,36,0,0
BRDA:373,36,1,0
BRDA:389,37,0,31
BRDA:389,37,1,0
BRDA:403,38,0,2
BRDA:403,38,1,31
BRF:78
BRH:13
end_of_record
TN:
SF:src\context\SoundContext.js
FN:33,SoundProvider
FN:43,(anonymous_1)
FN:44,(anonymous_2)
FN:76,(anonymous_3)
FN:84,(anonymous_4)
FN:87,(anonymous_5)
FN:107,(anonymous_6)
FN:108,(anonymous_7)
FN:118,(anonymous_8)
FN:119,(anonymous_9)
FN:129,(anonymous_10)
FN:137,(anonymous_11)
FN:145,(anonymous_12)
FN:154,(anonymous_13)
FN:155,(anonymous_14)
FN:165,(anonymous_15)
FN:173,(anonymous_16)
FN:180,(anonymous_17)
FN:187,(anonymous_18)
FN:194,(anonymous_19)
FN:250,useSound
FN:261,useSoundSettings
FNF:22
FNH:21
FNDA:52,SoundProvider
FNDA:21,(anonymous_1)
FNDA:21,(anonymous_2)
FNDA:21,(anonymous_3)
FNDA:46,(anonymous_4)
FNDA:25,(anonymous_5)
FNDA:1,(anonymous_6)
FNDA:2,(anonymous_7)
FNDA:1,(anonymous_8)
FNDA:2,(anonymous_9)
FNDA:1,(anonymous_10)
FNDA:1,(anonymous_11)
FNDA:4,(anonymous_12)
FNDA:1,(anonymous_13)
FNDA:2,(anonymous_14)
FNDA:1,(anonymous_15)
FNDA:1,(anonymous_16)
FNDA:1,(anonymous_17)
FNDA:1,(anonymous_18)
FNDA:0,(anonymous_19)
FNDA:48,useSound
FNDA:2,useSoundSettings
DA:19,1
DA:21,1
DA:26,1
DA:34,52
DA:35,52
DA:36,50
DA:37,48
DA:38,48
DA:43,46
DA:44,21
DA:45,21
DA:47,21
DA:50,0
DA:51,0
DA:52,0
DA:53,0
DA:54,0
DA:55,0
DA:56,0
DA:59,0
DA:67,0
DA:69,21
DA:70,21
DA:74,21
DA:76,21
DA:77,21
DA:84,46
DA:85,46
DA:87,25
DA:88,25
DA:89,25
DA:95,25
DA:97,0
DA:101,25
DA:107,46
DA:108,1
DA:109,2
DA:110,2
DA:111,0
DA:118,46
DA:119,1
DA:120,2
DA:121,2
DA:122,0
DA:129,46
DA:130,1
DA:131,1
DA:137,46
DA:138,1
DA:139,1
DA:145,46
DA:146,4
DA:147,4
DA:148,4
DA:154,46
DA:155,1
DA:156,2
DA:157,2
DA:158,0
DA:165,46
DA:166,1
DA:167,1
DA:173,46
DA:174,1
DA:180,46
DA:181,1
DA:187,46
DA:188,1
DA:194,46
DA:195,0
DA:196,0
DA:197,0
DA:198,0
DA:200,0
DA:207,0
DA:208,0
DA:210,0
DA:214,46
DA:240,46
DA:251,48
DA:252,48
DA:253,2
DA:255,46
DA:275,2
DA:277,2
LF:85
LH:64
BRDA:51,0,0,0
BRDA:51,0,1,0
BRDA:53,1,0,0
BRDA:53,1,1,0
BRDA:54,2,0,0
BRDA:54,2,1,0
BRDA:55,3,0,0
BRDA:55,3,1,0
BRDA:56,4,0,0
BRDA:56,4,1,0
BRDA:60,5,0,0
BRDA:60,5,1,0
BRDA:61,6,0,0
BRDA:61,6,1,0
BRDA:62,7,0,0
BRDA:62,7,1,0
BRDA:63,8,0,0
BRDA:63,8,1,0
BRDA:85,9,0,21
BRDA:85,9,1,25
BRDA:173,10,0,1
BRDA:180,11,0,1
BRDA:252,12,0,2
BRDA:252,12,1,46
BRF:24
BRH:6
end_of_record
TN:
SF:src\hooks\useBadgeEvents.ts
FN:15,useBadgeEvents
FN:19,(anonymous_1)
FN:24,(anonymous_2)
FN:28,(anonymous_3)
FN:32,(anonymous_4)
FN:36,(anonymous_5)
FN:40,(anonymous_6)
FN:44,(anonymous_7)
FN:48,(anonymous_8)
FN:52,(anonymous_9)
FN:73,useGameViewTracking
FN:76,(anonymous_11)
FN:80,(anonymous_12)
FN:90,useWishlistTracking
FN:93,(anonymous_14)
FN:97,(anonymous_15)
FN:107,useDiscoveryTracking
FN:110,(anonymous_17)
FN:120,useBearTracking
FN:123,(anonymous_19)
FN:133,useCollectionTracking
FN:136,(anonymous_21)
FNF:22
FNH:22
FNDA:16,useBadgeEvents
FNDA:15,(anonymous_1)
FNDA:5,(anonymous_2)
FNDA:2,(anonymous_3)
FNDA:1,(anonymous_4)
FNDA:2,(anonymous_5)
FNDA:1,(anonymous_6)
FNDA:1,(anonymous_7)
FNDA:1,(anonymous_8)
FNDA:1,(anonymous_9)
FNDA:3,useGameViewTracking
FNDA:1,(anonymous_11)
FNDA:1,(anonymous_12)
FNDA:3,useWishlistTracking
FNDA:1,(anonymous_14)
FNDA:1,(anonymous_15)
FNDA:2,useDiscoveryTracking
FNDA:1,(anonymous_17)
FNDA:2,useBearTracking
FNDA:1,(anonymous_19)
FNDA:2,useCollectionTracking
FNDA:1,(anonymous_21)
DA:16,16
DA:19,16
DA:20,15
DA:24,16
DA:25,5
DA:28,16
DA:29,2
DA:32,16
DA:33,1
DA:36,16
DA:37,2
DA:40,16
DA:41,1
DA:44,16
DA:45,1
DA:48,16
DA:49,1
DA:52,16
DA:53,1
DA:56,16
DA:74,3
DA:76,3
DA:77,1
DA:80,3
DA:81,1
DA:84,3
DA:91,3
DA:93,3
DA:94,1
DA:97,3
DA:98,1
DA:101,3
DA:108,2
DA:110,2
DA:111,1
DA:114,2
DA:121,2
DA:123,2
DA:124,1
DA:127,2
DA:134,2
DA:136,2
DA:137,1
DA:140,2
LF:44
LH:44
BRF:0
BRH:0
end_of_record
TN:
SF:src\hooks\useHaptics.js
FN:41,(anonymous_0)
FN:67,(anonymous_1)
FN:91,(anonymous_2)
FN:125,useHaptics
FN:133,(anonymous_4)
FN:152,(anonymous_5)
FN:153,(anonymous_6)
FN:154,(anonymous_7)
FN:155,(anonymous_8)
FN:158,(anonymous_9)
FN:159,(anonymous_10)
FN:160,(anonymous_11)
FN:163,(anonymous_12)
FN:164,(anonymous_13)
FN:165,(anonymous_14)
FN:166,(anonymous_15)
FN:167,(anonymous_16)
FN:168,(anonymous_17)
FN:169,(anonymous_18)
FNF:19
FNH:18
FNDA:29,(anonymous_0)
FNDA:0,(anonymous_1)
FNDA:29,(anonymous_2)
FNDA:24,useHaptics
FNDA:24,(anonymous_4)
FNDA:10,(anonymous_5)
FNDA:1,(anonymous_6)
FNDA:1,(anonymous_7)
FNDA:1,(anonymous_8)
FNDA:1,(anonymous_9)
FNDA:1,(anonymous_10)
FNDA:1,(anonymous_11)
FNDA:1,(anonymous_12)
FNDA:1,(anonymous_13)
FNDA:1,(anonymous_14)
FNDA:1,(anonymous_15)
FNDA:1,(anonymous_16)
FNDA:1,(anonymous_17)
FNDA:1,(anonymous_18)
DA:13,1
DA:31,1
DA:32,1
DA:33,1
DA:35,0
DA:41,1
DA:42,29
DA:44,29
DA:46,11
DA:48,4
DA:50,2
DA:52,6
DA:54,2
DA:56,2
DA:58,2
DA:60,0
DA:67,1
DA:68,0
DA:70,0
DA:72,0
DA:74,0
DA:76,0
DA:78,0
DA:80,0
DA:82,0
DA:84,0
DA:91,1
DA:92,29
DA:93,29
DA:94,29
DA:96,29
DA:97,2
DA:98,27
DA:103,10
DA:105,17
DA:109,0
DA:110,0
DA:111,0
DA:113,0
DA:118,1
DA:126,24
DA:127,24
DA:132,24
DA:134,24
DA:136,23
DA:137,23
DA:138,2
DA:141,21
DA:142,21
DA:150,24
DA:152,10
DA:153,1
DA:154,1
DA:155,1
DA:158,1
DA:159,1
DA:160,1
DA:163,1
DA:164,1
DA:165,1
DA:166,1
DA:167,1
DA:168,1
DA:169,1
DA:172,24
LF:65
LH:50
BRDA:42,0,0,0
BRDA:42,0,1,29
BRDA:44,1,0,11
BRDA:44,1,1,4
BRDA:44,1,2,2
BRDA:44,1,3,6
BRDA:44,1,4,2
BRDA:44,1,5,2
BRDA:44,1,6,2
BRDA:44,1,7,0
BRDA:68,2,0,0
BRDA:68,2,1,0
BRDA:68,2,2,0
BRDA:68,2,3,0
BRDA:68,2,4,0
BRDA:68,2,5,0
BRDA:68,2,6,0
BRDA:68,2,7,0
BRDA:91,3,0,1
BRDA:93,4,0,29
BRDA:93,4,1,0
BRDA:96,5,0,2
BRDA:96,5,1,27
BRDA:98,6,0,10
BRDA:98,6,1,17
BRDA:99,7,0,27
BRDA:99,7,1,21
BRDA:99,7,2,19
BRDA:110,8,0,0
BRDA:110,8,1,0
BRDA:125,9,0,22
BRDA:133,10,0,0
BRDA:134,11,0,1
BRDA:134,11,1,23
BRDA:137,12,0,2
BRDA:137,12,1,21
BRDA:178,13,0,24
BRDA:178,13,1,0
BRF:38
BRH:23
end_of_record
TN:
SF:src\hooks\useInterstitial.js
FN:32,useInterstitial
FN:44,(anonymous_1)
FN:56,(anonymous_2)
FN:61,(anonymous_3)
FN:69,(anonymous_4)
FN:92,(anonymous_5)
FN:114,(anonymous_6)
FN:129,(anonymous_7)
FN:135,(anonymous_8)
FNF:9
FNH:0
FNDA:0,useInterstitial
FNDA:0,(anonymous_1)
FNDA:0,(anonymous_2)
FNDA:0,(anonymous_3)
FNDA:0,(anonymous_4)
FNDA:0,(anonymous_5)
FNDA:0,(anonymous_6)
FNDA:0,(anonymous_7)
FNDA:0,(anonymous_8)
DA:16,0
DA:19,0
DA:20,0
DA:22,0
DA:23,0
DA:24,0
DA:25,0
DA:26,0
DA:28,0
DA:33,0
DA:34,0
DA:35,0
DA:36,0
DA:39,0
DA:44,0
DA:45,0
DA:46,0
DA:49,0
DA:51,0
DA:56,0
DA:57,0
DA:58,0
DA:61,0
DA:62,0
DA:63,0
DA:64,0
DA:66,0
DA:69,0
DA:70,0
DA:71,0
DA:75,0
DA:82,0
DA:84,0
DA:92,0
DA:93,0
DA:94,0
DA:95,0
DA:98,0
DA:99,0
DA:100,0
DA:101,0
DA:102,0
DA:104,0
DA:105,0
DA:106,0
DA:114,0
DA:115,0
DA:116,0
DA:119,0
DA:121,0
DA:122,0
DA:125,0
DA:129,0
DA:130,0
DA:131,0
DA:135,0
DA:136,0
DA:137,0
DA:138,0
DA:139,0
DA:144,0
LF:61
LH:0
BRDA:22,0,0,0
BRDA:22,0,1,0
BRDA:39,1,0,0
BRDA:39,1,1,0
BRDA:39,1,2,0
BRDA:45,2,0,0
BRDA:45,2,1,0
BRDA:45,3,0,0
BRDA:45,3,1,0
BRDA:93,4,0,0
BRDA:93,4,1,0
BRDA:93,5,0,0
BRDA:93,5,1,0
BRDA:93,5,2,0
BRDA:115,6,0,0
BRDA:115,6,1,0
BRDA:115,7,0,0
BRDA:115,7,1,0
BRDA:121,8,0,0
BRDA:121,8,1,0
BRDA:121,9,0,0
BRDA:121,9,1,0
BRDA:130,10,0,0
BRDA:130,10,1,0
BRDA:130,11,0,0
BRDA:130,11,1,0
BRDA:136,12,0,0
BRDA:136,12,1,0
BRF:28
BRH:0
end_of_record
TN:
SF:src\hooks\useNetworkState.js
FN:7,useNetworkState
FN:11,(anonymous_1)
FN:13,(anonymous_2)
FN:19,(anonymous_3)
FN:24,(anonymous_4)
FNF:5
FNH:5
FNDA:34,useNetworkState
FNDA:20,(anonymous_1)
FNDA:14,(anonymous_2)
FNDA:20,(anonymous_3)
FNDA:20,(anonymous_4)
DA:8,34
DA:9,34
DA:11,34
DA:13,20
DA:14,14
DA:15,14
DA:19,20
DA:20,20
DA:21,20
DA:24,20
DA:28,34
DA:30,34
LF:12
LH:12
BRDA:14,0,0,14
BRDA:14,0,1,2
BRDA:15,1,0,14
BRDA:15,1,1,2
BRDA:20,2,0,20
BRDA:20,2,1,0
BRDA:21,3,0,20
BRDA:21,3,1,0
BRDA:28,4,0,34
BRDA:28,4,1,30
BRF:10
BRH:8
end_of_record
TN:
SF:src\hooks\useRewarded.js
FN:38,useRewarded
FN:55,(anonymous_1)
FN:73,(anonymous_2)
FN:83,(anonymous_3)
FN:93,(anonymous_4)
FN:102,(anonymous_5)
FN:112,(anonymous_6)
FN:143,(anonymous_7)
FN:170,(anonymous_8)
FN:171,(anonymous_9)
FN:181,(anonymous_10)
FN:193,(anonymous_11)
FN:199,(anonymous_12)
FNF:13
FNH:0
FNDA:0,useRewarded
FNDA:0,(anonymous_1)
FNDA:0,(anonymous_2)
FNDA:0,(anonymous_3)
FNDA:0,(anonymous_4)
FNDA:0,(anonymous_5)
FNDA:0,(anonymous_6)
FNDA:0,(anonymous_7)
FNDA:0,(anonymous_8)
FNDA:0,(anonymous_9)
FNDA:0,(anonymous_10)
FNDA:0,(anonymous_11)
FNDA:0,(anonymous_12)
DA:16,0
DA:19,0
DA:20,0
DA:21,0
DA:23,0
DA:24,0
DA:25,0
DA:26,0
DA:27,0
DA:28,0
DA:30,0
DA:35,0
DA:36,0
DA:39,0
DA:40,0
DA:41,0
DA:42,0
DA:43,0
DA:44,0
DA:45,0
DA:46,0
DA:47,0
DA:50,0
DA:55,0
DA:56,0
DA:57,0
DA:58,0
DA:61,0
DA:62,0
DA:63,0
DA:65,0
DA:68,0
DA:73,0
DA:74,0
DA:75,0
DA:76,0
DA:77,0
DA:78,0
DA:81,0
DA:84,0
DA:86,0
DA:87,0
DA:88,0
DA:93,0
DA:94,0
DA:95,0
DA:96,0
DA:97,0
DA:99,0
DA:102,0
DA:103,0
DA:104,0
DA:105,0
DA:106,0
DA:109,0
DA:110,0
DA:111,0
DA:112,0
DA:113,0
DA:116,0
DA:121,0
DA:129,0
DA:131,0
DA:132,0
DA:133,0
DA:142,0
DA:144,0
DA:145,0
DA:146,0
DA:149,0
DA:151,0
DA:152,0
DA:153,0
DA:154,0
DA:156,0
DA:157,0
DA:158,0
DA:159,0
DA:169,0
DA:171,0
DA:172,0
DA:173,0
DA:174,0
DA:176,0
DA:177,0
DA:178,0
DA:181,0
DA:182,0
DA:183,0
DA:185,0
DA:193,0
DA:194,0
DA:195,0
DA:199,0
DA:201,0
DA:202,0
DA:204,0
DA:205,0
DA:206,0
DA:207,0
DA:208,0
DA:213,0
LF:102
LH:0
BRDA:23,0,0,0
BRDA:23,0,1,0
BRDA:50,1,0,0
BRDA:50,1,1,0
BRDA:50,1,2,0
BRDA:56,2,0,0
BRDA:56,2,1,0
BRDA:56,3,0,0
BRDA:56,3,1,0
BRDA:56,3,2,0
BRDA:86,4,0,0
BRDA:86,4,1,0
BRDA:103,5,0,0
BRDA:103,5,1,0
BRDA:106,6,0,0
BRDA:106,6,1,0
BRDA:109,7,0,0
BRDA:109,7,1,0
BRDA:133,8,0,0
BRDA:133,8,1,0
BRDA:144,9,0,0
BRDA:144,9,1,0
BRDA:144,10,0,0
BRDA:144,10,1,0
BRDA:144,10,2,0
BRDA:172,11,0,0
BRDA:172,11,1,0
BRDA:176,12,0,0
BRDA:176,12,1,0
BRDA:182,13,0,0
BRDA:182,13,1,0
BRDA:194,14,0,0
BRDA:194,14,1,0
BRDA:194,15,0,0
BRDA:194,15,1,0
BRDA:201,16,0,0
BRDA:201,16,1,0
BRDA:204,17,0,0
BRDA:204,17,1,0
BRF:39
BRH:0
end_of_record
TN:
SF:src\hooks\useSoundEffect.js
FN:21,useSoundEffect
FN:23,(anonymous_1)
FN:40,useSoundEvent
FN:42,(anonymous_3)
FN:59,useSounds
FN:62,(anonymous_5)
FN:64,(anonymous_6)
FN:65,(anonymous_7)
FN:82,useBearSounds
FN:84,(anonymous_9)
FN:85,(anonymous_10)
FN:86,(anonymous_11)
FN:87,(anonymous_12)
FN:88,(anonymous_13)
FN:89,(anonymous_14)
FN:90,(anonymous_15)
FN:91,(anonymous_16)
FN:92,(anonymous_17)
FN:93,(anonymous_18)
FN:94,(anonymous_19)
FN:106,useUISounds
FN:108,(anonymous_21)
FN:109,(anonymous_22)
FN:110,(anonymous_23)
FN:111,(anonymous_24)
FN:112,(anonymous_25)
FN:113,(anonymous_26)
FN:114,(anonymous_27)
FN:125,useRewardSounds
FN:127,(anonymous_29)
FN:128,(anonymous_30)
FN:129,(anonymous_31)
FN:130,(anonymous_32)
FN:131,(anonymous_33)
FN:143,useSystemSounds
FN:145,(anonymous_35)
FN:146,(anonymous_36)
FN:147,(anonymous_37)
FN:148,(anonymous_38)
FN:149,(anonymous_39)
FN:164,useWithSound
FN:166,(anonymous_41)
FN:185,useTouchWithSound
FN:187,(anonymous_43)
FN:203,useSwipeWithSound
FN:205,(anonymous_45)
FN:213,(anonymous_46)
FN:229,useFavoriteWithSound
FN:231,(anonymous_48)
FNF:49
FNH:32
FNDA:6,useSoundEffect
FNDA:2,(anonymous_1)
FNDA:3,useSoundEvent
FNDA:2,(anonymous_3)
FNDA:5,useSounds
FNDA:3,(anonymous_5)
FNDA:5,(anonymous_6)
FNDA:0,(anonymous_7)
FNDA:5,useBearSounds
FNDA:1,(anonymous_9)
FNDA:1,(anonymous_10)
FNDA:1,(anonymous_11)
FNDA:0,(anonymous_12)
FNDA:0,(anonymous_13)
FNDA:0,(anonymous_14)
FNDA:0,(anonymous_15)
FNDA:0,(anonymous_16)
FNDA:0,(anonymous_17)
FNDA:0,(anonymous_18)
FNDA:1,(anonymous_19)
FNDA:4,useUISounds
FNDA:1,(anonymous_21)
FNDA:1,(anonymous_22)
FNDA:0,(anonymous_23)
FNDA:0,(anonymous_24)
FNDA:1,(anonymous_25)
FNDA:1,(anonymous_26)
FNDA:0,(anonymous_27)
FNDA:3,useRewardSounds
FNDA:1,(anonymous_29)
FNDA:0,(anonymous_30)
FNDA:0,(anonymous_31)
FNDA:1,(anonymous_32)
FNDA:0,(anonymous_33)
FNDA:3,useSystemSounds
FNDA:1,(anonymous_35)
FNDA:1,(anonymous_36)
FNDA:0,(anonymous_37)
FNDA:0,(anonymous_38)
FNDA:0,(anonymous_39)
FNDA:5,useWithSound
FNDA:4,(anonymous_41)
FNDA:4,useTouchWithSound
FNDA:3,(anonymous_43)
FNDA:4,useSwipeWithSound
FNDA:2,(anonymous_45)
FNDA:2,(anonymous_46)
FNDA:5,useFavoriteWithSound
FNDA:4,(anonymous_48)
DA:22,6
DA:24,2
DA:41,3
DA:43,2
DA:60,5
DA:62,5
DA:63,3
DA:64,3
DA:65,5
DA:67,3
DA:70,5
DA:83,5
DA:84,1
DA:85,1
DA:86,1
DA:87,0
DA:88,0
DA:89,0
DA:90,0
DA:91,0
DA:92,0
DA:93,0
DA:94,1
DA:107,4
DA:108,1
DA:109,1
DA:110,0
DA:111,0
DA:112,1
DA:113,1
DA:114,0
DA:126,3
DA:127,1
DA:128,0
DA:129,0
DA:130,1
DA:131,0
DA:144,3
DA:145,1
DA:146,1
DA:147,0
DA:148,0
DA:149,0
DA:165,5
DA:167,4
DA:168,4
DA:186,4
DA:188,3
DA:189,3
DA:194,4
DA:204,4
DA:206,2
DA:207,2
DA:212,4
DA:214,2
DA:215,2
DA:220,4
DA:230,5
DA:232,4
DA:233,2
DA:235,2
DA:237,4
LF:62
LH:46
BRDA:23,0,0,1
BRDA:42,1,0,1
BRDA:65,2,0,0
BRDA:185,3,0,3
BRDA:232,4,0,2
BRDA:232,4,1,2
BRF:6
BRH:5
end_of_record
TN:
SF:src\navigation\AppNavigator.js
FN:34,(anonymous_0)
FN:50,(anonymous_1)
FN:61,(anonymous_2)
FN:76,(anonymous_3)
FN:91,(anonymous_4)
FN:106,(anonymous_5)
FN:123,AppNavigator
FN:130,(anonymous_7)
FN:131,(anonymous_8)
FN:134,(anonymous_9)
FN:135,(anonymous_10)
FN:138,(anonymous_11)
FN:143,(anonymous_12)
FN:144,(anonymous_13)
FN:165,(anonymous_14)
FN:193,(anonymous_15)
FN:193,(anonymous_16)
FN:197,(anonymous_17)
FN:197,(anonymous_18)
FN:201,(anonymous_19)
FN:201,(anonymous_20)
FNF:21
FNH:0
FNDA:0,(anonymous_0)
FNDA:0,(anonymous_1)
FNDA:0,(anonymous_2)
FNDA:0,(anonymous_3)
FNDA:0,(anonymous_4)
FNDA:0,(anonymous_5)
FNDA:0,AppNavigator
FNDA:0,(anonymous_7)
FNDA:0,(anonymous_8)
FNDA:0,(anonymous_9)
FNDA:0,(anonymous_10)
FNDA:0,(anonymous_11)
FNDA:0,(anonymous_12)
FNDA:0,(anonymous_13)
FNDA:0,(anonymous_14)
FNDA:0,(anonymous_15)
FNDA:0,(anonymous_16)
FNDA:0,(anonymous_17)
FNDA:0,(anonymous_18)
FNDA:0,(anonymous_19)
FNDA:0,(anonymous_20)
DA:30,0
DA:31,0
DA:34,0
DA:35,0
DA:51,0
DA:62,0
DA:77,0
DA:92,0
DA:107,0
DA:124,0
DA:125,0
DA:126,0
DA:127,0
DA:130,0
DA:131,0
DA:133,0
DA:134,0
DA:135,0
DA:138,0
DA:141,0
DA:143,0
DA:145,0
DA:146,0
DA:148,0
DA:153,0
DA:159,0
DA:160,0
DA:161,0
DA:164,0
DA:165,0
DA:166,0
DA:172,0
DA:173,0
DA:178,0
DA:180,0
DA:181,0
DA:188,0
DA:193,0
DA:197,0
DA:201,0
LF:40
LH:0
BRDA:63,0,0,0
BRDA:63,0,1,0
BRDA:78,1,0,0
BRDA:78,1,1,0
BRDA:93,2,0,0
BRDA:93,2,1,0
BRDA:108,3,0,0
BRDA:108,3,1,0
BRDA:141,4,0,0
BRDA:141,4,1,0
BRDA:143,5,0,0
BRDA:143,5,1,0
BRDA:145,6,0,0
BRDA:145,6,1,0
BRDA:164,7,0,0
BRDA:164,7,1,0
BRDA:172,8,0,0
BRDA:172,8,1,0
BRDA:178,9,0,0
BRDA:178,9,1,0
BRDA:178,9,2,0
BRDA:178,9,3,0
BRDA:180,10,0,0
[...]
DA:135,0
DA:136,0
DA:138,0
DA:141,0
DA:142,0
DA:146,0
DA:147,0
DA:154,0
DA:155,0
DA:166,0
DA:168,0
DA:169,0
DA:179,0
DA:192,0
DA:223,0
DA:224,0
DA:271,0
DA:279,0
DA:286,0
DA:304,0
DA:321,0
LF:83
LH:0
BRDA:67,0,0,0
BRDA:67,0,1,0
BRDA:70,1,0,0
BRDA:70,1,1,0
BRDA:70,2,0,0
BRDA:70,2,1,0
BRDA:83,3,0,0
BRDA:83,3,1,0
BRDA:83,4,0,0
BRDA:83,4,1,0
BRDA:86,5,0,0
BRDA:86,5,1,0
BRDA:88,6,0,0
BRDA:88,6,1,0
BRDA:98,7,0,0
BRDA:98,7,1,0
BRDA:109,8,0,0
BRDA:109,8,1,0
BRDA:129,9,0,0
BRDA:129,9,1,0
BRDA:129,10,0,0
BRDA:129,10,1,0
BRDA:135,11,0,0
BRDA:135,11,1,0
BRDA:146,12,0,0
BRDA:146,12,1,0
BRDA:154,13,0,0
BRDA:154,13,1,0
BRDA:168,14,0,0
BRDA:168,14,1,0
BRDA:186,15,0,0
BRDA:186,15,1,0
BRDA:190,16,0,0
BRDA:190,16,1,0
BRDA:195,17,0,0
BRDA:195,17,1,0
BRDA:247,18,0,0
BRDA:247,18,1,0
BRDA:249,19,0,0
BRDA:249,19,1,0
BRDA:257,20,0,0
BRDA:257,20,1,0
BRF:42
BRH:0
end_of_record
TN:
SF:src\screens\RobloxImportScreen.js
FN:20,RobloxImportScreen
FN:27,(anonymous_1)
FN:57,(anonymous_2)
FN:93,(anonymous_3)
FN:125,(anonymous_4)
FNF:5
FNH:0
FNDA:0,RobloxImportScreen
FNDA:0,(anonymous_1)
FNDA:0,(anonymous_2)
FNDA:0,(anonymous_3)
FNDA:0,(anonymous_4)
DA:21,0
DA:22,0
DA:23,0
DA:24,0
DA:25,0
DA:27,0
DA:29,0
DA:30,0
DA:31,0
DA:32,0
DA:35,0
DA:36,0
DA:37,0
DA:40,0
DA:43,0
DA:45,0
DA:46,0
DA:47,0
DA:48,0
DA:52,0
DA:55,0
DA:57,0
DA:63,0
DA:64,0
DA:68,0
DA:69,0
DA:73,0
DA:79,0
DA:83,0
DA:85,0
DA:86,0
DA:87,0
DA:89,0
DA:93,0
DA:94,0
DA:95,0
DA:98,0
DA:99,0
DA:100,0
DA:101,0
DA:102,0
DA:106,0
DA:108,0
DA:110,0
DA:111,0
DA:114,0
DA:115,0
DA:121,0
DA:125,0
DA:127,0
DA:128,0
DA:132,0
DA:133,0
DA:142,0
DA:143,0
DA:162,0
DA:215,0
LF:57
LH:0
BRDA:30,0,0,0
BRDA:30,0,1,0
BRDA:45,1,0,0
BRDA:45,1,1,0
BRDA:63,2,0,0
BRDA:63,2,1,0
BRDA:99,3,0,0
BRDA:99,3,1,0
BRDA:110,4,0,0
BRDA:110,4,1,0
BRDA:127,5,0,0
BRDA:127,5,1,0
BRDA:132,6,0,0
BRDA:132,6,1,0
BRDA:142,7,0,0
BRDA:142,7,1,0
BRDA:185,8,0,0
BRDA:185,8,1,0
BRDA:189,9,0,0
BRDA:189,9,1,0
BRF:20
BRH:0
end_of_record
TN:
SF:src\screens\TasksScreen.js
FN:39,TasksScreen
FN:61,(anonymous_1)
FN:79,(anonymous_2)
FN:84,(anonymous_3)
FN:89,(anonymous_4)
FN:103,(anonymous_5)
FN:108,(anonymous_6)
FN:138,(anonymous_7)
FN:142,(anonymous_8)
FN:143,(anonymous_9)
FN:166,(anonymous_10)
FN:167,(anonymous_11)
FN:186,(anonymous_12)
FN:187,(anonymous_13)
FN:198,(anonymous_14)
FN:208,(anonymous_15)
FN:211,(anonymous_16)
FN:211,(anonymous_17)
FN:222,(anonymous_18)
FN:228,(anonymous_19)
FN:229,(anonymous_20)
FN:290,(anonymous_21)
FN:292,(anonymous_22)
FN:299,(anonymous_23)
FN:317,(anonymous_24)
FN:323,(anonymous_25)
FN:330,(anonymous_26)
FN:348,(anonymous_27)
FN:350,(anonymous_28)
FN:360,(anonymous_29)
FN:413,(anonymous_30)
FN:436,(anonymous_31)
FN:449,(anonymous_32)
FN:458,(anonymous_33)
FN:474,(anonymous_34)
FN:494,(anonymous_35)
FNF:36
FNH:0
FNDA:0,TasksScreen
FNDA:0,(anonymous_1)
FNDA:0,(anonymous_2)
FNDA:0,(anonymous_3)
FNDA:0,(anonymous_4)
FNDA:0,(anonymous_5)
FNDA:0,(anonymous_6)
FNDA:0,(anonymous_7)
FNDA:0,(anonymous_8)
FNDA:0,(anonymous_9)
FNDA:0,(anonymous_10)
FNDA:0,(anonymous_11)
FNDA:0,(anonymous_12)
FNDA:0,(anonymous_13)
FNDA:0,(anonymous_14)
FNDA:0,(anonymous_15)
FNDA:0,(anonymous_16)
FNDA:0,(anonymous_17)
FNDA:0,(anonymous_18)
FNDA:0,(anonymous_19)
FNDA:0,(anonymous_20)
FNDA:0,(anonymous_21)
FNDA:0,(anonymous_22)
FNDA:0,(anonymous_23)
FNDA:0,(anonymous_24)
FNDA:0,(anonymous_25)
FNDA:0,(anonymous_26)
FNDA:0,(anonymous_27)
FNDA:0,(anonymous_28)
FNDA:0,(anonymous_29)
FNDA:0,(anonymous_30)
FNDA:0,(anonymous_31)
FNDA:0,(anonymous_32)
FNDA:0,(anonymous_33)
FNDA:0,(anonymous_34)
FNDA:0,(anonymous_35)
DA:30,0
DA:36,0
DA:37,0
DA:40,0
DA:41,0
DA:42,0
DA:43,0
DA:44,0
DA:45,0
DA:46,0
DA:49,0
DA:50,0
DA:51,0
DA:52,0
DA:55,0
DA:56,0
DA:59,0
DA:61,0
DA:62,0
DA:63,0
DA:64,0
DA:65,0
DA:66,0
DA:68,0
DA:69,0
DA:71,0
DA:72,0
DA:74,0
DA:75,0
DA:79,0
DA:80,0
DA:81,0
DA:84,0
DA:85,0
DA:86,0
DA:89,0
DA:90,0
DA:91,0
DA:104,0
DA:108,0
DA:109,0
DA:110,0
DA:111,0
DA:112,0
DA:115,0
DA:116,0
DA:117,0
DA:124,0
DA:125,0
DA:126,0
DA:127,0
DA:128,0
DA:129,0
DA:131,0
DA:132,0
DA:134,0
DA:138,0
DA:139,0
DA:141,0
DA:142,0
DA:143,0
DA:144,0
DA:150,0
DA:151,0
DA:152,0
DA:154,0
DA:157,0
DA:160,0
DA:161,0
DA:165,0
DA:166,0
DA:167,0
DA:168,0
DA:177,0
DA:180,0
DA:181,0
DA:183,0
DA:186,0
DA:187,0
DA:188,0
DA:193,0
DA:198,0
DA:199,0
DA:200,0
DA:209,0
DA:210,0
DA:211,0
DA:213,0
DA:214,0
DA:222,0
DA:223,0
DA:228,0
DA:229,0
DA:290,0
DA:291,0
DA:293,0
DA:300,0
DA:301,0
DA:317,0
DA:318,0
DA:324,0
DA:331,0
DA:332,0
DA:348,0
DA:349,0
DA:351,0
DA:361,0
DA:362,0
DA:379,0
DA:380,0
DA:394,0
DA:395,0
DA:406,0
DA:414,0
DA:415,0
DA:416,0
DA:437,0
DA:438,0
DA:439,0
DA:449,0
DA:458,0
DA:475,0
DA:476,0
DA:477,0
DA:478,0
DA:479,0
DA:480,0
DA:495,0
DA:496,0
DA:497,0
DA:498,0
DA:499,0
DA:500,0
DA:501,0
DA:563,0
LF:135
LH:0
BRDA:65,0,0,0
BRDA:65,0,1,0
BRDA:69,1,0,0
BRDA:69,1,1,0
BRDA:110,2,0,0
BRDA:110,2,1,0
BRDA:121,3,0,0
BRDA:121,3,1,0
BRDA:144,4,0,0
BRDA:144,4,1,0
BRDA:145,5,0,0
BRDA:145,5,1,0
BRDA:151,6,0,0
BRDA:151,6,1,0
BRDA:160,7,0,0
BRDA:160,7,1,0
BRDA:165,8,0,0
BRDA:165,8,1,0
BRDA:165,9,0,0
BRDA:165,9,1,0
BRDA:180,10,0,0
BRDA:180,10,1,0
BRDA:181,11,0,0
BRDA:181,11,1,0
BRDA:181,12,0,0
BRDA:181,12,1,0
BRDA:188,13,0,0
BRDA:188,13,1,0
BRDA:189,14,0,0
BRDA:189,14,1,0
BRDA:226,15,0,0
BRDA:226,15,1,0
BRDA:235,16,0,0
BRDA:235,16,1,0
BRDA:238,17,0,0
BRDA:238,17,1,0
BRDA:247,18,0,0
BRDA:247,18,1,0
BRDA:255,19,0,0
BRDA:255,19,1,0
BRDA:258,20,0,0
BRDA:258,20,1,0
BRDA:263,21,0,0
BRDA:263,21,1,0
BRDA:271,22,0,0
BRDA:271,22,1,0
BRDA:281,23,0,0
BRDA:281,23,1,0
BRDA:297,24,0,0
BRDA:297,24,1,0
BRDA:307,25,0,0
BRDA:307,25,1,0
BRDA:328,26,0,0
BRDA:328,26,1,0
BRDA:338,27,0,0
BRDA:338,27,1,0
BRDA:355,28,0,0
BRDA:355,28,1,0
BRDA:368,29,0,0
BRDA:368,29,1,0
BRDA:379,30,0,0
BRDA:379,30,1,0
BRDA:394,31,0,0
BRDA:394,31,1,0
BRDA:427,32,0,0
BRDA:427,32,1,0
BRDA:463,33,0,0
BRDA:463,33,1,0
BRDA:486,34,0,0
BRDA:486,34,1,0
BRDA:538,35,0,0
BRDA:538,35,1,0
BRDA:541,36,0,0
BRDA:541,36,1,0
BRDA:543,37,0,0
BRDA:543,37,1,0
BRF:76
BRH:0
end_of_record
TN:
SF:src\screens\TutorialScreen.js
FN:78,TutorialScreen
FN:82,(anonymous_1)
FN:92,(anonymous_2)
FN:100,(anonymous_3)
FN:118,(anonymous_4)
FN:126,(anonymous_5)
FN:131,(anonymous_6)
FNF:7
FNH:0
FNDA:0,TutorialScreen
FNDA:0,(anonymous_1)
FNDA:0,(anonymous_2)
FNDA:0,(anonymous_3)
FNDA:0,(anonymous_4)
FNDA:0,(anonymous_5)
FNDA:0,(anonymous_6)
DA:10,0
DA:12,0
DA:79,0
DA:80,0
DA:82,0
DA:83,0
DA:85,0
DA:87,0
DA:88,0
DA:92,0
DA:93,0
DA:95,0
DA:96,0
DA:100,0
DA:101,0
DA:102,0
DA:118,0
DA:119,0
DA:126,0
DA:128,0
DA:131,0
DA:132,0
DA:139,0
DA:157,0
LF:24
LH:0
BRDA:87,0,0,0
BRDA:87,0,1,0
BRDA:95,1,0,0
BRDA:95,1,1,0
BRDA:108,2,0,0
BRDA:108,2,1,0
BRF:6
BRH:0
end_of_record
TN:
SF:src\services\SoundManager.js
FN:111,(anonymous_0)
FN:129,(anonymous_1)
FN:137,(anonymous_2)
FN:152,(anonymous_3)
FN:180,(anonymous_4)
FN:208,(anonymous_5)
FN:252,(anonymous_6)
FN:262,(anonymous_7)
FN:276,(anonymous_8)
FN:277,(anonymous_9)
FN:290,(anonymous_10)
FN:291,(anonymous_11)
FN:298,(anonymous_12)
FN:308,(anonymous_13)
FN:315,(anonymous_14)
FN:322,(anonymous_15)
FN:329,(anonymous_16)
FN:336,(anonymous_17)
FN:349,(anonymous_18)
FN:360,(anonymous_19)
FN:361,(anonymous_20)
FNF:21
FNH:21
FNDA:1,(anonymous_0)
FNDA:15,(anonymous_1)
FNDA:8,(anonymous_2)
FNDA:6,(anonymous_3)
FNDA:4,(anonymous_4)
FNDA:8,(anonymous_5)
FNDA:2,(anonymous_6)
FNDA:1,(anonymous_7)
FNDA:4,(anonymous_8)
FNDA:2,(anonymous_9)
FNDA:1,(anonymous_10)
FNDA:3,(anonymous_11)
FNDA:4,(anonymous_12)
FNDA:4,(anonymous_13)
FNDA:3,(anonymous_14)
FNDA:3,(anonymous_15)
FNDA:2,(anonymous_16)
FNDA:1,(anonymous_17)
FNDA:2,(anonymous_18)
FNDA:2,(anonymous_19)
FNDA:1,(anonymous_20)
DA:12,1
DA:17,1
DA:28,1
DA:73,1
DA:112,1
DA:113,1
DA:114,1
DA:115,1
DA:116,1
DA:117,1
DA:123,1
DA:130,15
DA:131,15
DA:138,8
DA:139,8
DA:140,8
DA:142,8
DA:143,0
DA:146,8
DA:153,6
DA:155,5
DA:156,0
DA:157,0
DA:158,0
DA:161,5
DA:163,5
DA:169,4
DA:170,4
DA:172,1
DA:173,1
DA:181,4
DA:182,0
DA:185,4
DA:186,4
DA:187,1
DA:188,1
DA:191,3
DA:192,3
DA:197,3
DA:198,3
DA:200,0
DA:201,0
DA:209,8
DA:212,7
DA:213,7
DA:214,1
DA:217,6
DA:219,6
DA:221,6
DA:222,1
DA:223,1
DA:227,5
DA:230,5
DA:231,1
DA:235,5
DA:238,5
DA:241,5
DA:242,5
DA:244,0
DA:245,0
DA:253,2
DA:254,2
DA:255,2
DA:256,1
DA:263,1
DA:264,1
DA:265,1
DA:266,1
DA:268,0
DA:277,4
DA:278,2
DA:279,2
DA:284,4
DA:291,3
DA:292,1
DA:299,4
DA:300,4
DA:301,3
DA:309,4
DA:316,3
DA:323,3
DA:330,2
DA:337,1
DA:350,2
DA:351,2
DA:352,2
DA:353,2
DA:354,2
DA:361,2
DA:362,1
DA:363,1
DA:368,2
DA:369,2
DA:370,2
DA:375,1
LF:95
LH:85
BRDA:131,0,0,15
BRDA:131,0,1,0
BRDA:139,1,0,8
BRDA:139,1,1,0
BRDA:142,2,0,0
BRDA:142,2,1,8
BRDA:153,3,0,1
BRDA:153,3,1,5
BRDA:155,4,0,0
BRDA:155,4,1,5
BRDA:181,5,0,0
BRDA:181,5,1,4
BRDA:186,6,0,1
BRDA:186,6,1,3
BRDA:208,7,0,7
BRDA:209,8,0,1
BRDA:209,8,1,7
BRDA:209,9,0,8
BRDA:209,9,1,8
BRDA:213,10,0,1
BRDA:213,10,1,6
BRDA:213,11,0,7
BRDA:213,11,1,1
BRDA:221,12,0,1
BRDA:221,12,1,5
BRDA:223,13,0,1
BRDA:223,13,1,0
BRDA:230,14,0,1
BRDA:230,14,1,4
BRDA:230,15,0,5
BRDA:230,15,1,5
BRDA:235,16,0,0
BRDA:235,16,1,5
BRDA:252,17,0,2
BRDA:253,18,0,0
BRDA:253,18,1,2
BRDA:255,19,0,1
BRDA:255,19,1,1
BRDA:264,20,0,1
BRDA:264,20,1,0
BRDA:300,21,0,3
BRDA:300,21,1,1
BRDA:350,22,0,1
BRDA:350,22,1,1
BRDA:351,23,0,1
BRDA:351,23,1,1
BRDA:352,24,0,2
BRDA:352,24,1,0
BRDA:353,25,0,0
BRDA:353,25,1,2
BRDA:354,26,0,1
BRDA:354,26,1,1
BRF:52
BRH:41
end_of_record
TN:
SF:src\services\api.js
FN:34,(anonymous_0)
FN:46,(anonymous_1)
FN:47,(anonymous_2)
FN:59,(anonymous_3)
FN:92,(anonymous_4)
FN:97,(anonymous_5)
FN:100,(anonymous_6)
FN:106,(anonymous_7)
FN:127,(anonymous_8)
FN:143,(anonymous_9)
FN:152,(anonymous_10)
FN:157,(anonymous_11)
FN:162,(anonymous_12)
FN:173,(anonymous_13)
FN:184,(anonymous_14)
FN:189,(anonymous_15)
FN:195,(anonymous_16)
FN:200,(anonymous_17)
FN:216,(anonymous_18)
FN:221,(anonymous_19)
FN:232,(anonymous_20)
FN:237,(anonymous_21)
FN:251,(anonymous_22)
FN:259,(anonymous_23)
FN:281,(anonymous_24)
FN:289,(anonymous_25)
FN:304,(anonymous_26)
FN:318,(anonymous_27)
FN:323,(anonymous_28)
FN:331,(anonymous_29)
FN:336,(anonymous_30)
FN:341,(anonymous_31)
FN:346,(anonymous_32)
FN:351,(anonymous_33)
FN:357,(anonymous_34)
FN:385,(anonymous_35)
FN:393,(anonymous_36)
FN:403,(anonymous_37)
FN:415,(anonymous_38)
FN:423,(anonymous_39)
FN:431,(anonymous_40)
FN:439,(anonymous_41)
FN:453,(anonymous_42)
FN:458,(anonymous_43)
FNF:44
FNH:20
FNDA:0,(anonymous_0)
FNDA:0,(anonymous_1)
FNDA:0,(anonymous_2)
FNDA:0,(anonymous_3)
FNDA:0,(anonymous_4)
FNDA:0,(anonymous_5)
FNDA:2,(anonymous_6)
FNDA:9,(anonymous_7)
FNDA:4,(anonymous_8)
FNDA:4,(anonymous_9)
FNDA:0,(anonymous_10)
FNDA:0,(anonymous_11)
FNDA:5,(anonymous_12)
FNDA:3,(anonymous_13)
FNDA:0,(anonymous_14)
FNDA:0,(anonymous_15)
FNDA:0,(anonymous_16)
FNDA:5,(anonymous_17)
FNDA:0,(anonymous_18)
FNDA:0,(anonymous_19)
FNDA:0,(anonymous_20)
FNDA:5,(anonymous_21)
FNDA:4,(anonymous_22)
FNDA:3,(anonymous_23)
FNDA:2,(anonymous_24)
FNDA:4,(anonymous_25)
FNDA:2,(anonymous_26)
FNDA:0,(anonymous_27)
FNDA:0,(anonymous_28)
FNDA:0,(anonymous_29)
FNDA:0,(anonymous_30)
FNDA:0,(anonymous_31)
FNDA:0,(anonymous_32)
FNDA:0,(anonymous_33)
FNDA:8,(anonymous_34)
FNDA:2,(anonymous_35)
FNDA:2,(anonymous_36)
FNDA:2,(anonymous_37)
FNDA:0,(anonymous_38)
FNDA:1,(anonymous_39)
FNDA:1,(anonymous_40)
FNDA:6,(anonymous_41)
FNDA:0,(anonymous_42)
FNDA:0,(anonymous_43)
DA:17,1
DA:20,1
DA:27,1
DA:34,1
DA:35,0
DA:36,0
DA:38,0
DA:39,0
DA:41,0
DA:45,1
DA:46,0
DA:48,0
DA:51,0
DA:52,0
DA:53,0
DA:54,0
DA:56,0
DA:59,0
DA:60,0
DA:61,0
DA:64,0
DA:68,0
DA:69,0
DA:71,0
DA:72,0
DA:73,0
DA:75,0
DA:76,0
DA:77,0
DA:79,0
DA:80,0
DA:85,0
DA:92,1
DA:97,1
DA:99,1
DA:101,2
DA:102,2
DA:103,2
DA:108,9
DA:109,9
DA:110,3
DA:114,6
DA:115,6
DA:116,3
DA:119,3
DA:124,3
DA:128,4
DA:130,4
DA:131,2
DA:132,2
DA:133,1
DA:135,1
DA:136,1
DA:138,2
DA:139,2
DA:144,4
DA:145,4
DA:146,3
DA:148,1
DA:149,1
DA:153,0
DA:154,0
DA:158,0
DA:159,0
DA:163,5
DA:164,5
DA:165,2
DA:167,3
DA:170,3
DA:174,3
DA:175,3
DA:176,3
DA:178,0
DA:181,0
DA:185,0
DA:186,0
DA:191,0
DA:192,0
DA:196,0
DA:197,0
DA:202,5
DA:203,5
DA:204,1
DA:207,4
DA:213,4
DA:217,0
DA:218,0
DA:222,0
DA:223,0
DA:225,0
DA:228,0
DA:233,0
DA:234,0
DA:239,5
DA:240,5
DA:241,2
DA:244,3
DA:248,3
DA:252,4
DA:253,2
DA:255,2
DA:256,2
DA:260,3
DA:261,1
DA:265,2
DA:266,2
DA:267,1
DA:268,1
DA:269,0
DA:271,1
DA:273,2
DA:274,1
DA:277,2
DA:278,2
DA:282,2
DA:283,2
DA:285,0
DA:286,0
DA:290,4
DA:291,1
DA:293,3
DA:294,3
DA:295,3
DA:298,0
DA:301,0
DA:305,2
DA:306,1
DA:308,1
DA:309,1
DA:310,1
DA:313,0
DA:314,0
DA:319,0
DA:320,0
DA:324,0
DA:328,0
DA:332,0
DA:333,0
DA:337,0
DA:338,0
DA:342,0
DA:343,0
DA:347,0
DA:348,0
DA:352,0
DA:353,0
DA:358,8
DA:362,8
DA:363,8
DA:364,5
DA:365,1
DA:367,4
DA:370,7
DA:371,0
DA:374,7
DA:375,3
DA:376,3
DA:377,2
DA:381,7
DA:382,7
DA:386,2
DA:387,2
DA:389,0
DA:390,0
DA:395,2
DA:396,2
DA:399,0
DA:400,0
DA:404,2
DA:405,1
DA:407,1
DA:408,1
DA:411,0
DA:412,0
DA:416,0
DA:417,0
DA:419,0
DA:420,0
DA:424,1
DA:425,1
DA:427,0
DA:428,0
DA:432,1
DA:433,1
DA:435,0
DA:436,0
DA:441,6
DA:442,6
DA:443,1
DA:446,5
DA:449,5
DA:454,0
DA:455,0
DA:459,0
DA:460,0
LF:195
LH:108
BRDA:17,0,0,1
BRDA:17,0,1,1
BRDA:36,1,0,0
BRDA:36,1,1,0
BRDA:51,2,0,0
BRDA:51,2,1,0
BRDA:54,3,0,0
BRDA:54,3,1,0
BRDA:68,4,0,0
BRDA:68,4,1,0
BRDA:68,5,0,0
BRDA:68,5,1,0
BRDA:72,6,0,0
BRDA:72,6,1,0
BRDA:100,7,0,0
BRDA:109,8,0,3
BRDA:109,8,1,6
BRDA:115,9,0,3
BRDA:115,9,1,3
BRDA:127,10,0,0
BRDA:127,11,0,0
BRDA:130,12,0,2
BRDA:130,12,1,2
BRDA:132,13,0,1
BRDA:132,13,1,1
BRDA:145,14,0,3
BRDA:145,14,1,1
BRDA:164,15,0,2
BRDA:164,15,1,3
BRDA:175,16,0,3
BRDA:175,16,1,0
BRDA:200,17,0,4
BRDA:200,18,0,4
BRDA:203,19,0,1
BRDA:203,19,1,4
BRDA:222,20,0,0
BRDA:222,20,1,0
BRDA:222,21,0,0
BRDA:222,21,1,0
BRDA:237,22,0,4
BRDA:240,23,0,2
BRDA:240,23,1,3
BRDA:246,24,0,1
BRDA:246,24,1,2
BRDA:252,25,0,2
BRDA:252,25,1,2
BRDA:260,26,0,1
BRDA:260,26,1,2
BRDA:266,27,0,1
BRDA:266,27,1,1
BRDA:268,28,0,0
BRDA:268,28,1,1
BRDA:273,29,0,1
BRDA:273,29,1,1
BRDA:282,30,0,2
BRDA:282,30,1,0
BRDA:290,31,0,1
BRDA:290,31,1,3
BRDA:294,32,0,3
BRDA:294,32,1,0
BRDA:305,33,0,1
BRDA:305,33,1,1
BRDA:309,34,0,1
BRDA:309,34,1,0
BRDA:323,35,0,0
BRDA:357,36,0,0
BRDA:363,37,0,5
BRDA:363,37,1,3
BRDA:364,38,0,1
BRDA:364,38,1,4
BRDA:370,39,0,0
BRDA:370,39,1,7
BRDA:374,40,0,3
BRDA:374,40,1,4
BRDA:376,41,0,2
BRDA:376,41,1,1
BRDA:386,42,0,2
BRDA:386,42,1,0
BRDA:395,43,0,2
BRDA:395,43,1,0
BRDA:395,44,0,2
BRDA:395,44,1,1
BRDA:404,45,0,1
BRDA:404,45,1,1
BRDA:407,46,0,1
BRDA:407,46,1,0
BRDA:407,47,0,1
BRDA:407,47,1,0
BRDA:416,48,0,0
BRDA:416,48,1,0
BRDA:424,49,0,1
BRDA:424,49,1,0
BRDA:432,50,0,1
BRDA:432,50,1,0
BRDA:442,51,0,1
BRDA:442,51,1,5
BRDA:442,52,0,6
BRDA:442,52,1,6
BRDA:447,53,0,5
BRDA:447,53,1,0
BRF:100
BRH:64
end_of_record
TN:
SF:src\styles\colors.js
FNF:0
FNH:0
DA:6,4
LF:1
LH:1
BRF:0
BRH:0
end_of_record
TN:
SF:src\styles\kidTheme.js
FN:223,(anonymous_0)
FN:230,(anonymous_1)
FN:367,(anonymous_2)
FNF:3
FNH:3
FNDA:1,(anonymous_0)
FNDA:1,(anonymous_1)
FNDA:1,(anonymous_2)
DA:14,3
DA:15,3
DA:21,3
DA:36,3
DA:58,3
DA:71,3
DA:102,3
DA:186,3
DA:223,1
DA:230,1
DA:243,3
DA:258,3
DA:297,3
DA:347,3
DA:362,3
DA:367,1
DA:375,3
LF:17
LH:17
BRDA:46,0,0,0
BRDA:46,0,1,3
BRDA:48,1,0,0
BRDA:48,1,1,3
BRDA:50,2,0,0
BRDA:50,2,1,3
BRDA:62,3,0,0
BRDA:62,3,1,3
BRDA:63,4,0,0
BRDA:63,4,1,3
BRDA:64,5,0,0
BRDA:64,5,1,3
BRDA:65,6,0,0
BRDA:65,6,1,3
BRDA:66,7,0,0
BRDA:66,7,1,3
BRDA:67,8,0,0
BRDA:67,8,1,3
BRDA:68,9,0,0
BRDA:68,9,1,3
BRDA:338,10,0,0
BRDA:338,10,1,3
BRDA:339,11,0,0
BRDA:339,11,1,3
BRDA:340,12,0,0
BRDA:340,12,1,3
BRDA:367,13,0,0
BRDA:367,13,1,1
BRDA:369,14,0,0
BRDA:369,14,1,3
BRF:30
BRH:15
end_of_record
TN:
SF:src\types\badges.ts
FNF:0
FNH:0
DA:104,1
DA:123,1
LF:2
LH:2
BRF:0
BRH:0
end_of_record
TN:
SF:src\utils\ageVerification.js
FN:20,(anonymous_0)
FN:37,(anonymous_1)
FN:50,(anonymous_2)
FN:64,(anonymous_3)
FN:72,(anonymous_4)
FNF:5
FNH:5
FNDA:14,(anonymous_0)
FNDA:4,(anonymous_1)
FNDA:2,(anonymous_2)
FNDA:5,(anonymous_3)
FNDA:5,(anonymous_4)
DA:14,1
DA:15,1
DA:20,1
DA:21,14
DA:22,14
DA:23,13
DA:24,10
DA:26,3
DA:28,2
DA:29,2
DA:37,1
DA:38,4
DA:39,4
DA:40,3
DA:42,1
DA:43,1
DA:50,1
DA:51,2
DA:52,2
DA:53,1
DA:54,1
DA:56,1
DA:57,1
DA:64,1
DA:65,5
DA:66,5
DA:72,1
DA:73,5
DA:74,5
LF:29
LH:29
BRDA:23,0,0,10
BRDA:23,0,1,3
BRF:2
BRH:2
end_of_record
TN:
SF:src\utils\logger.js
FN:10,(anonymous_0)
FN:16,(anonymous_1)
FN:22,(anonymous_2)
FN:28,(anonymous_3)
FN:34,(anonymous_4)
FNF:5
FNH:5
FNDA:29,(anonymous_0)
FNDA:23,(anonymous_1)
FNDA:43,(anonymous_2)
FNDA:2,(anonymous_3)
FNDA:2,(anonymous_4)
DA:7,32
DA:9,32
DA:11,29
DA:12,27
DA:17,23
DA:18,22
DA:23,43
DA:24,41
DA:29,2
DA:30,1
DA:35,2
DA:36,1
LF:12
LH:12
BRDA:11,0,0,27
BRDA:11,0,1,2
BRDA:17,1,0,22
BRDA:17,1,1,1
BRDA:23,2,0,41
BRDA:23,2,1,2
BRDA:29,3,0,1
BRDA:29,3,1,1
BRDA:35,4,0,1
BRDA:35,4,1,1
BRF:10
BRH:10
end_of_record
TN:
SF:src\utils\tutorialStorage.js
FN:6,(anonymous_0)
FN:16,(anonymous_1)
FN:26,(anonymous_2)
FNF:3
FNH:0
FNDA:0,(anonymous_0)
FNDA:0,(anonymous_1)
FNDA:0,(anonymous_2)
DA:4,0
DA:6,0
DA:7,0
DA:8,0
DA:9,0
DA:11,0
DA:12,0
DA:16,0
DA:17,0
DA:18,0
DA:19,0
DA:21,0
DA:22,0
DA:26,0
DA:27,0
DA:28,0
DA:29,0
DA:31,0
DA:32,0
LF:19
LH:0
BRDA:18,0,0,0
BRDA:18,0,1,0
BRF:2
BRH:0
end_of_record
TN:
SF:src\utils\validation.js
FN:10,(anonymous_0)
FN:31,(anonymous_1)
FN:57,(anonymous_2)
FN:77,(anonymous_3)
FN:94,(anonymous_4)
FN:114,(anonymous_5)
FN:145,(anonymous_6)
FN:164,(anonymous_7)
FN:181,(anonymous_8)
FN:194,(anonymous_9)
FN:207,(anonymous_10)
FN:220,(anonymous_11)
FNF:12
FNH:12
FNDA:39,(anonymous_0)
FNDA:19,(anonymous_1)
FNDA:9,(anonymous_2)
FNDA:5,(anonymous_3)
FNDA:30,(anonymous_4)
FNDA:9,(anonymous_5)
FNDA:61,(anonymous_6)
FNDA:20,(anonymous_7)
FNDA:36,(anonymous_8)
FNDA:16,(anonymous_9)
FNDA:24,(anonymous_10)
FNDA:15,(anonymous_11)
DA:10,2
DA:11,39
DA:12,12
DA:16,27
DA:19,27
DA:22,27
DA:24,27
DA:31,2
DA:32,19
DA:34,19
DA:35,10
DA:38,9
DA:39,0
DA:42,9
DA:43,0
DA:47,9
DA:48,0
DA:51,9
DA:57,2
DA:58,9
DA:59,2
DA:63,7
DA:66,7
DA:69,7
DA:71,7
DA:77,2
DA:78,5
DA:79,3
DA:82,2
DA:84,2
DA:85,0
DA:88,2
DA:94,2
DA:95,30
DA:96,8
DA:100,22
DA:103,22
DA:106,22
DA:108,22
DA:114,2
DA:115,9
DA:117,9
DA:118,2
DA:121,7
DA:122,2
DA:125,5
DA:126,0
DA:130,5
DA:131,2
DA:135,3
DA:136,0
DA:139,3
DA:145,2
DA:146,61
DA:147,34
DA:150,27
DA:151,15
DA:152,15
DA:153,11
DA:155,4
DA:158,12
DA:164,2
DA:165,20
DA:167,20
DA:168,7
DA:171,13
DA:172,2
DA:175,11
DA:181,2
DA:182,36
DA:184,36
DA:185,21
DA:188,15
DA:194,2
DA:195,16
DA:197,16
DA:198,7
DA:201,9
DA:207,2
DA:208,24
DA:210,24
DA:211,7
DA:214,17
DA:220,2
DA:221,15
DA:223,15
DA:224,7
DA:227,8
LF:88
LH:82
BRDA:11,0,0,12
BRDA:11,0,1,27
BRDA:11,1,0,39
BRDA:11,1,1,30
BRDA:34,2,0,10
BRDA:34,2,1,9
BRDA:38,3,0,0
BRDA:38,3,1,9
BRDA:42,4,0,0
BRDA:42,4,1,9
BRDA:47,5,0,0
BRDA:47,5,1,9
BRDA:58,6,0,2
BRDA:58,6,1,7
BRDA:58,7,0,9
BRDA:58,7,1,7
BRDA:78,8,0,3
BRDA:78,8,1,2
BRDA:84,9,0,0
BRDA:84,9,1,2
BRDA:95,10,0,8
BRDA:95,10,1,22
BRDA:95,11,0,30
BRDA:95,11,1,22
BRDA:117,12,0,2
BRDA:117,12,1,7
BRDA:121,13,0,2
BRDA:121,13,1,5
BRDA:125,14,0,0
BRDA:125,14,1,5
BRDA:130,15,0,2
BRDA:130,15,1,3
BRDA:135,16,0,0
BRDA:135,16,1,3
BRDA:146,17,0,34
BRDA:146,17,1,27
BRDA:150,18,0,15
BRDA:150,18,1,12
BRDA:152,19,0,11
BRDA:152,19,1,4
BRDA:164,20,0,4
BRDA:167,21,0,7
BRDA:167,21,1,13
BRDA:167,22,0,20
BRDA:167,22,1,13
BRDA:171,23,0,2
BRDA:171,23,1,11
BRDA:184,24,0,21
BRDA:184,24,1,15
BRDA:184,25,0,36
BRDA:184,25,1,29
BRDA:184,25,2,22
BRDA:197,26,0,7
BRDA:197,26,1,9
BRDA:207,27,0,1
BRDA:210,28,0,7
BRDA:210,28,1,17
BRDA:210,29,0,24
BRDA:210,29,1,22
BRDA:223,30,0,7
BRDA:223,30,1,8
BRDA:223,31,0,15
BRDA:223,31,1,12
BRF:63
BRH:57
end_of_record
TN:
SF:src\utils\xpSystem.js
FN:16,(anonymous_0)
FN:26,(anonymous_1)
FN:35,(anonymous_2)
FN:63,(anonymous_3)
FN:73,(anonymous_4)
FN:85,(anonymous_5)
FNF:6
FNH:6
FNDA:299,(anonymous_0)
FNDA:40,(anonymous_1)
FNDA:5,(anonymous_2)
FNDA:118,(anonymous_3)
FNDA:120,(anonymous_4)
FNDA:10,(anonymous_5)
DA:2,1
DA:16,1
DA:17,299
DA:26,1
DA:27,40
DA:35,1
DA:36,5
DA:37,5
DA:39,5
DA:40,5
DA:42,5
DA:43,5
DA:45,5
DA:47,5
DA:63,1
DA:64,118
DA:73,1
DA:74,120
DA:75,120
DA:76,120
DA:85,1
DA:86,10
DA:87,3
DA:90,7
DA:91,7
DA:93,7
LF:26
LH:26
BRDA:64,0,0,118
BRDA:64,0,1,6
BRDA:86,1,0,3
BRDA:86,1,1,7
BRF:4
BRH:4
end_of_record
